Log file open, 07/24/23 01:42:34
LogWindows: Failed to load 'aqProf.dll' (GetLastError=126)
LogWindows: File 'aqProf.dll' does not exist
LogWindows: Failed to load 'VtuneApi.dll' (GetLastError=126)
LogWindows: File 'VtuneApi.dll' does not exist
LogWindows: Failed to load 'VtuneApi32e.dll' (GetLastError=126)
LogWindows: File 'VtuneApi32e.dll' does not exist
LogConsoleResponse: Display: Failed to find resolution value strings in scalability ini. Falling back to default.
LogConsoleResponse: Display: Failed to find resolution value strings in scalability ini. Falling back to default.
LogInit: Display: Running engine for game: JamesStimac
LogPlatformFile: Not using cached read wrapper
LogTaskGraph: Started task graph with 5 named threads and 59 total threads with 3 sets of task threads.
LogStats: Stats thread started at 0.147202
LogICUInternationalization: ICU TimeZone Detection - Raw Offset: -5:00, Platform Override: ''
LogInit: Display: Loading text-based GConfig....
LogPluginManager: Mounting plugin MeshPainting
LogPluginManager: Mounting plugin XGEController
LogPluginManager: Mounting plugin Paper2D
LogPluginManager: Mounting plugin AISupport
LogPluginManager: Mounting plugin EnvironmentQueryEditor
LogPluginManager: Mounting plugin LiveLink
LogPluginManager: Mounting plugin GameplayCameras
LogPluginManager: Mounting plugin CameraShakePreviewer
LogPluginManager: Mounting plugin OodleData
LogPluginManager: Mounting plugin OodleNetwork
LogPluginManager: Mounting plugin CLionSourceCodeAccess
LogPluginManager: Mounting plugin AnimationSharing
LogPluginManager: Mounting plugin LightPropagationVolume
LogPluginManager: Mounting plugin KDevelopSourceCodeAccess
LogPluginManager: Mounting plugin GitSourceControl
LogPluginManager: Mounting plugin CodeLiteSourceCodeAccess
LogPluginManager: Mounting plugin NullSourceCodeAccess
LogPluginManager: Mounting plugin PerforceSourceControl
LogPluginManager: Mounting plugin PlasticSourceControl
LogPluginManager: Mounting plugin PixWinPlugin
LogPluginManager: Mounting plugin PluginUtils
LogPluginManager: Mounting plugin SubversionSourceControl
LogPluginManager: Mounting plugin PropertyAccessNode
LogPluginManager: Mounting plugin TextureFormatOodle
LogPluginManager: Mounting plugin RiderSourceCodeAccess
LogPluginManager: Mounting plugin VisualStudioSourceCodeAccess
LogPluginManager: Mounting plugin UObjectPlugin
LogPluginManager: Mounting plugin VisualStudioCodeSourceCodeAccess
LogPluginManager: Mounting plugin XCodeSourceCodeAccess
LogPluginManager: Mounting plugin DatasmithContent
LogPluginManager: Mounting plugin VariantManagerContent
LogPluginManager: Mounting plugin Niagara
LogPluginManager: Mounting plugin AndroidMedia
LogPluginManager: Mounting plugin AvfMedia
LogPluginManager: Mounting plugin ImgMedia
LogPluginManager: Mounting plugin MediaCompositing
LogPluginManager: Mounting plugin MediaPlayerEditor
LogPluginManager: Mounting plugin WebMMedia
LogPluginManager: Mounting plugin WmfMedia
LogPluginManager: Mounting plugin TcpMessaging
LogPluginManager: Mounting plugin UdpMessaging
LogPluginManager: Mounting plugin AlembicImporter
LogPluginManager: Mounting plugin BackChannel
LogPluginManager: Mounting plugin AutomationUtils
LogPluginManager: Mounting plugin ChaosCloth
LogPluginManager: Mounting plugin ChaosNiagara
LogPluginManager: Mounting plugin ChaosClothEditor
LogPluginManager: Mounting plugin ChaosEditor
LogPluginManager: Mounting plugin ChaosSolverPlugin
LogPluginManager: Mounting plugin CharacterAI
LogPluginManager: Mounting plugin GeometryCache
LogPluginManager: Mounting plugin GeometryCollectionPlugin
LogPluginManager: Mounting plugin GeometryProcessing
LogPluginManager: Mounting plugin OnlineSubsystem
LogPluginManager: Mounting plugin MotoSynth
LogPluginManager: Mounting plugin OpenImageDenoise
LogPluginManager: Mounting plugin PlanarCut
LogPluginManager: Mounting plugin PlatformCrypto
LogPluginManager: Mounting plugin ProxyLODPlugin
LogPluginManager: Mounting plugin PythonScriptPlugin
LogPluginManager: Mounting plugin OnlineSubsystemNull
LogPluginManager: Mounting plugin OnlineSubsystemUtils
LogPluginManager: Mounting plugin LuminPlatformFeatures
LogPluginManager: Mounting plugin SkeletalReduction
LogPluginManager: Mounting plugin MagicLeap
LogPluginManager: Mounting plugin MagicLeapLightEstimation
LogPluginManager: Mounting plugin MagicLeapMedia
LogPluginManager: Mounting plugin MagicLeapPassableWorld
LogPluginManager: Mounting plugin MLSDK
LogPluginManager: Mounting plugin LauncherChunkInstaller
LogPluginManager: Mounting plugin ActorSequence
LogPluginManager: Mounting plugin LevelSequenceEditor
LogPluginManager: Mounting plugin MatineeToLevelSequence
LogPluginManager: Mounting plugin ActorLayerUtilities
LogPluginManager: Mounting plugin AndroidMoviePlayer
LogPluginManager: Mounting plugin AndroidDeviceProfileSelector
LogPluginManager: Mounting plugin AndroidPermission
LogPluginManager: Mounting plugin AppleImageUtils
LogPluginManager: Mounting plugin AudioCapture
LogPluginManager: Mounting plugin AppleMoviePlayer
LogPluginManager: Mounting plugin ArchVisCharacter
LogPluginManager: Mounting plugin AssetTags
LogPluginManager: Mounting plugin ChunkDownloader
LogPluginManager: Mounting plugin TemplateSequence
LogPluginManager: Mounting plugin AudioSynesthesia
LogPluginManager: Mounting plugin CableComponent
LogPluginManager: Mounting plugin CustomMeshComponent
LogPluginManager: Mounting plugin EditableMesh
LogPluginManager: Mounting plugin ExampleDeviceProfileSelector
LogPluginManager: Mounting plugin GooglePAD
LogPluginManager: Mounting plugin GoogleCloudMessaging
LogPluginManager: Mounting plugin LinuxDeviceProfileSelector
LogPluginManager: Mounting plugin IOSDeviceProfileSelector
LogPluginManager: Mounting plugin LocationServicesBPLibrary
LogPluginManager: Mounting plugin MobilePatchingUtils
LogPluginManager: Mounting plugin OpenXREyeTracker
LogPluginManager: Mounting plugin OpenXRHandTracking
LogPluginManager: Mounting plugin OpenXR
LogPluginManager: Mounting plugin PostSplashScreen
LogPluginManager: Mounting plugin ProceduralMeshComponent
LogPluginManager: Mounting plugin PhysXVehicles
LogPluginManager: Mounting plugin RuntimePhysXCooking
LogPluginManager: Mounting plugin PropertyAccessEditor
LogPluginManager: Mounting plugin SignificanceManager
LogPluginManager: Mounting plugin SoundFields
LogPluginManager: Mounting plugin Synthesis
LogPluginManager: Mounting plugin WebMMoviePlayer
LogPluginManager: Mounting plugin WindowsMoviePlayer
LogPluginManager: Mounting plugin ScreenshotTools
LogPluginManager: Mounting plugin AssetManagerEditor
LogPluginManager: Mounting plugin Takes
LogPluginManager: Mounting plugin CryptoKeys
LogPluginManager: Mounting plugin CurveEditorTools
LogPluginManager: Mounting plugin DataValidation
LogPluginManager: Mounting plugin FacialAnimation
LogPluginManager: Mounting plugin GeometryMode
LogPluginManager: Mounting plugin GameplayTagsEditor
LogPluginManager: Mounting plugin MacGraphicsSwitching
LogPluginManager: Mounting plugin MaterialAnalyzer
LogPluginManager: Mounting plugin MobileLauncherProfileWizard
LogPluginManager: Mounting plugin SpeedTreeImporter
LogPluginManager: Mounting plugin PluginBrowser
LogPluginManager: Mounting plugin OnlineSubsystemGooglePlay
LogPluginManager: Mounting plugin OnlineSubsystemIOS
LogPluginManager: Mounting plugin OculusVR
LogPluginManager: Mounting plugin SteamVR
LogPluginManager: Mounting plugin ContentBrowserAssetDataSource
LogPluginManager: Mounting plugin ContentBrowserClassDataSource
LogPluginManager: Mounting plugin ContentBrowserFileDataSource
PixWinPlugin: PIX capture plugin failed to initialize! Check that the process is launched from PIX.
LogInit: Using libcurl 7.55.1-DEV
LogInit:  - built for x86_64-pc-win32
LogInit:  - supports SSL with OpenSSL/1.1.1
LogInit:  - supports HTTP deflate (compression) using libz 1.2.8
LogInit:  - other features:
LogInit:      CURL_VERSION_SSL
LogInit:      CURL_VERSION_LIBZ
LogInit:      CURL_VERSION_IPV6
LogInit:      CURL_VERSION_ASYNCHDNS
LogInit:      CURL_VERSION_LARGEFILE
LogInit:      CURL_VERSION_IDN
LogInit:  CurlRequestOptions (configurable via config and command line):
LogInit:  - bVerifyPeer = true  - Libcurl will verify peer certificate
LogInit:  - bUseHttpProxy = false  - Libcurl will NOT use HTTP proxy
LogInit:  - bDontReuseConnections = false  - Libcurl will reuse connections
LogInit:  - MaxHostConnections = 16  - Libcurl will limit the number of connections to a host
LogInit:  - LocalHostAddr = Default
LogInit:  - BufferSize = 65536
LogOnline: OSS: Creating online subsystem instance for: NULL
LogInit: WinSock: version 1.1 (2.2), MaxSocks=32767, MaxUdp=65467
LogOnline: OSS: TryLoadSubsystemAndSetDefault: Loaded subsystem for module [NULL]
LogOculusPluginWrapper: OculusPlugin initialized successfully
LogHMD: Failed initializing OVRPlugin 1.59.0
LogInit: Build: ++UE4+Release-4.27-CL-18319896
LogInit: Engine Version: 4.27.2-18319896+++UE4+Release-4.27
LogInit: Compatible Engine Version: 4.27.0-17155196+++UE4+Release-4.27
LogInit: Net CL: 17155196
LogInit: OS: Windows 10 (Release 2009) (), CPU: 12th Gen Intel(R) Core(TM) i7-12700KF, GPU: NVIDIA GeForce RTX 4060 Ti
LogInit: Compiled (64-bit): Nov 30 2021 07:12:08
LogInit: Compiled with Visual C++: 19.24.28315.00
LogInit: Build Configuration: Development
LogInit: Branch Name: ++UE4+Release-4.27
LogInit: Command Line: 
LogInit: Base Directory: C:/Program Files/Epic Games/UE_4.27/Engine/Binaries/Win64/
LogInit: Allocator: TBB
LogInit: Installed Engine Build: 1
LogDevObjectVersion: Number of dev versions registered: 29
LogDevObjectVersion:   Dev-Blueprints (B0D832E4-1F89-4F0D-ACCF-7EB736FD4AA2): 10
LogDevObjectVersion:   Dev-Build (E1C64328-A22C-4D53-A36C-8E866417BD8C): 0
LogDevObjectVersion:   Dev-Core (375EC13C-06E4-48FB-B500-84F0262A717E): 4
LogDevObjectVersion:   Dev-Editor (E4B068ED-F494-42E9-A231-DA0B2E46BB41): 40
LogDevObjectVersion:   Dev-Framework (CFFC743F-43B0-4480-9391-14DF171D2073): 37
LogDevObjectVersion:   Dev-Mobile (B02B49B5-BB20-44E9-A304-32B752E40360): 3
LogDevObjectVersion:   Dev-Networking (A4E4105C-59A1-49B5-A7C5-40C4547EDFEE): 0
LogDevObjectVersion:   Dev-Online (39C831C9-5AE6-47DC-9A44-9C173E1C8E7C): 0
LogDevObjectVersion:   Dev-Physics (78F01B33-EBEA-4F98-B9B4-84EACCB95AA2): 14
LogDevObjectVersion:   Dev-Platform (6631380F-2D4D-43E0-8009-CF276956A95A): 0
LogDevObjectVersion:   Dev-Rendering (12F88B9F-8875-4AFC-A67C-D90C383ABD29): 45
LogDevObjectVersion:   Dev-Sequencer (7B5AE74C-D270-4C10-A958-57980B212A5A): 13
LogDevObjectVersion:   Dev-VR (D7296918-1DD6-4BDD-9DE2-64A83CC13884): 3
LogDevObjectVersion:   Dev-LoadTimes (C2A15278-BFE7-4AFE-6C17-90FF531DF755): 1
LogDevObjectVersion:   Private-Geometry (6EACA3D4-40EC-4CC1-B786-8BED09428FC5): 3
LogDevObjectVersion:   Dev-AnimPhys (29E575DD-E0A3-4627-9D10-D276232CDCEA): 17
LogDevObjectVersion:   Dev-Anim (AF43A65D-7FD3-4947-9873-3E8ED9C1BB05): 15
LogDevObjectVersion:   Dev-ReflectionCapture (6B266CEC-1EC7-4B8F-A30B-E4D90942FC07): 1
LogDevObjectVersion:   Dev-Automation (0DF73D61-A23F-47EA-B727-89E90C41499A): 1
LogDevObjectVersion:   FortniteMain (601D1886-AC64-4F84-AA16-D3DE0DEAC7D6): 47
LogDevObjectVersion:   FortniteRelease (E7086368-6B23-4C58-8439-1B7016265E91): 1
LogDevObjectVersion:   Dev-Enterprise (9DFFBCD6-494F-0158-E221-12823C92A888): 10
LogDevObjectVersion:   Dev-Niagara (F2AED0AC-9AFE-416F-8664-AA7FFA26D6FC): 1
LogDevObjectVersion:   Dev-Destruction (174F1F0B-B4C6-45A5-B13F-2EE8D0FB917D): 10
LogDevObjectVersion:   Dev-Physics-Ext (35F94A83-E258-406C-A318-09F59610247C): 41
LogDevObjectVersion:   Dev-PhysicsMaterial-Chaos (B68FC16E-8B1B-42E2-B453-215C058844FE): 1
LogDevObjectVersion:   Dev-CineCamera (B2E18506-4273-CFC2-A54E-F4BB758BBA07): 1
LogDevObjectVersion:   Dev-VirtualProduction (64F58936-FD1B-42BA-BA96-7289D5D0FA4E): 1
LogDevObjectVersion:   Dev-MediaFramework (6F0ED827-A609-4895-9C91-998D90180EA4): 2
LogInit: Presizing for max 25165824 objects, including 0 objects not considered by GC, pre-allocating 0 bytes for permanent pool.
LogConfig: Applying CVar settings from Section [/Script/Engine.StreamingSettings] File [C:/Users/james/Projects/SNHU/GAM312/JamesStimac/Saved/Config/Windows/Engine.ini]
LogConfig: Setting CVar [[s.MinBulkDataSizeForAsyncLoading:131072]]
LogConfig: Setting CVar [[s.AsyncLoadingThreadEnabled:0]]
LogConfig: Setting CVar [[s.EventDrivenLoaderEnabled:1]]
LogConfig: Setting CVar [[s.WarnIfTimeLimitExceeded:0]]
LogConfig: Setting CVar [[s.TimeLimitExceededMultiplier:1.5]]
LogConfig: Setting CVar [[s.TimeLimitExceededMinTime:0.005]]
LogConfig: Setting CVar [[s.UseBackgroundLevelStreaming:1]]
LogConfig: Setting CVar [[s.PriorityAsyncLoadingExtraTime:15.0]]
LogConfig: Setting CVar [[s.LevelStreamingActorsUpdateTimeLimit:5.0]]
LogConfig: Setting CVar [[s.PriorityLevelStreamingActorsUpdateExtraTime:5.0]]
LogConfig: Setting CVar [[s.LevelStreamingComponentsRegistrationGranularity:10]]
LogConfig: Setting CVar [[s.UnregisterComponentsTimeLimit:1.0]]
LogConfig: Setting CVar [[s.LevelStreamingComponentsUnregistrationGranularity:5]]
LogConfig: Setting CVar [[s.FlushStreamingOnExit:1]]
LogInit: Object subsystem initialized
LogConfig: Setting CVar [[con.DebugEarlyDefault:1]]
LogConfig: Setting CVar [[r.setres:1280x720]]
[2023.07.24-05.42.34:538][  0]LogConfig: Setting CVar [[r.VSync:0]]
[2023.07.24-05.42.34:539][  0]LogConfig: Setting CVar [[r.RHICmdBypass:0]]
[2023.07.24-05.42.34:539][  0]LogConfig: Applying CVar settings from Section [/Script/Engine.RendererSettings] File [C:/Users/james/Projects/SNHU/GAM312/JamesStimac/Saved/Config/Windows/Engine.ini]
[2023.07.24-05.42.34:539][  0]LogConfig: Setting CVar [[r.GPUCrashDebugging:0]]
[2023.07.24-05.42.34:539][  0]LogConfig: Applying CVar settings from Section [/Script/Engine.RendererOverrideSettings] File [C:/Users/james/Projects/SNHU/GAM312/JamesStimac/Saved/Config/Windows/Engine.ini]
[2023.07.24-05.42.34:539][  0]LogConfig: Applying CVar settings from Section [/Script/Engine.StreamingSettings] File [C:/Users/james/Projects/SNHU/GAM312/JamesStimac/Saved/Config/Windows/Engine.ini]
[2023.07.24-05.42.34:539][  0]LogConfig: Setting CVar [[s.MinBulkDataSizeForAsyncLoading:131072]]
[2023.07.24-05.42.34:539][  0]LogConfig: Setting CVar [[s.AsyncLoadingThreadEnabled:0]]
[2023.07.24-05.42.34:539][  0]LogConfig: Setting CVar [[s.EventDrivenLoaderEnabled:1]]
[2023.07.24-05.42.34:539][  0]LogConfig: Setting CVar [[s.WarnIfTimeLimitExceeded:0]]
[2023.07.24-05.42.34:539][  0]LogConfig: Setting CVar [[s.TimeLimitExceededMultiplier:1.5]]
[2023.07.24-05.42.34:539][  0]LogConfig: Setting CVar [[s.TimeLimitExceededMinTime:0.005]]
[2023.07.24-05.42.34:539][  0]LogConfig: Setting CVar [[s.UseBackgroundLevelStreaming:1]]
[2023.07.24-05.42.34:539][  0]LogConfig: Setting CVar [[s.PriorityAsyncLoadingExtraTime:15.0]]
[2023.07.24-05.42.34:539][  0]LogConfig: Setting CVar [[s.LevelStreamingActorsUpdateTimeLimit:5.0]]
[2023.07.24-05.42.34:539][  0]LogConfig: Setting CVar [[s.PriorityLevelStreamingActorsUpdateExtraTime:5.0]]
[2023.07.24-05.42.34:539][  0]LogConfig: Setting CVar [[s.LevelStreamingComponentsRegistrationGranularity:10]]
[2023.07.24-05.42.34:539][  0]LogConfig: Setting CVar [[s.UnregisterComponentsTimeLimit:1.0]]
[2023.07.24-05.42.34:539][  0]LogConfig: Setting CVar [[s.LevelStreamingComponentsUnregistrationGranularity:5]]
[2023.07.24-05.42.34:539][  0]LogConfig: Setting CVar [[s.FlushStreamingOnExit:1]]
[2023.07.24-05.42.34:539][  0]LogConfig: Applying CVar settings from Section [/Script/Engine.GarbageCollectionSettings] File [C:/Users/james/Projects/SNHU/GAM312/JamesStimac/Saved/Config/Windows/Engine.ini]
[2023.07.24-05.42.34:539][  0]LogConfig: Setting CVar [[gc.MaxObjectsNotConsideredByGC:1]]
[2023.07.24-05.42.34:539][  0]LogConfig: Setting CVar [[gc.SizeOfPermanentObjectPool:0]]
[2023.07.24-05.42.34:539][  0]LogConfig: Setting CVar [[gc.FlushStreamingOnGC:0]]
[2023.07.24-05.42.34:539][  0]LogConfig: Setting CVar [[gc.NumRetriesBeforeForcingGC:10]]
[2023.07.24-05.42.34:539][  0]LogConfig: Setting CVar [[gc.AllowParallelGC:1]]
[2023.07.24-05.42.34:539][  0]LogConfig: Setting CVar [[gc.TimeBetweenPurgingPendingKillObjects:61.1]]
[2023.07.24-05.42.34:539][  0]LogConfig: Setting CVar [[gc.MaxObjectsInEditor:25165824]]
[2023.07.24-05.42.34:539][  0]LogConfig: Setting CVar [[gc.IncrementalBeginDestroyEnabled:1]]
[2023.07.24-05.42.34:539][  0]LogConfig: Setting CVar [[gc.CreateGCClusters:1]]
[2023.07.24-05.42.34:539][  0]LogConfig: Setting CVar [[gc.MinGCClusterSize:5]]
[2023.07.24-05.42.34:539][  0]LogConfig: Setting CVar [[gc.ActorClusteringEnabled:0]]
[2023.07.24-05.42.34:539][  0]LogConfig: Setting CVar [[gc.BlueprintClusteringEnabled:0]]
[2023.07.24-05.42.34:539][  0]LogConfig: Setting CVar [[gc.UseDisregardForGCOnDedicatedServers:0]]
[2023.07.24-05.42.34:539][  0]LogConfig: Setting CVar [[gc.MultithreadedDestructionEnabled:1]]
[2023.07.24-05.42.34:539][  0]LogConfig: Applying CVar settings from Section [/Script/Engine.NetworkSettings] File [C:/Users/james/Projects/SNHU/GAM312/JamesStimac/Saved/Config/Windows/Engine.ini]
[2023.07.24-05.42.34:539][  0]LogConfig: Applying CVar settings from Section [/Script/UnrealEd.CookerSettings] File [C:/Users/james/Projects/SNHU/GAM312/JamesStimac/Saved/Config/Windows/Engine.ini]
[2023.07.24-05.42.34:556][  0]LogConfig: Applying CVar settings from Section [ViewDistanceQuality@3] File [C:/Users/james/Projects/SNHU/GAM312/JamesStimac/Saved/Config/Windows/Scalability.ini]
[2023.07.24-05.42.34:556][  0]LogConfig: Setting CVar [[r.SkeletalMeshLODBias:0]]
[2023.07.24-05.42.34:556][  0]LogConfig: Setting CVar [[r.ViewDistanceScale:1.0]]
[2023.07.24-05.42.34:556][  0]LogConfig: Applying CVar settings from Section [AntiAliasingQuality@3] File [C:/Users/james/Projects/SNHU/GAM312/JamesStimac/Saved/Config/Windows/Scalability.ini]
[2023.07.24-05.42.34:556][  0]LogConfig: Setting CVar [[r.PostProcessAAQuality:4]]
[2023.07.24-05.42.34:556][  0]LogConfig: Applying CVar settings from Section [ShadowQuality@3] File [C:/Users/james/Projects/SNHU/GAM312/JamesStimac/Saved/Config/Windows/Scalability.ini]
[2023.07.24-05.42.34:556][  0]LogConfig: Setting CVar [[r.LightFunctionQuality:1]]
[2023.07.24-05.42.34:556][  0]LogConfig: Setting CVar [[r.ShadowQuality:5]]
[2023.07.24-05.42.34:556][  0]LogConfig: Setting CVar [[r.Shadow.CSM.MaxCascades:10]]
[2023.07.24-05.42.34:556][  0]LogConfig: Setting CVar [[r.Shadow.MaxResolution:2048]]
[2023.07.24-05.42.34:556][  0]LogConfig: Setting CVar [[r.Shadow.MaxCSMResolution:2048]]
[2023.07.24-05.42.34:556][  0]LogConfig: Setting CVar [[r.Shadow.RadiusThreshold:0.01]]
[2023.07.24-05.42.34:556][  0]LogConfig: Setting CVar [[r.Shadow.DistanceScale:1.0]]
[2023.07.24-05.42.34:556][  0]LogConfig: Setting CVar [[r.Shadow.CSM.TransitionScale:1.0]]
[2023.07.24-05.42.34:556][  0]LogConfig: Setting CVar [[r.Shadow.PreShadowResolutionFactor:1.0]]
[2023.07.24-05.42.34:556][  0]LogConfig: Setting CVar [[r.DistanceFieldShadowing:1]]
[2023.07.24-05.42.34:556][  0]LogConfig: Setting CVar [[r.DistanceFieldAO:1]]
[2023.07.24-05.42.34:556][  0]LogConfig: Setting CVar [[r.AOQuality:2]]
[2023.07.24-05.42.34:556][  0]LogConfig: Setting CVar [[r.VolumetricFog:1]]
[2023.07.24-05.42.34:556][  0]LogConfig: Setting CVar [[r.VolumetricFog.GridPixelSize:8]]
[2023.07.24-05.42.34:556][  0]LogConfig: Setting CVar [[r.VolumetricFog.GridSizeZ:128]]
[2023.07.24-05.42.34:556][  0]LogConfig: Setting CVar [[r.VolumetricFog.HistoryMissSupersampleCount:4]]
[2023.07.24-05.42.34:556][  0]LogConfig: Setting CVar [[r.LightMaxDrawDistanceScale:1]]
[2023.07.24-05.42.34:556][  0]LogConfig: Setting CVar [[r.CapsuleShadows:1]]
[2023.07.24-05.42.34:556][  0]LogConfig: Applying CVar settings from Section [PostProcessQuality@3] File [C:/Users/james/Projects/SNHU/GAM312/JamesStimac/Saved/Config/Windows/Scalability.ini]
[2023.07.24-05.42.34:556][  0]LogConfig: Setting CVar [[r.MotionBlurQuality:4]]
[2023.07.24-05.42.34:556][  0]LogConfig: Setting CVar [[r.AmbientOcclusionMipLevelFactor:0.4]]
[2023.07.24-05.42.34:556][  0]LogConfig: Setting CVar [[r.AmbientOcclusionMaxQuality:100]]
[2023.07.24-05.42.34:556][  0]LogConfig: Setting CVar [[r.AmbientOcclusionLevels:-1]]
[2023.07.24-05.42.34:556][  0]LogConfig: Setting CVar [[r.AmbientOcclusionRadiusScale:1.0]]
[2023.07.24-05.42.34:556][  0]LogConfig: Setting CVar [[r.DepthOfFieldQuality:2]]
[2023.07.24-05.42.34:556][  0]LogConfig: Setting CVar [[r.RenderTargetPoolMin:400]]
[2023.07.24-05.42.34:556][  0]LogConfig: Setting CVar [[r.LensFlareQuality:2]]
[2023.07.24-05.42.34:556][  0]LogConfig: Setting CVar [[r.SceneColorFringeQuality:1]]
[2023.07.24-05.42.34:556][  0]LogConfig: Setting CVar [[r.EyeAdaptationQuality:2]]
[2023.07.24-05.42.34:556][  0]LogConfig: Setting CVar [[r.BloomQuality:5]]
[2023.07.24-05.42.34:556][  0]LogConfig: Setting CVar [[r.FastBlurThreshold:100]]
[2023.07.24-05.42.34:556][  0]LogConfig: Setting CVar [[r.Upscale.Quality:3]]
[2023.07.24-05.42.34:556][  0]LogConfig: Setting CVar [[r.Tonemapper.GrainQuantization:1]]
[2023.07.24-05.42.34:556][  0]LogConfig: Setting CVar [[r.LightShaftQuality:1]]
[2023.07.24-05.42.34:556][  0]LogConfig: Setting CVar [[r.Filter.SizeScale:1]]
[2023.07.24-05.42.34:556][  0]LogConfig: Setting CVar [[r.Tonemapper.Quality:5]]
[2023.07.24-05.42.34:556][  0]LogConfig: Setting CVar [[r.DOF.Gather.AccumulatorQuality:1        ; higher gathering accumulator quality]]
[2023.07.24-05.42.34:556][  0]LogConfig: Setting CVar [[r.DOF.Gather.PostfilterMethod:1          ; Median3x3 postfilering method]]
[2023.07.24-05.42.34:556][  0]LogConfig: Setting CVar [[r.DOF.Gather.EnableBokehSettings:0       ; no bokeh simulation when gathering]]
[2023.07.24-05.42.34:556][  0]LogConfig: Setting CVar [[r.DOF.Gather.RingCount:4                 ; medium number of samples when gathering]]
[2023.07.24-05.42.34:556][  0]LogConfig: Setting CVar [[r.DOF.Scatter.ForegroundCompositing:1    ; additive foreground scattering]]
[2023.07.24-05.42.34:556][  0]LogConfig: Setting CVar [[r.DOF.Scatter.BackgroundCompositing:2    ; additive background scattering]]
[2023.07.24-05.42.34:556][  0]LogConfig: Setting CVar [[r.DOF.Scatter.EnableBokehSettings:1      ; bokeh simulation when scattering]]
[2023.07.24-05.42.34:556][  0]LogConfig: Setting CVar [[r.DOF.Scatter.MaxSpriteRatio:0.1         ; only a maximum of 10% of scattered bokeh]]
[2023.07.24-05.42.34:556][  0]LogConfig: Setting CVar [[r.DOF.Recombine.Quality:1                ; cheap slight out of focus]]
[2023.07.24-05.42.34:556][  0]LogConfig: Setting CVar [[r.DOF.Recombine.EnableBokehSettings:0    ; no bokeh simulation on slight out of focus]]
[2023.07.24-05.42.34:556][  0]LogConfig: Setting CVar [[r.DOF.TemporalAAQuality:1                ; more stable temporal accumulation]]
[2023.07.24-05.42.34:556][  0]LogConfig: Setting CVar [[r.DOF.Kernel.MaxForegroundRadius:0.025]]
[2023.07.24-05.42.34:556][  0]LogConfig: Setting CVar [[r.DOF.Kernel.MaxBackgroundRadius:0.025]]
[2023.07.24-05.42.34:556][  0]LogConfig: Applying CVar settings from Section [TextureQuality@3] File [C:/Users/james/Projects/SNHU/GAM312/JamesStimac/Saved/Config/Windows/Scalability.ini]
[2023.07.24-05.42.34:556][  0]LogConfig: Setting CVar [[r.Streaming.MipBias:0]]
[2023.07.24-05.42.34:556][  0]LogConfig: Setting CVar [[r.Streaming.AmortizeCPUToGPUCopy:0]]
[2023.07.24-05.42.34:556][  0]LogConfig: Setting CVar [[r.Streaming.MaxNumTexturesToStreamPerFrame:0]]
[2023.07.24-05.42.34:556][  0]LogConfig: Setting CVar [[r.Streaming.Boost:1]]
[2023.07.24-05.42.34:556][  0]LogConfig: Setting CVar [[r.MaxAnisotropy:8]]
[2023.07.24-05.42.34:556][  0]LogConfig: Setting CVar [[r.VT.MaxAnisotropy:8]]
[2023.07.24-05.42.34:556][  0]LogConfig: Setting CVar [[r.Streaming.LimitPoolSizeToVRAM:0]]
[2023.07.24-05.42.34:556][  0]LogConfig: Setting CVar [[r.Streaming.PoolSize:1000]]
[2023.07.24-05.42.34:556][  0]LogConfig: Setting CVar [[r.Streaming.MaxEffectiveScreenSize:0]]
[2023.07.24-05.42.34:556][  0]LogConfig: Applying CVar settings from Section [EffectsQuality@3] File [C:/Users/james/Projects/SNHU/GAM312/JamesStimac/Saved/Config/Windows/Scalability.ini]
[2023.07.24-05.42.34:556][  0]LogConfig: Setting CVar [[r.TranslucencyLightingVolumeDim:64]]
[2023.07.24-05.42.34:556][  0]LogConfig: Setting CVar [[r.RefractionQuality:2]]
[2023.07.24-05.42.34:556][  0]LogConfig: Setting CVar [[r.SSR.Quality:3]]
[2023.07.24-05.42.34:556][  0]LogConfig: Setting CVar [[r.SSR.HalfResSceneColor:0]]
[2023.07.24-05.42.34:556][  0]LogConfig: Setting CVar [[r.SceneColorFormat:4]]
[2023.07.24-05.42.34:556][  0]LogConfig: Setting CVar [[r.DetailMode:2]]
[2023.07.24-05.42.34:556][  0]LogConfig: Setting CVar [[r.TranslucencyVolumeBlur:1]]
[2023.07.24-05.42.34:556][  0]LogConfig: Setting CVar [[r.MaterialQualityLevel:1 ; High quality]]
[2023.07.24-05.42.34:556][  0]LogConfig: Setting CVar [[r.AnisotropicMaterials:1]]
[2023.07.24-05.42.34:556][  0]LogConfig: Setting CVar [[r.SSS.Scale:1]]
[2023.07.24-05.42.34:556][  0]LogConfig: Setting CVar [[r.SSS.SampleSet:2]]
[2023.07.24-05.42.34:556][  0]LogConfig: Setting CVar [[r.SSS.Quality:1]]
[2023.07.24-05.42.34:556][  0]LogConfig: Setting CVar [[r.SSS.HalfRes:0]]
[2023.07.24-05.42.34:556][  0]LogConfig: Setting CVar [[r.SSGI.Quality:3]]
[2023.07.24-05.42.34:556][  0]LogConfig: Setting CVar [[r.EmitterSpawnRateScale:1.0]]
[2023.07.24-05.42.34:556][  0]LogConfig: Setting CVar [[r.ParticleLightQuality:2]]
[2023.07.24-05.42.34:556][  0]LogConfig: Setting CVar [[r.SkyAtmosphere.AerialPerspectiveLUT.FastApplyOnOpaque:1 ; Always have FastSkyLUT 1 in this case to avoid wrong sky]]
[2023.07.24-05.42.34:556][  0]LogConfig: Setting CVar [[r.SkyAtmosphere.AerialPerspectiveLUT.SampleCountMaxPerSlice:4]]
[2023.07.24-05.42.34:556][  0]LogConfig: Setting CVar [[r.SkyAtmosphere.AerialPerspectiveLUT.DepthResolution:16.0]]
[2023.07.24-05.42.34:556][  0]LogConfig: Setting CVar [[r.SkyAtmosphere.FastSkyLUT:1]]
[2023.07.24-05.42.34:556][  0]LogConfig: Setting CVar [[r.SkyAtmosphere.FastSkyLUT.SampleCountMin:4.0]]
[2023.07.24-05.42.34:556][  0]LogConfig: Setting CVar [[r.SkyAtmosphere.FastSkyLUT.SampleCountMax:128.0]]
[2023.07.24-05.42.34:556][  0]LogConfig: Setting CVar [[r.SkyAtmosphere.SampleCountMin:4.0]]
[2023.07.24-05.42.34:556][  0]LogConfig: Setting CVar [[r.SkyAtmosphere.SampleCountMax:128.0]]
[2023.07.24-05.42.34:556][  0]LogConfig: Setting CVar [[r.SkyAtmosphere.TransmittanceLUT.UseSmallFormat:0]]
[2023.07.24-05.42.34:556][  0]LogConfig: Setting CVar [[r.SkyAtmosphere.TransmittanceLUT.SampleCount:10.0]]
[2023.07.24-05.42.34:556][  0]LogConfig: Setting CVar [[r.SkyAtmosphere.MultiScatteringLUT.SampleCount:15.0]]
[2023.07.24-05.42.34:556][  0]LogConfig: Setting CVar [[r.SkyLight.RealTimeReflectionCapture:1]]
[2023.07.24-05.42.34:556][  0]LogConfig: Applying CVar settings from Section [FoliageQuality@3] File [C:/Users/james/Projects/SNHU/GAM312/JamesStimac/Saved/Config/Windows/Scalability.ini]
[2023.07.24-05.42.34:556][  0]LogConfig: Setting CVar [[foliage.DensityScale:1.0]]
[2023.07.24-05.42.34:556][  0]LogConfig: Setting CVar [[grass.DensityScale:1.0]]
[2023.07.24-05.42.34:556][  0]LogConfig: Applying CVar settings from Section [ShadingQuality@3] File [C:/Users/james/Projects/SNHU/GAM312/JamesStimac/Saved/Config/Windows/Scalability.ini]
[2023.07.24-05.42.34:556][  0]LogConfig: Setting CVar [[r.HairStrands.SkyLighting.IntegrationType:2]]
[2023.07.24-05.42.34:556][  0]LogConfig: Setting CVar [[r.HairStrands.SkyAO.SampleCount:4]]
[2023.07.24-05.42.34:556][  0]LogConfig: Setting CVar [[r.HairStrands.Visibility.MSAA.SamplePerPixel:4]]
[2023.07.24-05.42.34:556][  0]LogInit: Selected Device Profile: [Windows]
[2023.07.24-05.42.34:556][  0]LogInit: Applying CVar settings loaded from the selected device profile: [Windows]
[2023.07.24-05.42.34:556][  0]LogHAL: Display: Platform has ~ 64 GB [68548354048 / 68719476736 / 64], which maps to Largest [LargestMinGB=32, LargerMinGB=12, DefaultMinGB=8, SmallerMinGB=6, SmallestMinGB=0)
[2023.07.24-05.42.34:556][  0]LogInit: Going up to parent DeviceProfile []
[2023.07.24-05.42.34:556][  0]LogConfig: Applying CVar settings from Section [ViewDistanceQuality@3] File [C:/Users/james/Projects/SNHU/GAM312/JamesStimac/Saved/Config/Windows/Scalability.ini]
[2023.07.24-05.42.34:556][  0]LogConfig: Setting CVar [[r.SkeletalMeshLODBias:0]]
[2023.07.24-05.42.34:556][  0]LogConfig: Setting CVar [[r.ViewDistanceScale:1.0]]
[2023.07.24-05.42.34:556][  0]LogConfig: Applying CVar settings from Section [AntiAliasingQuality@3] File [C:/Users/james/Projects/SNHU/GAM312/JamesStimac/Saved/Config/Windows/Scalability.ini]
[2023.07.24-05.42.34:556][  0]LogConfig: Setting CVar [[r.PostProcessAAQuality:4]]
[2023.07.24-05.42.34:556][  0]LogConfig: Applying CVar settings from Section [ShadowQuality@3] File [C:/Users/james/Projects/SNHU/GAM312/JamesStimac/Saved/Config/Windows/Scalability.ini]
[2023.07.24-05.42.34:556][  0]LogConfig: Setting CVar [[r.LightFunctionQuality:1]]
[2023.07.24-05.42.34:556][  0]LogConfig: Setting CVar [[r.ShadowQuality:5]]
[2023.07.24-05.42.34:556][  0]LogConfig: Setting CVar [[r.Shadow.CSM.MaxCascades:10]]
[2023.07.24-05.42.34:556][  0]LogConfig: Setting CVar [[r.Shadow.MaxResolution:2048]]
[2023.07.24-05.42.34:556][  0]LogConfig: Setting CVar [[r.Shadow.MaxCSMResolution:2048]]
[2023.07.24-05.42.34:556][  0]LogConfig: Setting CVar [[r.Shadow.RadiusThreshold:0.01]]
[2023.07.24-05.42.34:556][  0]LogConfig: Setting CVar [[r.Shadow.DistanceScale:1.0]]
[2023.07.24-05.42.34:556][  0]LogConfig: Setting CVar [[r.Shadow.CSM.TransitionScale:1.0]]
[2023.07.24-05.42.34:556][  0]LogConfig: Setting CVar [[r.Shadow.PreShadowResolutionFactor:1.0]]
[2023.07.24-05.42.34:556][  0]LogConfig: Setting CVar [[r.DistanceFieldShadowing:1]]
[2023.07.24-05.42.34:556][  0]LogConfig: Setting CVar [[r.DistanceFieldAO:1]]
[2023.07.24-05.42.34:557][  0]LogConfig: Setting CVar [[r.AOQuality:2]]
[2023.07.24-05.42.34:557][  0]LogConfig: Setting CVar [[r.VolumetricFog:1]]
[2023.07.24-05.42.34:557][  0]LogConfig: Setting CVar [[r.VolumetricFog.GridPixelSize:8]]
[2023.07.24-05.42.34:557][  0]LogConfig: Setting CVar [[r.VolumetricFog.GridSizeZ:128]]
[2023.07.24-05.42.34:557][  0]LogConfig: Setting CVar [[r.VolumetricFog.HistoryMissSupersampleCount:4]]
[2023.07.24-05.42.34:557][  0]LogConfig: Setting CVar [[r.LightMaxDrawDistanceScale:1]]
[2023.07.24-05.42.34:557][  0]LogConfig: Setting CVar [[r.CapsuleShadows:1]]
[2023.07.24-05.42.34:557][  0]LogConfig: Applying CVar settings from Section [PostProcessQuality@3] File [C:/Users/james/Projects/SNHU/GAM312/JamesStimac/Saved/Config/Windows/Scalability.ini]
[2023.07.24-05.42.34:557][  0]LogConfig: Setting CVar [[r.MotionBlurQuality:4]]
[2023.07.24-05.42.34:557][  0]LogConfig: Setting CVar [[r.AmbientOcclusionMipLevelFactor:0.4]]
[2023.07.24-05.42.34:557][  0]LogConfig: Setting CVar [[r.AmbientOcclusionMaxQuality:100]]
[2023.07.24-05.42.34:557][  0]LogConfig: Setting CVar [[r.AmbientOcclusionLevels:-1]]
[2023.07.24-05.42.34:557][  0]LogConfig: Setting CVar [[r.AmbientOcclusionRadiusScale:1.0]]
[2023.07.24-05.42.34:557][  0]LogConfig: Setting CVar [[r.DepthOfFieldQuality:2]]
[2023.07.24-05.42.34:557][  0]LogConfig: Setting CVar [[r.RenderTargetPoolMin:400]]
[2023.07.24-05.42.34:557][  0]LogConfig: Setting CVar [[r.LensFlareQuality:2]]
[2023.07.24-05.42.34:557][  0]LogConfig: Setting CVar [[r.SceneColorFringeQuality:1]]
[2023.07.24-05.42.34:557][  0]LogConfig: Setting CVar [[r.EyeAdaptationQuality:2]]
[2023.07.24-05.42.34:557][  0]LogConfig: Setting CVar [[r.BloomQuality:5]]
[2023.07.24-05.42.34:557][  0]LogConfig: Setting CVar [[r.FastBlurThreshold:100]]
[2023.07.24-05.42.34:557][  0]LogConfig: Setting CVar [[r.Upscale.Quality:3]]
[2023.07.24-05.42.34:557][  0]LogConfig: Setting CVar [[r.Tonemapper.GrainQuantization:1]]
[2023.07.24-05.42.34:557][  0]LogConfig: Setting CVar [[r.LightShaftQuality:1]]
[2023.07.24-05.42.34:557][  0]LogConfig: Setting CVar [[r.Filter.SizeScale:1]]
[2023.07.24-05.42.34:557][  0]LogConfig: Setting CVar [[r.Tonemapper.Quality:5]]
[2023.07.24-05.42.34:557][  0]LogConfig: Setting CVar [[r.DOF.Gather.AccumulatorQuality:1        ; higher gathering accumulator quality]]
[2023.07.24-05.42.34:557][  0]LogConfig: Setting CVar [[r.DOF.Gather.PostfilterMethod:1          ; Median3x3 postfilering method]]
[2023.07.24-05.42.34:557][  0]LogConfig: Setting CVar [[r.DOF.Gather.EnableBokehSettings:0       ; no bokeh simulation when gathering]]
[2023.07.24-05.42.34:557][  0]LogConfig: Setting CVar [[r.DOF.Gather.RingCount:4                 ; medium number of samples when gathering]]
[2023.07.24-05.42.34:557][  0]LogConfig: Setting CVar [[r.DOF.Scatter.ForegroundCompositing:1    ; additive foreground scattering]]
[2023.07.24-05.42.34:557][  0]LogConfig: Setting CVar [[r.DOF.Scatter.BackgroundCompositing:2    ; additive background scattering]]
[2023.07.24-05.42.34:557][  0]LogConfig: Setting CVar [[r.DOF.Scatter.EnableBokehSettings:1      ; bokeh simulation when scattering]]
[2023.07.24-05.42.34:557][  0]LogConfig: Setting CVar [[r.DOF.Scatter.MaxSpriteRatio:0.1         ; only a maximum of 10% of scattered bokeh]]
[2023.07.24-05.42.34:557][  0]LogConfig: Setting CVar [[r.DOF.Recombine.Quality:1                ; cheap slight out of focus]]
[2023.07.24-05.42.34:557][  0]LogConfig: Setting CVar [[r.DOF.Recombine.EnableBokehSettings:0    ; no bokeh simulation on slight out of focus]]
[2023.07.24-05.42.34:557][  0]LogConfig: Setting CVar [[r.DOF.TemporalAAQuality:1                ; more stable temporal accumulation]]
[2023.07.24-05.42.34:557][  0]LogConfig: Setting CVar [[r.DOF.Kernel.MaxForegroundRadius:0.025]]
[2023.07.24-05.42.34:557][  0]LogConfig: Setting CVar [[r.DOF.Kernel.MaxBackgroundRadius:0.025]]
[2023.07.24-05.42.34:557][  0]LogConfig: Applying CVar settings from Section [TextureQuality@3] File [C:/Users/james/Projects/SNHU/GAM312/JamesStimac/Saved/Config/Windows/Scalability.ini]
[2023.07.24-05.42.34:557][  0]LogConfig: Setting CVar [[r.Streaming.MipBias:0]]
[2023.07.24-05.42.34:557][  0]LogConfig: Setting CVar [[r.Streaming.AmortizeCPUToGPUCopy:0]]
[2023.07.24-05.42.34:557][  0]LogConfig: Setting CVar [[r.Streaming.MaxNumTexturesToStreamPerFrame:0]]
[2023.07.24-05.42.34:557][  0]LogConfig: Setting CVar [[r.Streaming.Boost:1]]
[2023.07.24-05.42.34:557][  0]LogConfig: Setting CVar [[r.MaxAnisotropy:8]]
[2023.07.24-05.42.34:557][  0]LogConfig: Setting CVar [[r.VT.MaxAnisotropy:8]]
[2023.07.24-05.42.34:557][  0]LogConfig: Setting CVar [[r.Streaming.LimitPoolSizeToVRAM:0]]
[2023.07.24-05.42.34:557][  0]LogConfig: Setting CVar [[r.Streaming.PoolSize:1000]]
[2023.07.24-05.42.34:557][  0]LogConfig: Setting CVar [[r.Streaming.MaxEffectiveScreenSize:0]]
[2023.07.24-05.42.34:557][  0]LogConfig: Applying CVar settings from Section [EffectsQuality@3] File [C:/Users/james/Projects/SNHU/GAM312/JamesStimac/Saved/Config/Windows/Scalability.ini]
[2023.07.24-05.42.34:557][  0]LogConfig: Setting CVar [[r.TranslucencyLightingVolumeDim:64]]
[2023.07.24-05.42.34:557][  0]LogConfig: Setting CVar [[r.RefractionQuality:2]]
[2023.07.24-05.42.34:557][  0]LogConfig: Setting CVar [[r.SSR.Quality:3]]
[2023.07.24-05.42.34:557][  0]LogConfig: Setting CVar [[r.SSR.HalfResSceneColor:0]]
[2023.07.24-05.42.34:557][  0]LogConfig: Setting CVar [[r.SceneColorFormat:4]]
[2023.07.24-05.42.34:557][  0]LogConfig: Setting CVar [[r.DetailMode:2]]
[2023.07.24-05.42.34:557][  0]LogConfig: Setting CVar [[r.TranslucencyVolumeBlur:1]]
[2023.07.24-05.42.34:557][  0]LogConfig: Setting CVar [[r.MaterialQualityLevel:1 ; High quality]]
[2023.07.24-05.42.34:557][  0]LogConfig: Setting CVar [[r.AnisotropicMaterials:1]]
[2023.07.24-05.42.34:557][  0]LogConfig: Setting CVar [[r.SSS.Scale:1]]
[2023.07.24-05.42.34:557][  0]LogConfig: Setting CVar [[r.SSS.SampleSet:2]]
[2023.07.24-05.42.34:557][  0]LogConfig: Setting CVar [[r.SSS.Quality:1]]
[2023.07.24-05.42.34:557][  0]LogConfig: Setting CVar [[r.SSS.HalfRes:0]]
[2023.07.24-05.42.34:557][  0]LogConfig: Setting CVar [[r.SSGI.Quality:3]]
[2023.07.24-05.42.34:557][  0]LogConfig: Setting CVar [[r.EmitterSpawnRateScale:1.0]]
[2023.07.24-05.42.34:557][  0]LogConfig: Setting CVar [[r.ParticleLightQuality:2]]
[2023.07.24-05.42.34:557][  0]LogConfig: Setting CVar [[r.SkyAtmosphere.AerialPerspectiveLUT.FastApplyOnOpaque:1 ; Always have FastSkyLUT 1 in this case to avoid wrong sky]]
[2023.07.24-05.42.34:557][  0]LogConfig: Setting CVar [[r.SkyAtmosphere.AerialPerspectiveLUT.SampleCountMaxPerSlice:4]]
[2023.07.24-05.42.34:557][  0]LogConfig: Setting CVar [[r.SkyAtmosphere.AerialPerspectiveLUT.DepthResolution:16.0]]
[2023.07.24-05.42.34:557][  0]LogConfig: Setting CVar [[r.SkyAtmosphere.FastSkyLUT:1]]
[2023.07.24-05.42.34:557][  0]LogConfig: Setting CVar [[r.SkyAtmosphere.FastSkyLUT.SampleCountMin:4.0]]
[2023.07.24-05.42.34:557][  0]LogConfig: Setting CVar [[r.SkyAtmosphere.FastSkyLUT.SampleCountMax:128.0]]
[2023.07.24-05.42.34:557][  0]LogConfig: Setting CVar [[r.SkyAtmosphere.SampleCountMin:4.0]]
[2023.07.24-05.42.34:557][  0]LogConfig: Setting CVar [[r.SkyAtmosphere.SampleCountMax:128.0]]
[2023.07.24-05.42.34:557][  0]LogConfig: Setting CVar [[r.SkyAtmosphere.TransmittanceLUT.UseSmallFormat:0]]
[2023.07.24-05.42.34:557][  0]LogConfig: Setting CVar [[r.SkyAtmosphere.TransmittanceLUT.SampleCount:10.0]]
[2023.07.24-05.42.34:557][  0]LogConfig: Setting CVar [[r.SkyAtmosphere.MultiScatteringLUT.SampleCount:15.0]]
[2023.07.24-05.42.34:557][  0]LogConfig: Setting CVar [[r.SkyLight.RealTimeReflectionCapture:1]]
[2023.07.24-05.42.34:557][  0]LogConfig: Applying CVar settings from Section [FoliageQuality@3] File [C:/Users/james/Projects/SNHU/GAM312/JamesStimac/Saved/Config/Windows/Scalability.ini]
[2023.07.24-05.42.34:557][  0]LogConfig: Setting CVar [[foliage.DensityScale:1.0]]
[2023.07.24-05.42.34:557][  0]LogConfig: Setting CVar [[grass.DensityScale:1.0]]
[2023.07.24-05.42.34:557][  0]LogConfig: Applying CVar settings from Section [ShadingQuality@3] File [C:/Users/james/Projects/SNHU/GAM312/JamesStimac/Saved/Config/Windows/Scalability.ini]
[2023.07.24-05.42.34:557][  0]LogConfig: Setting CVar [[r.HairStrands.SkyLighting.IntegrationType:2]]
[2023.07.24-05.42.34:557][  0]LogConfig: Setting CVar [[r.HairStrands.SkyAO.SampleCount:4]]
[2023.07.24-05.42.34:557][  0]LogConfig: Setting CVar [[r.HairStrands.Visibility.MSAA.SamplePerPixel:4]]
[2023.07.24-05.42.34:557][  0]LogConfig: Applying CVar settings from Section [Startup] File [../../../Engine/Config/ConsoleVariables.ini]
[2023.07.24-05.42.34:557][  0]LogConfig: Setting CVar [[net.UseAdaptiveNetUpdateFrequency:0]]
[2023.07.24-05.42.34:557][  0]LogConfig: Setting CVar [[p.chaos.AllowCreatePhysxBodies:1]]
[2023.07.24-05.42.34:557][  0]LogConfig: Setting CVar [[fx.SkipVectorVMBackendOptimizations:1]]
[2023.07.24-05.42.34:557][  0]LogConfig: Applying CVar settings from Section [ConsoleVariables] File [C:/Users/james/Projects/SNHU/GAM312/JamesStimac/Saved/Config/Windows/Engine.ini]
[2023.07.24-05.42.34:557][  0]LogConfig: Applying CVar settings from Section [ConsoleVariables] File [C:/Users/james/Projects/SNHU/GAM312/JamesStimac/Saved/Config/Windows/Editor.ini]
[2023.07.24-05.42.34:557][  0]LogInit: Computer: CHYLSTATION
[2023.07.24-05.42.34:557][  0]LogInit: User: james
[2023.07.24-05.42.34:557][  0]LogInit: CPU Page size=4096, Cores=12
[2023.07.24-05.42.34:557][  0]LogInit: High frequency timer resolution =10.000000 MHz
[2023.07.24-05.42.34:557][  0]LogMemory: Memory total: Physical=63.8GB (64GB approx)
[2023.07.24-05.42.34:557][  0]LogMemory: Platform Memory Stats for Windows
[2023.07.24-05.42.34:557][  0]LogMemory: Process Physical Memory: 148.91 MB used, 148.91 MB peak
[2023.07.24-05.42.34:557][  0]LogMemory: Process Virtual Memory: 130.72 MB used, 130.72 MB peak
[2023.07.24-05.42.34:557][  0]LogMemory: Physical Memory: 22002.77 MB used,  43370.03 MB free, 65372.80 MB total
[2023.07.24-05.42.34:557][  0]LogMemory: Virtual Memory: 134153368.00 MB used,  64358.66 MB free, 134217728.00 MB total
[2023.07.24-05.42.34:560][  0]LogWindows: WindowsPlatformFeatures enabled
[2023.07.24-05.42.34:584][  0]LogInit: Physics initialised using underlying interface: PhysX
[2023.07.24-05.42.34:584][  0]LogInit: Using OS detected language (en-US).
[2023.07.24-05.42.34:584][  0]LogInit: Using OS detected locale (en-US).
[2023.07.24-05.42.34:586][  0]LogTextLocalizationManager: No specific localization for 'en-US' exists, so the 'en' localization will be used.
[2023.07.24-05.42.34:684][  0]LogInit: Setting process to per monitor DPI aware
[2023.07.24-05.42.34:700][  0]LogWindowsTextInputMethodSystem: Display: IME system deactivated.
[2023.07.24-05.42.34:711][  0]LogSlate: New Slate User Created.  User Index 0, Is Virtual User: 0
[2023.07.24-05.42.34:711][  0]LogSlate: Slate User Registered.  User Index 0, Is Virtual User: 0
[2023.07.24-05.42.34:774][  0]LogD3D11RHI: Loaded GFSDK_Aftermath_Lib.x64.dll
[2023.07.24-05.42.34:776][  0]LogHMD: Failed to initialize OpenVR with code 110
[2023.07.24-05.42.34:776][  0]LogD3D11RHI: D3D11 min allowed feature level: 11_0
[2023.07.24-05.42.34:776][  0]LogD3D11RHI: D3D11 max allowed feature level: 11_0
[2023.07.24-05.42.34:776][  0]LogD3D11RHI: D3D11 adapters:
[2023.07.24-05.42.34:882][  0]LogD3D11RHI:    0. 'NVIDIA GeForce RTX 4060 Ti' (Feature Level 11_0)
[2023.07.24-05.42.34:882][  0]LogD3D11RHI:       7963/0/32686 MB DedicatedVideo/DedicatedSystem/SharedSystem, Outputs:2, VendorId:0x10de
[2023.07.24-05.42.34:883][  0]LogD3D11RHI:    1. 'Microsoft Basic Render Driver' (Feature Level 11_0)
[2023.07.24-05.42.34:883][  0]LogD3D11RHI:       0/0/32686 MB DedicatedVideo/DedicatedSystem/SharedSystem, Outputs:0, VendorId:0x1414
[2023.07.24-05.42.34:883][  0]LogD3D11RHI: Chosen D3D11 Adapter:
[2023.07.24-05.42.34:883][  0]LogD3D11RHI:     Description : NVIDIA GeForce RTX 4060 Ti
[2023.07.24-05.42.34:884][  0]LogD3D11RHI:     VendorId    : 10de
[2023.07.24-05.42.34:884][  0]LogD3D11RHI:     DeviceId    : 2803
[2023.07.24-05.42.34:884][  0]LogD3D11RHI:     SubSysId    : 88f81043
[2023.07.24-05.42.34:884][  0]LogD3D11RHI:     Revision    : 00a1
[2023.07.24-05.42.34:884][  0]LogD3D11RHI:     DedicatedVideoMemory : 8349810688 bytes
[2023.07.24-05.42.34:884][  0]LogD3D11RHI:     DedicatedSystemMemory : 0 bytes
[2023.07.24-05.42.34:884][  0]LogD3D11RHI:     SharedSystemMemory : 34274177024 bytes
[2023.07.24-05.42.34:884][  0]LogD3D11RHI:     AdapterLuid : 0 76842
[2023.07.24-05.42.34:888][  0]LogD3D11RHI: Creating new Direct3DDevice
[2023.07.24-05.42.34:888][  0]LogD3D11RHI:     GPU DeviceId: 0x2803 (for the marketing name, search the web for "GPU Device Id")
[2023.07.24-05.42.34:888][  0]LogWindows: EnumDisplayDevices:
[2023.07.24-05.42.34:888][  0]LogWindows:    0. 'NVIDIA GeForce RTX 4060 Ti' (P:0 D:1)
[2023.07.24-05.42.34:888][  0]LogWindows:    1. 'NVIDIA GeForce RTX 4060 Ti' (P:1 D:1)
[2023.07.24-05.42.34:888][  0]LogWindows:    2. 'NVIDIA GeForce RTX 4060 Ti' (P:0 D:0)
[2023.07.24-05.42.34:888][  0]LogWindows:    3. 'NVIDIA GeForce RTX 4060 Ti' (P:0 D:0)
[2023.07.24-05.42.34:888][  0]LogWindows: DebugString: FoundDriverCount:4 
[2023.07.24-05.42.34:888][  0]LogD3D11RHI:     Adapter Name: NVIDIA GeForce RTX 4060 Ti
[2023.07.24-05.42.34:888][  0]LogD3D11RHI:   Driver Version: 536.40 (internal:31.0.15.3640, unified:536.40)
[2023.07.24-05.42.34:889][  0]LogD3D11RHI:      Driver Date: 6-23-2023
[2023.07.24-05.42.34:889][  0]LogRHI: Texture pool is 5574 MB (70% of 7963 MB)
[2023.07.24-05.42.34:889][  0]LogD3D11RHI: Creating D3DDevice using adapter:
[2023.07.24-05.42.34:889][  0]LogD3D11RHI:     Description : NVIDIA GeForce RTX 4060 Ti
[2023.07.24-05.42.34:889][  0]LogD3D11RHI:     VendorId    : 10de
[2023.07.24-05.42.34:889][  0]LogD3D11RHI:     DeviceId    : 2803
[2023.07.24-05.42.34:889][  0]LogD3D11RHI:     SubSysId    : 88f81043
[2023.07.24-05.42.34:889][  0]LogD3D11RHI:     Revision    : 00a1
[2023.07.24-05.42.34:889][  0]LogD3D11RHI:     DedicatedVideoMemory : 8349810688 bytes
[2023.07.24-05.42.34:889][  0]LogD3D11RHI:     DedicatedSystemMemory : 0 bytes
[2023.07.24-05.42.34:889][  0]LogD3D11RHI:     SharedSystemMemory : 34274177024 bytes
[2023.07.24-05.42.34:889][  0]LogD3D11RHI:     AdapterLuid : 0 76842
[2023.07.24-05.42.34:946][  0]LogD3D11RHI: RHI has support for 64 bit atomics
[2023.07.24-05.42.34:946][  0]LogD3D11RHI: Async texture creation enabled
[2023.07.24-05.42.34:946][  0]LogD3D11RHI: Array index from any shader is supported
[2023.07.24-05.42.34:962][  0]LogD3D11RHI: GPU Timing Frequency: 1000.000000 (Debug: 2 1)
[2023.07.24-05.42.34:976][  0]LogRHI: GeForceNow SDK initialized: 1
[2023.07.24-05.42.35:136][  0]LogTargetPlatformManager: Display: Loaded TargetPlatform 'AllDesktop'
[2023.07.24-05.42.35:147][  0]LogTargetPlatformManager: Display: Loaded TargetPlatform 'Android'
[2023.07.24-05.42.35:147][  0]LogTargetPlatformManager: Display: Loaded TargetPlatform 'Android_ASTC'
[2023.07.24-05.42.35:147][  0]LogTargetPlatformManager: Display: Loaded TargetPlatform 'Android_DXT'
[2023.07.24-05.42.35:147][  0]LogTargetPlatformManager: Display: Loaded TargetPlatform 'Android_ETC2'
[2023.07.24-05.42.35:147][  0]LogTargetPlatformManager: Display: Loaded TargetPlatform 'AndroidClient'
[2023.07.24-05.42.35:147][  0]LogTargetPlatformManager: Display: Loaded TargetPlatform 'Android_ASTCClient'
[2023.07.24-05.42.35:147][  0]LogTargetPlatformManager: Display: Loaded TargetPlatform 'Android_DXTClient'
[2023.07.24-05.42.35:147][  0]LogTargetPlatformManager: Display: Loaded TargetPlatform 'Android_ETC2Client'
[2023.07.24-05.42.35:147][  0]LogTargetPlatformManager: Display: Loaded TargetPlatform 'Android_Multi'
[2023.07.24-05.42.35:147][  0]LogTargetPlatformManager: Display: Loaded TargetPlatform 'Android_MultiClient'
[2023.07.24-05.42.35:156][  0]LogTargetPlatformManager: Display: Loaded TargetPlatform 'IOSClient'
[2023.07.24-05.42.35:156][  0]LogTargetPlatformManager: Display: Loaded TargetPlatform 'IOS'
[2023.07.24-05.42.35:161][  0]LogTargetPlatformManager: Display: Loaded TargetPlatform 'Linux'
[2023.07.24-05.42.35:164][  0]LogTargetPlatformManager: Display: Loaded TargetPlatform 'LinuxNoEditor'
[2023.07.24-05.42.35:166][  0]LogTargetPlatformManager: Display: Loaded TargetPlatform 'LinuxClient'
[2023.07.24-05.42.35:168][  0]LogTargetPlatformManager: Display: Loaded TargetPlatform 'LinuxServer'
[2023.07.24-05.42.35:173][  0]LogTargetPlatformManager: Display: Loaded TargetPlatform 'LinuxAArch64NoEditor'
[2023.07.24-05.42.35:175][  0]LogTargetPlatformManager: Display: Loaded TargetPlatform 'LinuxAArch64Client'
[2023.07.24-05.42.35:178][  0]LogTargetPlatformManager: Display: Loaded TargetPlatform 'LinuxAArch64Server'
[2023.07.24-05.42.35:190][  0]LogTargetPlatformManager: Display: Loaded TargetPlatform 'Lumin'
[2023.07.24-05.42.35:190][  0]LogTargetPlatformManager: Display: Loaded TargetPlatform 'LuminClient'
[2023.07.24-05.42.35:194][  0]LogTargetPlatformManager: Display: Loaded TargetPlatform 'MacNoEditor'
[2023.07.24-05.42.35:197][  0]LogTargetPlatformManager: Display: Loaded TargetPlatform 'Mac'
[2023.07.24-05.42.35:199][  0]LogTargetPlatformManager: Display: Loaded TargetPlatform 'MacClient'
[2023.07.24-05.42.35:201][  0]LogTargetPlatformManager: Display: Loaded TargetPlatform 'MacServer'
[2023.07.24-05.42.35:206][  0]LogTargetPlatformManager: Display: Loaded TargetPlatform 'TVOSClient'
[2023.07.24-05.42.35:206][  0]LogTargetPlatformManager: Display: Loaded TargetPlatform 'TVOS'
[2023.07.24-05.42.35:211][  0]LogTargetPlatformManager: Display: Loaded TargetPlatform 'WindowsNoEditor'
[2023.07.24-05.42.35:213][  0]LogTargetPlatformManager: Display: Loaded TargetPlatform 'Windows'
[2023.07.24-05.42.35:215][  0]LogTargetPlatformManager: Display: Loaded TargetPlatform 'WindowsClient'
[2023.07.24-05.42.35:218][  0]LogTargetPlatformManager: Display: Loaded TargetPlatform 'WindowsServer'
[2023.07.24-05.42.35:218][  0]LogTargetPlatformManager: Display: Building Assets For Windows
[2023.07.24-05.42.35:222][  0]LogAudioDebug: Display: Lib vorbis DLL was dynamically loaded.
[2023.07.24-05.42.35:239][  0]LogTextureFormatOodle: Display: Oodle Texture 2.9.0 init RDO Off
[2023.07.24-05.42.35:254][  0]LogRendererCore: Ray tracing is disabled. Reason: r.RayTracing=0.
[2023.07.24-05.42.35:254][  0]LogShaderCompilers: Guid format shader working directory is -17 characters bigger than the processId version (../../../../../../Users/james/Projects/SNHU/GAM312/JamesStimac/Intermediate/Shaders/WorkingDirectory/12488/).
[2023.07.24-05.42.35:254][  0]LogShaderCompilers: Cleaned the shader compiler working directory 'C:/Users/james/AppData/Local/Temp/UnrealShaderWorkingDir/7494B86445ECFB3905157F953EE56B5B/'.
[2023.07.24-05.42.35:254][  0]LogXGEController: Cannot use XGE Controller as Incredibuild is not installed on this machine.
[2023.07.24-05.42.35:254][  0]LogShaderCompilers: Cannot use XGE Shader Compiler as Incredibuild is not installed on this machine.
[2023.07.24-05.42.35:254][  0]LogShaderCompilers: Display: Using Local Shader Compiler.
[2023.07.24-05.42.35:711][  0]LogDerivedDataCache: Display: Max Cache Size: 512 MB
[2023.07.24-05.42.35:749][  0]LogDerivedDataCache: Loaded boot cache 0.04s 99MB C:/Users/james/AppData/Local/UnrealEngine/4.27/DerivedDataCache/Boot.ddc.
[2023.07.24-05.42.35:749][  0]LogDerivedDataCache: Display: Loaded Boot cache: C:/Users/james/AppData/Local/UnrealEngine/4.27/DerivedDataCache/Boot.ddc
[2023.07.24-05.42.35:749][  0]LogDerivedDataCache: FDerivedDataBackendGraph:  Pak pak cache file ../../../../../../Users/james/Projects/SNHU/GAM312/JamesStimac/DerivedDataCache/DDC.ddp not found, will not use a pak cache.
[2023.07.24-05.42.35:749][  0]LogDerivedDataCache: Unable to find inner node Pak for hierarchical cache Hierarchy.
[2023.07.24-05.42.35:749][  0]LogDerivedDataCache: FDerivedDataBackendGraph:  CompressedPak pak cache file ../../../../../../Users/james/Projects/SNHU/GAM312/JamesStimac/DerivedDataCache/Compressed.ddp not found, will not use a pak cache.
[2023.07.24-05.42.35:749][  0]LogDerivedDataCache: Unable to find inner node CompressedPak for hierarchical cache Hierarchy.
[2023.07.24-05.42.35:760][  0]LogDerivedDataCache: Display: Pak cache opened for reading ../../../Engine/DerivedDataCache/Compressed.ddp.
[2023.07.24-05.42.35:760][  0]LogDerivedDataCache: FDerivedDataBackendGraph:  EnterprisePak pak cache file ../../../Enterprise/DerivedDataCache/Compressed.ddp not found, will not use a pak cache.
[2023.07.24-05.42.35:760][  0]LogDerivedDataCache: Unable to find inner node EnterprisePak for hierarchical cache Hierarchy.
[2023.07.24-05.42.35:766][  0]LogDerivedDataCache: Speed tests for C:/Users/james/AppData/Local/UnrealEngine/Common/DerivedDataCache took 0.01 seconds
[2023.07.24-05.42.35:766][  0]LogDerivedDataCache: Display: Performance to C:/Users/james/AppData/Local/UnrealEngine/Common/DerivedDataCache: Latency=0.01ms. RandomReadSpeed=2282.00MBs, RandomWriteSpeed=189.08MBs. Assigned SpeedClass 'Local'
[2023.07.24-05.42.35:767][  0]LogDerivedDataCache: Using Local data cache path C:/Users/james/AppData/Local/UnrealEngine/Common/DerivedDataCache: Writable
[2023.07.24-05.42.35:767][  0]LogDerivedDataCache: Shared data cache path not found in *engine.ini, will not use an Shared cache.
[2023.07.24-05.42.35:767][  0]LogDerivedDataCache: Unable to find inner node Shared for hierarchical cache Hierarchy.
[2023.07.24-05.42.35:799][  0]LogSlate: Using FreeType 2.10.0
[2023.07.24-05.42.35:799][  0]LogSlate: SlateFontServices - WITH_FREETYPE: 1, WITH_HARFBUZZ: 1
[2023.07.24-05.42.35:815][  0]LogAssetRegistry: FAssetRegistry took 0.0018 seconds to start up
[2023.07.24-05.42.35:943][  0]LogInit: Selected Device Profile: [Windows]
[2023.07.24-05.42.35:943][  0]LogInit: Active device profile: [0000017632E67B00][000001763195D700 49] Windows
[2023.07.24-05.42.35:943][  0]LogInit: Profiles: [0000017632E67B00][000001763195D700 49] Windows, [0000017632E1C600][0000017632BF1880 49] WindowsNoEditor, [0000017632E64600][0000017632BF5A00 49] WindowsServer, [0000017632E1D300][0000017632BF9B80 49] WindowsClient, [0000017632E65200][0000017632BFC180 49] IOS, [0000017632E1F600][0000017632C00300 49] iPadAir, [0000017632E66600][0000017632C04480 49] iPadAir2, [0000017632DCFA00][0000017632C0C740 49] IPadPro, [0000017632DCFB00][0000017632C08780 49] iPadAir3, [0000017632E67600][0000017632BEC8C0 49] iPadAir4, [0000017632DCCB00][0000017632C10A00 49] iPadMini2, [0000017632E64900][0000017632C14B40 49] iPadMini3, [0000017632DCEA00][0000017632C1CCC0 49] iPadMini4, [0000017632E64C00][0000017632C20E40 49] iPadMini5, [0000017632E13300][0000017632C29100 49] iPhone6, [0000017632E13400][0000017632C25140 49] iPodTouch6, [0000017632DCE000][0000017632C31400 49] iPhone7, [0000017632DCE100][0000017632C2D440 49] iPodTouch7, [0000017632E10A00][0000017632C355C0 49] iPhone5S, [0000017632DCF900][0000017632C39740 49] iPhone6Plus, [0000017632E12B00][0000017632C3D8C0 49] iPhone6S, [0000017632DCDA00][0000017632C41A40 49] iPhone6SPlus, [0000017632E13100][0000017632C45BC0 49] iPhone7Plus, [0000017632DCC100][0000017632C481C0 49] iPhoneSE, [0000017632E11000][0000017632C4C340 49] iPhone8, [0000017632DCD500][0000017632C504C0 49] iPhone8Plus, [0000017632E13700][0000017632C54640 49] iPhoneX, [0000017632DCED00][0000017632C587C0 49] iPhoneXS, [0000017632E10600][0000017632C5C940 49] iPhoneXSMax, [0000017632DCD900][0000017632C18A80 49] iPhoneXR, [0000017632E12C00][0000017632C60BC0 49] iPhone11, [0000017632DCF600][0000017632C64D00 49] iPhone11Pro, [0000017632E10900][0000017632C6CE80 49] iPhone11ProMax, [0000017632DCD600][0000017632C71000 49] iPhoneSE2, [0000017632E12200][0000017632C75180 49] iPhone12Mini, [0000017632DCE900][0000017632C79300 49] iPhone12, [0000017632E12E00][0000017632C7D480 49] iPhone12Pro, [0000017632DCDE00][0000017632C81600 49] iPhone12ProMax, [0000017632E12800][0000017632C85780 49] iPadPro105, [0000017632DCD700][0000017632C89900 49] iPadPro129, [0000017632E12700][0000017632C8DA80 49] iPadPro97, [0000017632DCD800][0000017632C91C00 49] iPadPro2_129, [0000017632E12600][0000017632C94200 49] iPad5, [0000017632DCEC00][0000017632C98380 49] iPad6, [0000017632E11900][0000017632C9C500 49] iPad7, [0000017632DCC300][0000017632CA0680 49] iPad8, [0000017632E13000][0000017632CA4800 49] iPadPro11, [0000017632DCD400][0000017632CA8980 49] iPadPro2_11, [0000017632E13F00][0000017632CACB00 49] iPadPro3_129, [0000017632DCC700][0000017632C68C40 49] iPadPro4_129, [0000017632E13900][0000017632CB0D80 49] AppleTV, [0000017632DCFE00][0000017632CB4EC0 49] AppleTV4K, [0000017632E10C00][0000017632CBD040 49] TVOS, [0000017632DCF000][0000017632CC11C0 49] Mac, [0000017632E11C00][0000017632CC5340 49] MacClient, [0000017632DCE700][0000017632CC94C0 49] MacNoEditor, [0000017632E13B00][0000017632CCD640 49] MacServer, [0000017632DCD200][0000017632CD17C0 49] Linux, [0000017632E12F00][0000017632CD5940 49] LinuxAArch64, [0000017632DCCA00][0000017632CD9AC0 49] LinuxNoEditor, [0000017632E1F700][0000017632CDC0C0 49] LinuxAArch64NoEditor, [0000017632E9DA00][0000017632CE0240 49] LinuxClient, [0000017632E1CB00][0000017632CE43C0 49] LinuxAArch64Client, [0000017632E9DE00][0000017632CE8540 49] LinuxServer, [0000017632E1D900][0000017632CEC6C0 49] LinuxAArch64Server, [0000017632E9CA00][0000017632CF0840 49] Android, [0000017632E1D600][0000017632CF49C0 49] Android_Low, [0000017632E9DD00][0000017632CF8B40 49] Android_Mid, [0000017632E1CF00][0000017632CFCCC0 49] Android_High, [0000017632E9E400][0000017632CB8E00 49] Android_Default, [0000017632E1E800][0000017632D00F40 49] Android_Adreno4xx, [0000017632E9E300][0000017632D05080 49] Android_Adreno5xx_Low, [0000017632E1E500][0000017632D091C0 49] Android_Adreno5xx, [0000017632E9E100][0000017632D11340 49] Android_Adreno6xx, [0000017632E1E600][0000017632D154C0 49] Android_Adreno6xx_Vulkan, [0000017632E9C900][0000017632D19640 49] Android_Mali_T6xx, [0000017632E1C100][0000017632D1D7C0 49] Android_Mali_T7xx, [0000017632E9C300][0000017632D21940 49] Android_Mali_T8xx, [0000017632E1EF00][0000017632D25AC0 49] Android_Mali_G71, [0000017632E9D900][0000017632D280C0 49] Android_Mali_G72, [0000017632E1DA00][0000017632D2C240 49] Android_Mali_G72_Vulkan, [0000017632E9EA00][0000017632D303C0 49] Android_Mali_G76, [0000017632E1C400][0000017632D34540 49] Android_Mali_G76_Vulkan, [0000017632E9C800][0000017632D386C0 49] Android_Mali_G77, [0000017632DCE800][0000017632D3C840 49] Android_Mali_G77_Vulkan, [0000017632E9F200][0000017632D409C0 49] Android_Mali_G78, [0000017632DCE400][0000017632D44B40 49] Android_Mali_G78_Vulkan, [0000017632E9E600][0000017632D48CC0 49] Android_Mali_G710, [0000017632DCCD00][0000017632D4CE40 49] Android_Mali_G710_Vulkan, [0000017632E9F000][0000017632D0CF80 49] Android_Vulkan_SM5, [0000017632DCE500][0000017632D510C0 49] Android_PowerVR_G6xxx, [0000017632E9EB00][0000017632D55200 49] Android_PowerVR_GT7xxx, [0000017632DCF200][0000017632D59340 49] Android_PowerVR_GE8xxx, [0000017632E9D000][0000017632D614C0 49] Android_PowerVR_GM9xxx, [0000017632DCFF00][0000017632D65640 49] Android_PowerVR_GM9xxx_Vulkan, [0000017632E9EF00][0000017632D697C0 49] Android_TegraK1, [0000017632DCC600][0000017632D6D940 49] Android_Unknown_Vulkan, [0000017632E9E800][0000017633D81AC0 49] Lumin, [0000017632DCCE00][0000017633D840C0 49] Lumin_Desktop, [0000017632E9E700][0000017633D88240 49] HoloLens, 
[2023.07.24-05.42.36:011][  0]LogMeshReduction: Using QuadricMeshReduction for automatic static mesh reduction
[2023.07.24-05.42.36:011][  0]LogMeshReduction: Using SimplygonMeshReduction for automatic skeletal mesh reduction
[2023.07.24-05.42.36:011][  0]LogMeshReduction: Using ProxyLODMeshReduction for automatic mesh merging
[2023.07.24-05.42.36:011][  0]LogMeshReduction: No distributed automatic mesh merging module available
[2023.07.24-05.42.36:011][  0]LogMeshMerging: No distributed automatic mesh merging module available
[2023.07.24-05.42.36:022][  0]LogNetVersion: JamesStimac 1.0.0, NetCL: 17155196, EngineNetVer: 17, GameNetVer: 0 (Checksum: 2357586771)
[2023.07.24-05.42.36:235][  0]LogTexture: Default maximum texture size for cubemaps generated from long-lat sources has been changed from 512 to unlimited. In order to preserve old behaiour for '/Engine/MapTemplates/Sky/DaylightAmbientCubemap.DaylightAmbientCubemap', its maximum texture size has been explicitly set to 512.
[2023.07.24-05.42.36:270][  0]LogHMD: PokeAHoleMaterial loaded successfully
[2023.07.24-05.42.36:273][  0]LogUObjectArray: 17178 objects as part of root set at end of initial load.
[2023.07.24-05.42.36:273][  0]LogUObjectAllocator: 4302048 out of 0 bytes used by permanent object pool.
[2023.07.24-05.42.36:273][  0]LogUObjectArray: CloseDisregardForGC: 0/0 objects in disregard for GC pool
[2023.07.24-05.42.36:361][  0]LogNiagaraDebuggerClient: Niagara Debugger Client Initialized | Session: DD8F830A4D0F70BD82E1FBBF74A2496B | Instance: 836E156A4906F12C442AC49F15560C38 (CHYLSTATION-12488).
[2023.07.24-05.42.36:382][  0]LogTcpMessaging: Initializing TcpMessaging bridge
[2023.07.24-05.42.36:384][  0]LogUdpMessaging: Initializing bridge on interface 0.0.0.0:0 to multicast group 230.0.0.1:6666.
[2023.07.24-05.42.36:391][  0]LogPython: Using Python 3.7.7
[2023.07.24-05.42.37:264][  0]LogWindows: Error: === Critical error: ===
[2023.07.24-05.42.37:264][  0]LogWindows: Error: 
[2023.07.24-05.42.37:264][  0]LogWindows: Error: Fatal error!
[2023.07.24-05.42.37:264][  0]LogWindows: Error: 
[2023.07.24-05.42.37:264][  0]LogWindows: Error: Unhandled Exception: EXCEPTION_ACCESS_VIOLATION reading address 0x00000000000001d0
[2023.07.24-05.42.37:264][  0]LogWindows: Error: 
[2023.07.24-05.42.37:264][  0]LogWindows: Error: [Callstack] 0x00007ffc1230ff4d UE4Editor-Engine.dll!UnknownFunction []
[2023.07.24-05.42.37:264][  0]LogWindows: Error: [Callstack] 0x00007ffbf43539da UE4Editor-JamesStimac-0123.dll!AHerbActor::AHerbActor() [C:\Users\james\Projects\SNHU\GAM312\JamesStimac\Source\JamesStimac\HerbActor.cpp:18]
[2023.07.24-05.42.37:264][  0]LogWindows: Error: [Callstack] 0x00007ffc34ac61d3 UE4Editor-CoreUObject.dll!UnknownFunction []
[2023.07.24-05.42.37:264][  0]LogWindows: Error: [Callstack] 0x00007ffc34de8faf UE4Editor-CoreUObject.dll!UnknownFunction []
[2023.07.24-05.42.37:264][  0]LogWindows: Error: [Callstack] 0x00007ffc34dc5411 UE4Editor-CoreUObject.dll!UnknownFunction []
[2023.07.24-05.42.37:264][  0]LogWindows: Error: [Callstack] 0x00007ffc34c8ddc5 UE4Editor-CoreUObject.dll!UnknownFunction []
[2023.07.24-05.42.37:264][  0]LogWindows: Error: [Callstack] 0x00007ffc33961bea UE4Editor-Core.dll!UnknownFunction []
[2023.07.24-05.42.37:264][  0]LogWindows: Error: [Callstack] 0x00007ffc339815a3 UE4Editor-Core.dll!UnknownFunction []
[2023.07.24-05.42.37:264][  0]LogWindows: Error: [Callstack] 0x00007ffc51f66433 UE4Editor-Projects.dll!UnknownFunction []
[2023.07.24-05.42.37:264][  0]LogWindows: Error: [Callstack] 0x00007ffc51f6674f UE4Editor-Projects.dll!UnknownFunction []
[2023.07.24-05.42.37:264][  0]LogWindows: Error: [Callstack] 0x00007ff685df5642 UE4Editor.exe!UnknownFunction []
[2023.07.24-05.42.37:264][  0]LogWindows: Error: [Callstack] 0x00007ff685df9000 UE4Editor.exe!UnknownFunction []
[2023.07.24-05.42.37:264][  0]LogWindows: Error: [Callstack] 0x00007ff685df0d2c UE4Editor.exe!UnknownFunction []
[2023.07.24-05.42.37:264][  0]LogWindows: Error: [Callstack] 0x00007ff685df10ba UE4Editor.exe!UnknownFunction []
[2023.07.24-05.42.37:264][  0]LogWindows: Error: [Callstack] 0x00007ff685df40dd UE4Editor.exe!UnknownFunction []
[2023.07.24-05.42.37:264][  0]LogWindows: Error: [Callstack] 0x00007ff685e05984 UE4Editor.exe!UnknownFunction []
[2023.07.24-05.42.37:264][  0]LogWindows: Error: [Callstack] 0x00007ff685e0853a UE4Editor.exe!UnknownFunction []
[2023.07.24-05.42.37:264][  0]LogWindows: Error: [Callstack] 0x00007ffc8efb7614 KERNEL32.DLL!UnknownFunction []
[2023.07.24-05.42.37:264][  0]LogWindows: Error: [Callstack] 0x00007ffc8f5c26b1 ntdll.dll!UnknownFunction []
[2023.07.24-05.42.37:264][  0]LogWindows: Error: 
[2023.07.24-05.42.37:266][  0]LogExit: Executing StaticShutdownAfterError
[2023.07.24-05.42.37:267][  0]LogWindows: FPlatformMisc::RequestExit(1)
[2023.07.24-05.42.37:267][  0]LogWindows: FPlatformMisc::RequestExitWithStatus(1, 3)
[2023.07.24-05.42.37:267][  0]LogCore: Engine exit requested (reason: Win RequestExit)
[2023.07.24-05.42.37:276][  0]Log file closed, 07/24/23 01:42:37
