Log file open, 07/24/23 01:47:47
LogWindows: Failed to load 'aqProf.dll' (GetLastError=126)
LogWindows: File 'aqProf.dll' does not exist
LogWindows: Failed to load 'VtuneApi.dll' (GetLastError=126)
LogWindows: File 'VtuneApi.dll' does not exist
LogWindows: Failed to load 'VtuneApi32e.dll' (GetLastError=126)
LogWindows: File 'VtuneApi32e.dll' does not exist
LogConsoleResponse: Display: Failed to find resolution value strings in scalability ini. Falling back to default.
LogConsoleResponse: Display: Failed to find resolution value strings in scalability ini. Falling back to default.
LogInit: Display: Running engine for game: JamesStimac
LogPlatformFile: Not using cached read wrapper
LogTaskGraph: Started task graph with 5 named threads and 59 total threads with 3 sets of task threads.
LogStats: Stats thread started at 0.151258
LogICUInternationalization: ICU TimeZone Detection - Raw Offset: -5:00, Platform Override: ''
LogInit: Display: Loading text-based GConfig....
LogPluginManager: Mounting plugin MeshPainting
LogPluginManager: Mounting plugin XGEController
LogPluginManager: Mounting plugin AISupport
LogPluginManager: Mounting plugin Paper2D
LogPluginManager: Mounting plugin GameplayCameras
LogPluginManager: Mounting plugin CameraShakePreviewer
LogPluginManager: Mounting plugin OodleData
LogPluginManager: Mounting plugin OodleNetwork
LogPluginManager: Mounting plugin LightPropagationVolume
LogPluginManager: Mounting plugin DatasmithContent
LogPluginManager: Mounting plugin LiveLink
LogPluginManager: Mounting plugin VariantManagerContent
LogPluginManager: Mounting plugin AnimationSharing
LogPluginManager: Mounting plugin CLionSourceCodeAccess
LogPluginManager: Mounting plugin CodeLiteSourceCodeAccess
LogPluginManager: Mounting plugin NullSourceCodeAccess
LogPluginManager: Mounting plugin KDevelopSourceCodeAccess
LogPluginManager: Mounting plugin PixWinPlugin
LogPluginManager: Mounting plugin PluginUtils
LogPluginManager: Mounting plugin PlasticSourceControl
LogPluginManager: Mounting plugin PropertyAccessNode
LogPluginManager: Mounting plugin TextureFormatOodle
LogPluginManager: Mounting plugin SubversionSourceControl
LogPluginManager: Mounting plugin UObjectPlugin
LogPluginManager: Mounting plugin RiderSourceCodeAccess
LogPluginManager: Mounting plugin VisualStudioSourceCodeAccess
LogPluginManager: Mounting plugin XCodeSourceCodeAccess
LogPluginManager: Mounting plugin VisualStudioCodeSourceCodeAccess
LogPluginManager: Mounting plugin EnvironmentQueryEditor
LogPluginManager: Mounting plugin AutomationUtils
LogPluginManager: Mounting plugin AlembicImporter
LogPluginManager: Mounting plugin BackChannel
LogPluginManager: Mounting plugin ChaosCloth
LogPluginManager: Mounting plugin ChaosEditor
LogPluginManager: Mounting plugin ChaosSolverPlugin
LogPluginManager: Mounting plugin ChaosClothEditor
LogPluginManager: Mounting plugin ChaosNiagara
LogPluginManager: Mounting plugin CharacterAI
LogPluginManager: Mounting plugin GitSourceControl
LogPluginManager: Mounting plugin GeometryCache
LogPluginManager: Mounting plugin GeometryCollectionPlugin
LogPluginManager: Mounting plugin GeometryProcessing
LogPluginManager: Mounting plugin MotoSynth
LogPluginManager: Mounting plugin PlanarCut
LogPluginManager: Mounting plugin OpenImageDenoise
LogPluginManager: Mounting plugin PlatformCrypto
LogPluginManager: Mounting plugin PythonScriptPlugin
LogPluginManager: Mounting plugin ProxyLODPlugin
LogPluginManager: Mounting plugin SkeletalReduction
LogPluginManager: Mounting plugin PerforceSourceControl
LogPluginManager: Mounting plugin Niagara
LogPluginManager: Mounting plugin AssetManagerEditor
LogPluginManager: Mounting plugin CryptoKeys
LogPluginManager: Mounting plugin DataValidation
LogPluginManager: Mounting plugin CurveEditorTools
LogPluginManager: Mounting plugin FacialAnimation
LogPluginManager: Mounting plugin GeometryMode
LogPluginManager: Mounting plugin MaterialAnalyzer
LogPluginManager: Mounting plugin GameplayTagsEditor
LogPluginManager: Mounting plugin MacGraphicsSwitching
LogPluginManager: Mounting plugin PluginBrowser
LogPluginManager: Mounting plugin MobileLauncherProfileWizard
LogPluginManager: Mounting plugin SpeedTreeImporter
LogPluginManager: Mounting plugin AndroidMedia
LogPluginManager: Mounting plugin AvfMedia
LogPluginManager: Mounting plugin ImgMedia
LogPluginManager: Mounting plugin MagicLeap
LogPluginManager: Mounting plugin LuminPlatformFeatures
LogPluginManager: Mounting plugin MediaCompositing
LogPluginManager: Mounting plugin MediaPlayerEditor
LogPluginManager: Mounting plugin WmfMedia
LogPluginManager: Mounting plugin WebMMedia
LogPluginManager: Mounting plugin MagicLeapLightEstimation
LogPluginManager: Mounting plugin MagicLeapMedia
LogPluginManager: Mounting plugin ActorSequence
LogPluginManager: Mounting plugin MagicLeapPassableWorld
LogPluginManager: Mounting plugin MLSDK
LogPluginManager: Mounting plugin LevelSequenceEditor
LogPluginManager: Mounting plugin MatineeToLevelSequence
LogPluginManager: Mounting plugin TemplateSequence
LogPluginManager: Mounting plugin UdpMessaging
LogPluginManager: Mounting plugin LauncherChunkInstaller
LogPluginManager: Mounting plugin OnlineSubsystem
LogPluginManager: Mounting plugin OnlineSubsystemNull
LogPluginManager: Mounting plugin OnlineSubsystemUtils
LogPluginManager: Mounting plugin ActorLayerUtilities
LogPluginManager: Mounting plugin AndroidDeviceProfileSelector
LogPluginManager: Mounting plugin AndroidPermission
LogPluginManager: Mounting plugin AppleImageUtils
LogPluginManager: Mounting plugin AppleMoviePlayer
LogPluginManager: Mounting plugin ArchVisCharacter
LogPluginManager: Mounting plugin AudioCapture
LogPluginManager: Mounting plugin AssetTags
LogPluginManager: Mounting plugin AudioSynesthesia
LogPluginManager: Mounting plugin ChunkDownloader
LogPluginManager: Mounting plugin CableComponent
LogPluginManager: Mounting plugin EditableMesh
LogPluginManager: Mounting plugin CustomMeshComponent
LogPluginManager: Mounting plugin ExampleDeviceProfileSelector
LogPluginManager: Mounting plugin GooglePAD
LogPluginManager: Mounting plugin GoogleCloudMessaging
LogPluginManager: Mounting plugin ScreenshotTools
LogPluginManager: Mounting plugin IOSDeviceProfileSelector
LogPluginManager: Mounting plugin LinuxDeviceProfileSelector
LogPluginManager: Mounting plugin LocationServicesBPLibrary
LogPluginManager: Mounting plugin MobilePatchingUtils
LogPluginManager: Mounting plugin TcpMessaging
LogPluginManager: Mounting plugin OpenXR
LogPluginManager: Mounting plugin OpenXREyeTracker
LogPluginManager: Mounting plugin OpenXRHandTracking
LogPluginManager: Mounting plugin PhysXVehicles
LogPluginManager: Mounting plugin PostSplashScreen
LogPluginManager: Mounting plugin ProceduralMeshComponent
LogPluginManager: Mounting plugin PropertyAccessEditor
LogPluginManager: Mounting plugin SignificanceManager
LogPluginManager: Mounting plugin SoundFields
LogPluginManager: Mounting plugin Takes
LogPluginManager: Mounting plugin Synthesis
LogPluginManager: Mounting plugin WebMMoviePlayer
LogPluginManager: Mounting plugin WindowsMoviePlayer
LogPluginManager: Mounting plugin AndroidMoviePlayer
LogPluginManager: Mounting plugin RuntimePhysXCooking
LogPluginManager: Mounting plugin ContentBrowserFileDataSource
LogPluginManager: Mounting plugin ContentBrowserAssetDataSource
LogPluginManager: Mounting plugin ContentBrowserClassDataSource
LogPluginManager: Mounting plugin OnlineSubsystemIOS
LogPluginManager: Mounting plugin OnlineSubsystemGooglePlay
LogPluginManager: Mounting plugin SteamVR
LogPluginManager: Mounting plugin OculusVR
PixWinPlugin: PIX capture plugin failed to initialize! Check that the process is launched from PIX.
LogInit: Using libcurl 7.55.1-DEV
LogInit:  - built for x86_64-pc-win32
LogInit:  - supports SSL with OpenSSL/1.1.1
LogInit:  - supports HTTP deflate (compression) using libz 1.2.8
LogInit:  - other features:
LogInit:      CURL_VERSION_SSL
LogInit:      CURL_VERSION_LIBZ
LogInit:      CURL_VERSION_IPV6
LogInit:      CURL_VERSION_ASYNCHDNS
LogInit:      CURL_VERSION_LARGEFILE
LogInit:      CURL_VERSION_IDN
LogInit:  CurlRequestOptions (configurable via config and command line):
LogInit:  - bVerifyPeer = true  - Libcurl will verify peer certificate
LogInit:  - bUseHttpProxy = false  - Libcurl will NOT use HTTP proxy
LogInit:  - bDontReuseConnections = false  - Libcurl will reuse connections
LogInit:  - MaxHostConnections = 16  - Libcurl will limit the number of connections to a host
LogInit:  - LocalHostAddr = Default
LogInit:  - BufferSize = 65536
LogOnline: OSS: Creating online subsystem instance for: NULL
LogInit: WinSock: version 1.1 (2.2), MaxSocks=32767, MaxUdp=65467
LogOnline: OSS: TryLoadSubsystemAndSetDefault: Loaded subsystem for module [NULL]
LogOculusPluginWrapper: OculusPlugin initialized successfully
LogHMD: Failed initializing OVRPlugin 1.59.0
LogInit: Build: ++UE4+Release-4.27-CL-18319896
LogInit: Engine Version: 4.27.2-18319896+++UE4+Release-4.27
LogInit: Compatible Engine Version: 4.27.0-17155196+++UE4+Release-4.27
LogInit: Net CL: 17155196
LogInit: OS: Windows 10 (Release 2009) (), CPU: 12th Gen Intel(R) Core(TM) i7-12700KF, GPU: NVIDIA GeForce RTX 4060 Ti
LogInit: Compiled (64-bit): Nov 30 2021 07:12:08
LogInit: Compiled with Visual C++: 19.24.28315.00
LogInit: Build Configuration: Development
LogInit: Branch Name: ++UE4+Release-4.27
LogInit: Command Line: 
LogInit: Base Directory: C:/Program Files/Epic Games/UE_4.27/Engine/Binaries/Win64/
LogInit: Allocator: TBB
LogInit: Installed Engine Build: 1
LogDevObjectVersion: Number of dev versions registered: 29
LogDevObjectVersion:   Dev-Blueprints (B0D832E4-1F89-4F0D-ACCF-7EB736FD4AA2): 10
LogDevObjectVersion:   Dev-Build (E1C64328-A22C-4D53-A36C-8E866417BD8C): 0
LogDevObjectVersion:   Dev-Core (375EC13C-06E4-48FB-B500-84F0262A717E): 4
LogDevObjectVersion:   Dev-Editor (E4B068ED-F494-42E9-A231-DA0B2E46BB41): 40
LogDevObjectVersion:   Dev-Framework (CFFC743F-43B0-4480-9391-14DF171D2073): 37
LogDevObjectVersion:   Dev-Mobile (B02B49B5-BB20-44E9-A304-32B752E40360): 3
LogDevObjectVersion:   Dev-Networking (A4E4105C-59A1-49B5-A7C5-40C4547EDFEE): 0
LogDevObjectVersion:   Dev-Online (39C831C9-5AE6-47DC-9A44-9C173E1C8E7C): 0
LogDevObjectVersion:   Dev-Physics (78F01B33-EBEA-4F98-B9B4-84EACCB95AA2): 14
LogDevObjectVersion:   Dev-Platform (6631380F-2D4D-43E0-8009-CF276956A95A): 0
LogDevObjectVersion:   Dev-Rendering (12F88B9F-8875-4AFC-A67C-D90C383ABD29): 45
LogDevObjectVersion:   Dev-Sequencer (7B5AE74C-D270-4C10-A958-57980B212A5A): 13
LogDevObjectVersion:   Dev-VR (D7296918-1DD6-4BDD-9DE2-64A83CC13884): 3
LogDevObjectVersion:   Dev-LoadTimes (C2A15278-BFE7-4AFE-6C17-90FF531DF755): 1
LogDevObjectVersion:   Private-Geometry (6EACA3D4-40EC-4CC1-B786-8BED09428FC5): 3
LogDevObjectVersion:   Dev-AnimPhys (29E575DD-E0A3-4627-9D10-D276232CDCEA): 17
LogDevObjectVersion:   Dev-Anim (AF43A65D-7FD3-4947-9873-3E8ED9C1BB05): 15
LogDevObjectVersion:   Dev-ReflectionCapture (6B266CEC-1EC7-4B8F-A30B-E4D90942FC07): 1
LogDevObjectVersion:   Dev-Automation (0DF73D61-A23F-47EA-B727-89E90C41499A): 1
LogDevObjectVersion:   FortniteMain (601D1886-AC64-4F84-AA16-D3DE0DEAC7D6): 47
LogDevObjectVersion:   FortniteRelease (E7086368-6B23-4C58-8439-1B7016265E91): 1
LogDevObjectVersion:   Dev-Enterprise (9DFFBCD6-494F-0158-E221-12823C92A888): 10
LogDevObjectVersion:   Dev-Niagara (F2AED0AC-9AFE-416F-8664-AA7FFA26D6FC): 1
LogDevObjectVersion:   Dev-Destruction (174F1F0B-B4C6-45A5-B13F-2EE8D0FB917D): 10
LogDevObjectVersion:   Dev-Physics-Ext (35F94A83-E258-406C-A318-09F59610247C): 41
LogDevObjectVersion:   Dev-PhysicsMaterial-Chaos (B68FC16E-8B1B-42E2-B453-215C058844FE): 1
LogDevObjectVersion:   Dev-CineCamera (B2E18506-4273-CFC2-A54E-F4BB758BBA07): 1
LogDevObjectVersion:   Dev-VirtualProduction (64F58936-FD1B-42BA-BA96-7289D5D0FA4E): 1
LogDevObjectVersion:   Dev-MediaFramework (6F0ED827-A609-4895-9C91-998D90180EA4): 2
LogInit: Presizing for max 25165824 objects, including 0 objects not considered by GC, pre-allocating 0 bytes for permanent pool.
LogConfig: Applying CVar settings from Section [/Script/Engine.StreamingSettings] File [C:/Users/james/Projects/SNHU/GAM312/JamesStimac/Saved/Config/Windows/Engine.ini]
LogConfig: Setting CVar [[s.MinBulkDataSizeForAsyncLoading:131072]]
LogConfig: Setting CVar [[s.AsyncLoadingThreadEnabled:0]]
LogConfig: Setting CVar [[s.EventDrivenLoaderEnabled:1]]
LogConfig: Setting CVar [[s.WarnIfTimeLimitExceeded:0]]
LogConfig: Setting CVar [[s.TimeLimitExceededMultiplier:1.5]]
LogConfig: Setting CVar [[s.TimeLimitExceededMinTime:0.005]]
LogConfig: Setting CVar [[s.UseBackgroundLevelStreaming:1]]
LogConfig: Setting CVar [[s.PriorityAsyncLoadingExtraTime:15.0]]
LogConfig: Setting CVar [[s.LevelStreamingActorsUpdateTimeLimit:5.0]]
LogConfig: Setting CVar [[s.PriorityLevelStreamingActorsUpdateExtraTime:5.0]]
LogConfig: Setting CVar [[s.LevelStreamingComponentsRegistrationGranularity:10]]
LogConfig: Setting CVar [[s.UnregisterComponentsTimeLimit:1.0]]
LogConfig: Setting CVar [[s.LevelStreamingComponentsUnregistrationGranularity:5]]
LogConfig: Setting CVar [[s.FlushStreamingOnExit:1]]
LogInit: Object subsystem initialized
LogConfig: Setting CVar [[con.DebugEarlyDefault:1]]
LogConfig: Setting CVar [[r.setres:1280x720]]
[2023.07.24-05.47.47:985][  0]LogConfig: Setting CVar [[r.VSync:0]]
[2023.07.24-05.47.47:985][  0]LogConfig: Setting CVar [[r.RHICmdBypass:0]]
[2023.07.24-05.47.47:985][  0]LogConfig: Applying CVar settings from Section [/Script/Engine.RendererSettings] File [C:/Users/james/Projects/SNHU/GAM312/JamesStimac/Saved/Config/Windows/Engine.ini]
[2023.07.24-05.47.47:985][  0]LogConfig: Setting CVar [[r.GPUCrashDebugging:0]]
[2023.07.24-05.47.47:985][  0]LogConfig: Applying CVar settings from Section [/Script/Engine.RendererOverrideSettings] File [C:/Users/james/Projects/SNHU/GAM312/JamesStimac/Saved/Config/Windows/Engine.ini]
[2023.07.24-05.47.47:985][  0]LogConfig: Applying CVar settings from Section [/Script/Engine.StreamingSettings] File [C:/Users/james/Projects/SNHU/GAM312/JamesStimac/Saved/Config/Windows/Engine.ini]
[2023.07.24-05.47.47:985][  0]LogConfig: Setting CVar [[s.MinBulkDataSizeForAsyncLoading:131072]]
[2023.07.24-05.47.47:985][  0]LogConfig: Setting CVar [[s.AsyncLoadingThreadEnabled:0]]
[2023.07.24-05.47.47:985][  0]LogConfig: Setting CVar [[s.EventDrivenLoaderEnabled:1]]
[2023.07.24-05.47.47:985][  0]LogConfig: Setting CVar [[s.WarnIfTimeLimitExceeded:0]]
[2023.07.24-05.47.47:985][  0]LogConfig: Setting CVar [[s.TimeLimitExceededMultiplier:1.5]]
[2023.07.24-05.47.47:985][  0]LogConfig: Setting CVar [[s.TimeLimitExceededMinTime:0.005]]
[2023.07.24-05.47.47:985][  0]LogConfig: Setting CVar [[s.UseBackgroundLevelStreaming:1]]
[2023.07.24-05.47.47:985][  0]LogConfig: Setting CVar [[s.PriorityAsyncLoadingExtraTime:15.0]]
[2023.07.24-05.47.47:985][  0]LogConfig: Setting CVar [[s.LevelStreamingActorsUpdateTimeLimit:5.0]]
[2023.07.24-05.47.47:985][  0]LogConfig: Setting CVar [[s.PriorityLevelStreamingActorsUpdateExtraTime:5.0]]
[2023.07.24-05.47.47:985][  0]LogConfig: Setting CVar [[s.LevelStreamingComponentsRegistrationGranularity:10]]
[2023.07.24-05.47.47:985][  0]LogConfig: Setting CVar [[s.UnregisterComponentsTimeLimit:1.0]]
[2023.07.24-05.47.47:985][  0]LogConfig: Setting CVar [[s.LevelStreamingComponentsUnregistrationGranularity:5]]
[2023.07.24-05.47.47:985][  0]LogConfig: Setting CVar [[s.FlushStreamingOnExit:1]]
[2023.07.24-05.47.47:985][  0]LogConfig: Applying CVar settings from Section [/Script/Engine.GarbageCollectionSettings] File [C:/Users/james/Projects/SNHU/GAM312/JamesStimac/Saved/Config/Windows/Engine.ini]
[2023.07.24-05.47.47:985][  0]LogConfig: Setting CVar [[gc.MaxObjectsNotConsideredByGC:1]]
[2023.07.24-05.47.47:985][  0]LogConfig: Setting CVar [[gc.SizeOfPermanentObjectPool:0]]
[2023.07.24-05.47.47:985][  0]LogConfig: Setting CVar [[gc.FlushStreamingOnGC:0]]
[2023.07.24-05.47.47:985][  0]LogConfig: Setting CVar [[gc.NumRetriesBeforeForcingGC:10]]
[2023.07.24-05.47.47:985][  0]LogConfig: Setting CVar [[gc.AllowParallelGC:1]]
[2023.07.24-05.47.47:985][  0]LogConfig: Setting CVar [[gc.TimeBetweenPurgingPendingKillObjects:61.1]]
[2023.07.24-05.47.47:985][  0]LogConfig: Setting CVar [[gc.MaxObjectsInEditor:25165824]]
[2023.07.24-05.47.47:985][  0]LogConfig: Setting CVar [[gc.IncrementalBeginDestroyEnabled:1]]
[2023.07.24-05.47.47:985][  0]LogConfig: Setting CVar [[gc.CreateGCClusters:1]]
[2023.07.24-05.47.47:985][  0]LogConfig: Setting CVar [[gc.MinGCClusterSize:5]]
[2023.07.24-05.47.47:985][  0]LogConfig: Setting CVar [[gc.ActorClusteringEnabled:0]]
[2023.07.24-05.47.47:985][  0]LogConfig: Setting CVar [[gc.BlueprintClusteringEnabled:0]]
[2023.07.24-05.47.47:985][  0]LogConfig: Setting CVar [[gc.UseDisregardForGCOnDedicatedServers:0]]
[2023.07.24-05.47.47:985][  0]LogConfig: Setting CVar [[gc.MultithreadedDestructionEnabled:1]]
[2023.07.24-05.47.47:985][  0]LogConfig: Applying CVar settings from Section [/Script/Engine.NetworkSettings] File [C:/Users/james/Projects/SNHU/GAM312/JamesStimac/Saved/Config/Windows/Engine.ini]
[2023.07.24-05.47.47:985][  0]LogConfig: Applying CVar settings from Section [/Script/UnrealEd.CookerSettings] File [C:/Users/james/Projects/SNHU/GAM312/JamesStimac/Saved/Config/Windows/Engine.ini]
[2023.07.24-05.47.47:999][  0]LogConfig: Applying CVar settings from Section [ViewDistanceQuality@3] File [C:/Users/james/Projects/SNHU/GAM312/JamesStimac/Saved/Config/Windows/Scalability.ini]
[2023.07.24-05.47.47:999][  0]LogConfig: Setting CVar [[r.SkeletalMeshLODBias:0]]
[2023.07.24-05.47.47:999][  0]LogConfig: Setting CVar [[r.ViewDistanceScale:1.0]]
[2023.07.24-05.47.47:999][  0]LogConfig: Applying CVar settings from Section [AntiAliasingQuality@3] File [C:/Users/james/Projects/SNHU/GAM312/JamesStimac/Saved/Config/Windows/Scalability.ini]
[2023.07.24-05.47.47:999][  0]LogConfig: Setting CVar [[r.PostProcessAAQuality:4]]
[2023.07.24-05.47.47:999][  0]LogConfig: Applying CVar settings from Section [ShadowQuality@3] File [C:/Users/james/Projects/SNHU/GAM312/JamesStimac/Saved/Config/Windows/Scalability.ini]
[2023.07.24-05.47.47:999][  0]LogConfig: Setting CVar [[r.LightFunctionQuality:1]]
[2023.07.24-05.47.47:999][  0]LogConfig: Setting CVar [[r.ShadowQuality:5]]
[2023.07.24-05.47.47:999][  0]LogConfig: Setting CVar [[r.Shadow.CSM.MaxCascades:10]]
[2023.07.24-05.47.47:999][  0]LogConfig: Setting CVar [[r.Shadow.MaxResolution:2048]]
[2023.07.24-05.47.47:999][  0]LogConfig: Setting CVar [[r.Shadow.MaxCSMResolution:2048]]
[2023.07.24-05.47.47:999][  0]LogConfig: Setting CVar [[r.Shadow.RadiusThreshold:0.01]]
[2023.07.24-05.47.47:999][  0]LogConfig: Setting CVar [[r.Shadow.DistanceScale:1.0]]
[2023.07.24-05.47.47:999][  0]LogConfig: Setting CVar [[r.Shadow.CSM.TransitionScale:1.0]]
[2023.07.24-05.47.47:999][  0]LogConfig: Setting CVar [[r.Shadow.PreShadowResolutionFactor:1.0]]
[2023.07.24-05.47.47:999][  0]LogConfig: Setting CVar [[r.DistanceFieldShadowing:1]]
[2023.07.24-05.47.47:999][  0]LogConfig: Setting CVar [[r.DistanceFieldAO:1]]
[2023.07.24-05.47.47:999][  0]LogConfig: Setting CVar [[r.AOQuality:2]]
[2023.07.24-05.47.47:999][  0]LogConfig: Setting CVar [[r.VolumetricFog:1]]
[2023.07.24-05.47.47:999][  0]LogConfig: Setting CVar [[r.VolumetricFog.GridPixelSize:8]]
[2023.07.24-05.47.47:999][  0]LogConfig: Setting CVar [[r.VolumetricFog.GridSizeZ:128]]
[2023.07.24-05.47.47:999][  0]LogConfig: Setting CVar [[r.VolumetricFog.HistoryMissSupersampleCount:4]]
[2023.07.24-05.47.47:999][  0]LogConfig: Setting CVar [[r.LightMaxDrawDistanceScale:1]]
[2023.07.24-05.47.47:999][  0]LogConfig: Setting CVar [[r.CapsuleShadows:1]]
[2023.07.24-05.47.47:999][  0]LogConfig: Applying CVar settings from Section [PostProcessQuality@3] File [C:/Users/james/Projects/SNHU/GAM312/JamesStimac/Saved/Config/Windows/Scalability.ini]
[2023.07.24-05.47.47:999][  0]LogConfig: Setting CVar [[r.MotionBlurQuality:4]]
[2023.07.24-05.47.47:999][  0]LogConfig: Setting CVar [[r.AmbientOcclusionMipLevelFactor:0.4]]
[2023.07.24-05.47.47:999][  0]LogConfig: Setting CVar [[r.AmbientOcclusionMaxQuality:100]]
[2023.07.24-05.47.47:999][  0]LogConfig: Setting CVar [[r.AmbientOcclusionLevels:-1]]
[2023.07.24-05.47.47:999][  0]LogConfig: Setting CVar [[r.AmbientOcclusionRadiusScale:1.0]]
[2023.07.24-05.47.47:999][  0]LogConfig: Setting CVar [[r.DepthOfFieldQuality:2]]
[2023.07.24-05.47.47:999][  0]LogConfig: Setting CVar [[r.RenderTargetPoolMin:400]]
[2023.07.24-05.47.47:999][  0]LogConfig: Setting CVar [[r.LensFlareQuality:2]]
[2023.07.24-05.47.47:999][  0]LogConfig: Setting CVar [[r.SceneColorFringeQuality:1]]
[2023.07.24-05.47.47:999][  0]LogConfig: Setting CVar [[r.EyeAdaptationQuality:2]]
[2023.07.24-05.47.47:999][  0]LogConfig: Setting CVar [[r.BloomQuality:5]]
[2023.07.24-05.47.47:999][  0]LogConfig: Setting CVar [[r.FastBlurThreshold:100]]
[2023.07.24-05.47.47:999][  0]LogConfig: Setting CVar [[r.Upscale.Quality:3]]
[2023.07.24-05.47.47:999][  0]LogConfig: Setting CVar [[r.Tonemapper.GrainQuantization:1]]
[2023.07.24-05.47.47:999][  0]LogConfig: Setting CVar [[r.LightShaftQuality:1]]
[2023.07.24-05.47.47:999][  0]LogConfig: Setting CVar [[r.Filter.SizeScale:1]]
[2023.07.24-05.47.47:999][  0]LogConfig: Setting CVar [[r.Tonemapper.Quality:5]]
[2023.07.24-05.47.47:999][  0]LogConfig: Setting CVar [[r.DOF.Gather.AccumulatorQuality:1        ; higher gathering accumulator quality]]
[2023.07.24-05.47.47:999][  0]LogConfig: Setting CVar [[r.DOF.Gather.PostfilterMethod:1          ; Median3x3 postfilering method]]
[2023.07.24-05.47.47:999][  0]LogConfig: Setting CVar [[r.DOF.Gather.EnableBokehSettings:0       ; no bokeh simulation when gathering]]
[2023.07.24-05.47.47:999][  0]LogConfig: Setting CVar [[r.DOF.Gather.RingCount:4                 ; medium number of samples when gathering]]
[2023.07.24-05.47.47:999][  0]LogConfig: Setting CVar [[r.DOF.Scatter.ForegroundCompositing:1    ; additive foreground scattering]]
[2023.07.24-05.47.47:999][  0]LogConfig: Setting CVar [[r.DOF.Scatter.BackgroundCompositing:2    ; additive background scattering]]
[2023.07.24-05.47.48:000][  0]LogConfig: Setting CVar [[r.DOF.Scatter.EnableBokehSettings:1      ; bokeh simulation when scattering]]
[2023.07.24-05.47.48:000][  0]LogConfig: Setting CVar [[r.DOF.Scatter.MaxSpriteRatio:0.1         ; only a maximum of 10% of scattered bokeh]]
[2023.07.24-05.47.48:000][  0]LogConfig: Setting CVar [[r.DOF.Recombine.Quality:1                ; cheap slight out of focus]]
[2023.07.24-05.47.48:000][  0]LogConfig: Setting CVar [[r.DOF.Recombine.EnableBokehSettings:0    ; no bokeh simulation on slight out of focus]]
[2023.07.24-05.47.48:000][  0]LogConfig: Setting CVar [[r.DOF.TemporalAAQuality:1                ; more stable temporal accumulation]]
[2023.07.24-05.47.48:000][  0]LogConfig: Setting CVar [[r.DOF.Kernel.MaxForegroundRadius:0.025]]
[2023.07.24-05.47.48:000][  0]LogConfig: Setting CVar [[r.DOF.Kernel.MaxBackgroundRadius:0.025]]
[2023.07.24-05.47.48:000][  0]LogConfig: Applying CVar settings from Section [TextureQuality@3] File [C:/Users/james/Projects/SNHU/GAM312/JamesStimac/Saved/Config/Windows/Scalability.ini]
[2023.07.24-05.47.48:000][  0]LogConfig: Setting CVar [[r.Streaming.MipBias:0]]
[2023.07.24-05.47.48:000][  0]LogConfig: Setting CVar [[r.Streaming.AmortizeCPUToGPUCopy:0]]
[2023.07.24-05.47.48:000][  0]LogConfig: Setting CVar [[r.Streaming.MaxNumTexturesToStreamPerFrame:0]]
[2023.07.24-05.47.48:000][  0]LogConfig: Setting CVar [[r.Streaming.Boost:1]]
[2023.07.24-05.47.48:000][  0]LogConfig: Setting CVar [[r.MaxAnisotropy:8]]
[2023.07.24-05.47.48:000][  0]LogConfig: Setting CVar [[r.VT.MaxAnisotropy:8]]
[2023.07.24-05.47.48:000][  0]LogConfig: Setting CVar [[r.Streaming.LimitPoolSizeToVRAM:0]]
[2023.07.24-05.47.48:000][  0]LogConfig: Setting CVar [[r.Streaming.PoolSize:1000]]
[2023.07.24-05.47.48:000][  0]LogConfig: Setting CVar [[r.Streaming.MaxEffectiveScreenSize:0]]
[2023.07.24-05.47.48:000][  0]LogConfig: Applying CVar settings from Section [EffectsQuality@3] File [C:/Users/james/Projects/SNHU/GAM312/JamesStimac/Saved/Config/Windows/Scalability.ini]
[2023.07.24-05.47.48:000][  0]LogConfig: Setting CVar [[r.TranslucencyLightingVolumeDim:64]]
[2023.07.24-05.47.48:000][  0]LogConfig: Setting CVar [[r.RefractionQuality:2]]
[2023.07.24-05.47.48:000][  0]LogConfig: Setting CVar [[r.SSR.Quality:3]]
[2023.07.24-05.47.48:000][  0]LogConfig: Setting CVar [[r.SSR.HalfResSceneColor:0]]
[2023.07.24-05.47.48:000][  0]LogConfig: Setting CVar [[r.SceneColorFormat:4]]
[2023.07.24-05.47.48:000][  0]LogConfig: Setting CVar [[r.DetailMode:2]]
[2023.07.24-05.47.48:000][  0]LogConfig: Setting CVar [[r.TranslucencyVolumeBlur:1]]
[2023.07.24-05.47.48:000][  0]LogConfig: Setting CVar [[r.MaterialQualityLevel:1 ; High quality]]
[2023.07.24-05.47.48:000][  0]LogConfig: Setting CVar [[r.AnisotropicMaterials:1]]
[2023.07.24-05.47.48:000][  0]LogConfig: Setting CVar [[r.SSS.Scale:1]]
[2023.07.24-05.47.48:000][  0]LogConfig: Setting CVar [[r.SSS.SampleSet:2]]
[2023.07.24-05.47.48:000][  0]LogConfig: Setting CVar [[r.SSS.Quality:1]]
[2023.07.24-05.47.48:000][  0]LogConfig: Setting CVar [[r.SSS.HalfRes:0]]
[2023.07.24-05.47.48:000][  0]LogConfig: Setting CVar [[r.SSGI.Quality:3]]
[2023.07.24-05.47.48:000][  0]LogConfig: Setting CVar [[r.EmitterSpawnRateScale:1.0]]
[2023.07.24-05.47.48:000][  0]LogConfig: Setting CVar [[r.ParticleLightQuality:2]]
[2023.07.24-05.47.48:000][  0]LogConfig: Setting CVar [[r.SkyAtmosphere.AerialPerspectiveLUT.FastApplyOnOpaque:1 ; Always have FastSkyLUT 1 in this case to avoid wrong sky]]
[2023.07.24-05.47.48:000][  0]LogConfig: Setting CVar [[r.SkyAtmosphere.AerialPerspectiveLUT.SampleCountMaxPerSlice:4]]
[2023.07.24-05.47.48:000][  0]LogConfig: Setting CVar [[r.SkyAtmosphere.AerialPerspectiveLUT.DepthResolution:16.0]]
[2023.07.24-05.47.48:000][  0]LogConfig: Setting CVar [[r.SkyAtmosphere.FastSkyLUT:1]]
[2023.07.24-05.47.48:000][  0]LogConfig: Setting CVar [[r.SkyAtmosphere.FastSkyLUT.SampleCountMin:4.0]]
[2023.07.24-05.47.48:000][  0]LogConfig: Setting CVar [[r.SkyAtmosphere.FastSkyLUT.SampleCountMax:128.0]]
[2023.07.24-05.47.48:000][  0]LogConfig: Setting CVar [[r.SkyAtmosphere.SampleCountMin:4.0]]
[2023.07.24-05.47.48:000][  0]LogConfig: Setting CVar [[r.SkyAtmosphere.SampleCountMax:128.0]]
[2023.07.24-05.47.48:000][  0]LogConfig: Setting CVar [[r.SkyAtmosphere.TransmittanceLUT.UseSmallFormat:0]]
[2023.07.24-05.47.48:000][  0]LogConfig: Setting CVar [[r.SkyAtmosphere.TransmittanceLUT.SampleCount:10.0]]
[2023.07.24-05.47.48:000][  0]LogConfig: Setting CVar [[r.SkyAtmosphere.MultiScatteringLUT.SampleCount:15.0]]
[2023.07.24-05.47.48:000][  0]LogConfig: Setting CVar [[r.SkyLight.RealTimeReflectionCapture:1]]
[2023.07.24-05.47.48:000][  0]LogConfig: Applying CVar settings from Section [FoliageQuality@3] File [C:/Users/james/Projects/SNHU/GAM312/JamesStimac/Saved/Config/Windows/Scalability.ini]
[2023.07.24-05.47.48:000][  0]LogConfig: Setting CVar [[foliage.DensityScale:1.0]]
[2023.07.24-05.47.48:000][  0]LogConfig: Setting CVar [[grass.DensityScale:1.0]]
[2023.07.24-05.47.48:000][  0]LogConfig: Applying CVar settings from Section [ShadingQuality@3] File [C:/Users/james/Projects/SNHU/GAM312/JamesStimac/Saved/Config/Windows/Scalability.ini]
[2023.07.24-05.47.48:000][  0]LogConfig: Setting CVar [[r.HairStrands.SkyLighting.IntegrationType:2]]
[2023.07.24-05.47.48:000][  0]LogConfig: Setting CVar [[r.HairStrands.SkyAO.SampleCount:4]]
[2023.07.24-05.47.48:000][  0]LogConfig: Setting CVar [[r.HairStrands.Visibility.MSAA.SamplePerPixel:4]]
[2023.07.24-05.47.48:000][  0]LogInit: Selected Device Profile: [Windows]
[2023.07.24-05.47.48:000][  0]LogInit: Applying CVar settings loaded from the selected device profile: [Windows]
[2023.07.24-05.47.48:000][  0]LogHAL: Display: Platform has ~ 64 GB [68548354048 / 68719476736 / 64], which maps to Largest [LargestMinGB=32, LargerMinGB=12, DefaultMinGB=8, SmallerMinGB=6, SmallestMinGB=0)
[2023.07.24-05.47.48:000][  0]LogInit: Going up to parent DeviceProfile []
[2023.07.24-05.47.48:000][  0]LogConfig: Applying CVar settings from Section [ViewDistanceQuality@3] File [C:/Users/james/Projects/SNHU/GAM312/JamesStimac/Saved/Config/Windows/Scalability.ini]
[2023.07.24-05.47.48:000][  0]LogConfig: Setting CVar [[r.SkeletalMeshLODBias:0]]
[2023.07.24-05.47.48:000][  0]LogConfig: Setting CVar [[r.ViewDistanceScale:1.0]]
[2023.07.24-05.47.48:000][  0]LogConfig: Applying CVar settings from Section [AntiAliasingQuality@3] File [C:/Users/james/Projects/SNHU/GAM312/JamesStimac/Saved/Config/Windows/Scalability.ini]
[2023.07.24-05.47.48:000][  0]LogConfig: Setting CVar [[r.PostProcessAAQuality:4]]
[2023.07.24-05.47.48:000][  0]LogConfig: Applying CVar settings from Section [ShadowQuality@3] File [C:/Users/james/Projects/SNHU/GAM312/JamesStimac/Saved/Config/Windows/Scalability.ini]
[2023.07.24-05.47.48:000][  0]LogConfig: Setting CVar [[r.LightFunctionQuality:1]]
[2023.07.24-05.47.48:000][  0]LogConfig: Setting CVar [[r.ShadowQuality:5]]
[2023.07.24-05.47.48:000][  0]LogConfig: Setting CVar [[r.Shadow.CSM.MaxCascades:10]]
[2023.07.24-05.47.48:000][  0]LogConfig: Setting CVar [[r.Shadow.MaxResolution:2048]]
[2023.07.24-05.47.48:000][  0]LogConfig: Setting CVar [[r.Shadow.MaxCSMResolution:2048]]
[2023.07.24-05.47.48:000][  0]LogConfig: Setting CVar [[r.Shadow.RadiusThreshold:0.01]]
[2023.07.24-05.47.48:000][  0]LogConfig: Setting CVar [[r.Shadow.DistanceScale:1.0]]
[2023.07.24-05.47.48:000][  0]LogConfig: Setting CVar [[r.Shadow.CSM.TransitionScale:1.0]]
[2023.07.24-05.47.48:000][  0]LogConfig: Setting CVar [[r.Shadow.PreShadowResolutionFactor:1.0]]
[2023.07.24-05.47.48:000][  0]LogConfig: Setting CVar [[r.DistanceFieldShadowing:1]]
[2023.07.24-05.47.48:000][  0]LogConfig: Setting CVar [[r.DistanceFieldAO:1]]
[2023.07.24-05.47.48:000][  0]LogConfig: Setting CVar [[r.AOQuality:2]]
[2023.07.24-05.47.48:000][  0]LogConfig: Setting CVar [[r.VolumetricFog:1]]
[2023.07.24-05.47.48:000][  0]LogConfig: Setting CVar [[r.VolumetricFog.GridPixelSize:8]]
[2023.07.24-05.47.48:000][  0]LogConfig: Setting CVar [[r.VolumetricFog.GridSizeZ:128]]
[2023.07.24-05.47.48:000][  0]LogConfig: Setting CVar [[r.VolumetricFog.HistoryMissSupersampleCount:4]]
[2023.07.24-05.47.48:000][  0]LogConfig: Setting CVar [[r.LightMaxDrawDistanceScale:1]]
[2023.07.24-05.47.48:000][  0]LogConfig: Setting CVar [[r.CapsuleShadows:1]]
[2023.07.24-05.47.48:000][  0]LogConfig: Applying CVar settings from Section [PostProcessQuality@3] File [C:/Users/james/Projects/SNHU/GAM312/JamesStimac/Saved/Config/Windows/Scalability.ini]
[2023.07.24-05.47.48:000][  0]LogConfig: Setting CVar [[r.MotionBlurQuality:4]]
[2023.07.24-05.47.48:000][  0]LogConfig: Setting CVar [[r.AmbientOcclusionMipLevelFactor:0.4]]
[2023.07.24-05.47.48:000][  0]LogConfig: Setting CVar [[r.AmbientOcclusionMaxQuality:100]]
[2023.07.24-05.47.48:000][  0]LogConfig: Setting CVar [[r.AmbientOcclusionLevels:-1]]
[2023.07.24-05.47.48:000][  0]LogConfig: Setting CVar [[r.AmbientOcclusionRadiusScale:1.0]]
[2023.07.24-05.47.48:000][  0]LogConfig: Setting CVar [[r.DepthOfFieldQuality:2]]
[2023.07.24-05.47.48:000][  0]LogConfig: Setting CVar [[r.RenderTargetPoolMin:400]]
[2023.07.24-05.47.48:000][  0]LogConfig: Setting CVar [[r.LensFlareQuality:2]]
[2023.07.24-05.47.48:000][  0]LogConfig: Setting CVar [[r.SceneColorFringeQuality:1]]
[2023.07.24-05.47.48:000][  0]LogConfig: Setting CVar [[r.EyeAdaptationQuality:2]]
[2023.07.24-05.47.48:000][  0]LogConfig: Setting CVar [[r.BloomQuality:5]]
[2023.07.24-05.47.48:000][  0]LogConfig: Setting CVar [[r.FastBlurThreshold:100]]
[2023.07.24-05.47.48:000][  0]LogConfig: Setting CVar [[r.Upscale.Quality:3]]
[2023.07.24-05.47.48:000][  0]LogConfig: Setting CVar [[r.Tonemapper.GrainQuantization:1]]
[2023.07.24-05.47.48:000][  0]LogConfig: Setting CVar [[r.LightShaftQuality:1]]
[2023.07.24-05.47.48:000][  0]LogConfig: Setting CVar [[r.Filter.SizeScale:1]]
[2023.07.24-05.47.48:000][  0]LogConfig: Setting CVar [[r.Tonemapper.Quality:5]]
[2023.07.24-05.47.48:000][  0]LogConfig: Setting CVar [[r.DOF.Gather.AccumulatorQuality:1        ; higher gathering accumulator quality]]
[2023.07.24-05.47.48:000][  0]LogConfig: Setting CVar [[r.DOF.Gather.PostfilterMethod:1          ; Median3x3 postfilering method]]
[2023.07.24-05.47.48:000][  0]LogConfig: Setting CVar [[r.DOF.Gather.EnableBokehSettings:0       ; no bokeh simulation when gathering]]
[2023.07.24-05.47.48:000][  0]LogConfig: Setting CVar [[r.DOF.Gather.RingCount:4                 ; medium number of samples when gathering]]
[2023.07.24-05.47.48:000][  0]LogConfig: Setting CVar [[r.DOF.Scatter.ForegroundCompositing:1    ; additive foreground scattering]]
[2023.07.24-05.47.48:000][  0]LogConfig: Setting CVar [[r.DOF.Scatter.BackgroundCompositing:2    ; additive background scattering]]
[2023.07.24-05.47.48:000][  0]LogConfig: Setting CVar [[r.DOF.Scatter.EnableBokehSettings:1      ; bokeh simulation when scattering]]
[2023.07.24-05.47.48:000][  0]LogConfig: Setting CVar [[r.DOF.Scatter.MaxSpriteRatio:0.1         ; only a maximum of 10% of scattered bokeh]]
[2023.07.24-05.47.48:000][  0]LogConfig: Setting CVar [[r.DOF.Recombine.Quality:1                ; cheap slight out of focus]]
[2023.07.24-05.47.48:000][  0]LogConfig: Setting CVar [[r.DOF.Recombine.EnableBokehSettings:0    ; no bokeh simulation on slight out of focus]]
[2023.07.24-05.47.48:000][  0]LogConfig: Setting CVar [[r.DOF.TemporalAAQuality:1                ; more stable temporal accumulation]]
[2023.07.24-05.47.48:000][  0]LogConfig: Setting CVar [[r.DOF.Kernel.MaxForegroundRadius:0.025]]
[2023.07.24-05.47.48:000][  0]LogConfig: Setting CVar [[r.DOF.Kernel.MaxBackgroundRadius:0.025]]
[2023.07.24-05.47.48:000][  0]LogConfig: Applying CVar settings from Section [TextureQuality@3] File [C:/Users/james/Projects/SNHU/GAM312/JamesStimac/Saved/Config/Windows/Scalability.ini]
[2023.07.24-05.47.48:000][  0]LogConfig: Setting CVar [[r.Streaming.MipBias:0]]
[2023.07.24-05.47.48:000][  0]LogConfig: Setting CVar [[r.Streaming.AmortizeCPUToGPUCopy:0]]
[2023.07.24-05.47.48:000][  0]LogConfig: Setting CVar [[r.Streaming.MaxNumTexturesToStreamPerFrame:0]]
[2023.07.24-05.47.48:000][  0]LogConfig: Setting CVar [[r.Streaming.Boost:1]]
[2023.07.24-05.47.48:000][  0]LogConfig: Setting CVar [[r.MaxAnisotropy:8]]
[2023.07.24-05.47.48:000][  0]LogConfig: Setting CVar [[r.VT.MaxAnisotropy:8]]
[2023.07.24-05.47.48:000][  0]LogConfig: Setting CVar [[r.Streaming.LimitPoolSizeToVRAM:0]]
[2023.07.24-05.47.48:000][  0]LogConfig: Setting CVar [[r.Streaming.PoolSize:1000]]
[2023.07.24-05.47.48:000][  0]LogConfig: Setting CVar [[r.Streaming.MaxEffectiveScreenSize:0]]
[2023.07.24-05.47.48:000][  0]LogConfig: Applying CVar settings from Section [EffectsQuality@3] File [C:/Users/james/Projects/SNHU/GAM312/JamesStimac/Saved/Config/Windows/Scalability.ini]
[2023.07.24-05.47.48:000][  0]LogConfig: Setting CVar [[r.TranslucencyLightingVolumeDim:64]]
[2023.07.24-05.47.48:000][  0]LogConfig: Setting CVar [[r.RefractionQuality:2]]
[2023.07.24-05.47.48:000][  0]LogConfig: Setting CVar [[r.SSR.Quality:3]]
[2023.07.24-05.47.48:000][  0]LogConfig: Setting CVar [[r.SSR.HalfResSceneColor:0]]
[2023.07.24-05.47.48:000][  0]LogConfig: Setting CVar [[r.SceneColorFormat:4]]
[2023.07.24-05.47.48:000][  0]LogConfig: Setting CVar [[r.DetailMode:2]]
[2023.07.24-05.47.48:000][  0]LogConfig: Setting CVar [[r.TranslucencyVolumeBlur:1]]
[2023.07.24-05.47.48:000][  0]LogConfig: Setting CVar [[r.MaterialQualityLevel:1 ; High quality]]
[2023.07.24-05.47.48:000][  0]LogConfig: Setting CVar [[r.AnisotropicMaterials:1]]
[2023.07.24-05.47.48:000][  0]LogConfig: Setting CVar [[r.SSS.Scale:1]]
[2023.07.24-05.47.48:000][  0]LogConfig: Setting CVar [[r.SSS.SampleSet:2]]
[2023.07.24-05.47.48:000][  0]LogConfig: Setting CVar [[r.SSS.Quality:1]]
[2023.07.24-05.47.48:000][  0]LogConfig: Setting CVar [[r.SSS.HalfRes:0]]
[2023.07.24-05.47.48:000][  0]LogConfig: Setting CVar [[r.SSGI.Quality:3]]
[2023.07.24-05.47.48:000][  0]LogConfig: Setting CVar [[r.EmitterSpawnRateScale:1.0]]
[2023.07.24-05.47.48:000][  0]LogConfig: Setting CVar [[r.ParticleLightQuality:2]]
[2023.07.24-05.47.48:000][  0]LogConfig: Setting CVar [[r.SkyAtmosphere.AerialPerspectiveLUT.FastApplyOnOpaque:1 ; Always have FastSkyLUT 1 in this case to avoid wrong sky]]
[2023.07.24-05.47.48:000][  0]LogConfig: Setting CVar [[r.SkyAtmosphere.AerialPerspectiveLUT.SampleCountMaxPerSlice:4]]
[2023.07.24-05.47.48:000][  0]LogConfig: Setting CVar [[r.SkyAtmosphere.AerialPerspectiveLUT.DepthResolution:16.0]]
[2023.07.24-05.47.48:000][  0]LogConfig: Setting CVar [[r.SkyAtmosphere.FastSkyLUT:1]]
[2023.07.24-05.47.48:000][  0]LogConfig: Setting CVar [[r.SkyAtmosphere.FastSkyLUT.SampleCountMin:4.0]]
[2023.07.24-05.47.48:000][  0]LogConfig: Setting CVar [[r.SkyAtmosphere.FastSkyLUT.SampleCountMax:128.0]]
[2023.07.24-05.47.48:000][  0]LogConfig: Setting CVar [[r.SkyAtmosphere.SampleCountMin:4.0]]
[2023.07.24-05.47.48:000][  0]LogConfig: Setting CVar [[r.SkyAtmosphere.SampleCountMax:128.0]]
[2023.07.24-05.47.48:001][  0]LogConfig: Setting CVar [[r.SkyAtmosphere.TransmittanceLUT.UseSmallFormat:0]]
[2023.07.24-05.47.48:001][  0]LogConfig: Setting CVar [[r.SkyAtmosphere.TransmittanceLUT.SampleCount:10.0]]
[2023.07.24-05.47.48:001][  0]LogConfig: Setting CVar [[r.SkyAtmosphere.MultiScatteringLUT.SampleCount:15.0]]
[2023.07.24-05.47.48:001][  0]LogConfig: Setting CVar [[r.SkyLight.RealTimeReflectionCapture:1]]
[2023.07.24-05.47.48:001][  0]LogConfig: Applying CVar settings from Section [FoliageQuality@3] File [C:/Users/james/Projects/SNHU/GAM312/JamesStimac/Saved/Config/Windows/Scalability.ini]
[2023.07.24-05.47.48:001][  0]LogConfig: Setting CVar [[foliage.DensityScale:1.0]]
[2023.07.24-05.47.48:001][  0]LogConfig: Setting CVar [[grass.DensityScale:1.0]]
[2023.07.24-05.47.48:001][  0]LogConfig: Applying CVar settings from Section [ShadingQuality@3] File [C:/Users/james/Projects/SNHU/GAM312/JamesStimac/Saved/Config/Windows/Scalability.ini]
[2023.07.24-05.47.48:001][  0]LogConfig: Setting CVar [[r.HairStrands.SkyLighting.IntegrationType:2]]
[2023.07.24-05.47.48:001][  0]LogConfig: Setting CVar [[r.HairStrands.SkyAO.SampleCount:4]]
[2023.07.24-05.47.48:001][  0]LogConfig: Setting CVar [[r.HairStrands.Visibility.MSAA.SamplePerPixel:4]]
[2023.07.24-05.47.48:001][  0]LogConfig: Applying CVar settings from Section [Startup] File [../../../Engine/Config/ConsoleVariables.ini]
[2023.07.24-05.47.48:001][  0]LogConfig: Setting CVar [[net.UseAdaptiveNetUpdateFrequency:0]]
[2023.07.24-05.47.48:001][  0]LogConfig: Setting CVar [[p.chaos.AllowCreatePhysxBodies:1]]
[2023.07.24-05.47.48:001][  0]LogConfig: Setting CVar [[fx.SkipVectorVMBackendOptimizations:1]]
[2023.07.24-05.47.48:001][  0]LogConfig: Applying CVar settings from Section [ConsoleVariables] File [C:/Users/james/Projects/SNHU/GAM312/JamesStimac/Saved/Config/Windows/Engine.ini]
[2023.07.24-05.47.48:001][  0]LogConfig: Applying CVar settings from Section [ConsoleVariables] File [C:/Users/james/Projects/SNHU/GAM312/JamesStimac/Saved/Config/Windows/Editor.ini]
[2023.07.24-05.47.48:001][  0]LogInit: Computer: CHYLSTATION
[2023.07.24-05.47.48:001][  0]LogInit: User: james
[2023.07.24-05.47.48:001][  0]LogInit: CPU Page size=4096, Cores=12
[2023.07.24-05.47.48:001][  0]LogInit: High frequency timer resolution =10.000000 MHz
[2023.07.24-05.47.48:001][  0]LogMemory: Memory total: Physical=63.8GB (64GB approx)
[2023.07.24-05.47.48:001][  0]LogMemory: Platform Memory Stats for Windows
[2023.07.24-05.47.48:001][  0]LogMemory: Process Physical Memory: 148.86 MB used, 148.87 MB peak
[2023.07.24-05.47.48:001][  0]LogMemory: Process Virtual Memory: 126.74 MB used, 126.74 MB peak
[2023.07.24-05.47.48:001][  0]LogMemory: Physical Memory: 21022.25 MB used,  44350.55 MB free, 65372.80 MB total
[2023.07.24-05.47.48:001][  0]LogMemory: Virtual Memory: 134154664.00 MB used,  63060.36 MB free, 134217728.00 MB total
[2023.07.24-05.47.48:003][  0]LogWindows: WindowsPlatformFeatures enabled
[2023.07.24-05.47.48:027][  0]LogInit: Physics initialised using underlying interface: PhysX
[2023.07.24-05.47.48:027][  0]LogInit: Using OS detected language (en-US).
[2023.07.24-05.47.48:027][  0]LogInit: Using OS detected locale (en-US).
[2023.07.24-05.47.48:029][  0]LogTextLocalizationManager: No specific localization for 'en-US' exists, so the 'en' localization will be used.
[2023.07.24-05.47.48:134][  0]LogInit: Setting process to per monitor DPI aware
[2023.07.24-05.47.48:144][  0]LogWindowsTextInputMethodSystem: Display: IME system deactivated.
[2023.07.24-05.47.48:153][  0]LogSlate: New Slate User Created.  User Index 0, Is Virtual User: 0
[2023.07.24-05.47.48:153][  0]LogSlate: Slate User Registered.  User Index 0, Is Virtual User: 0
[2023.07.24-05.47.48:215][  0]LogD3D11RHI: Loaded GFSDK_Aftermath_Lib.x64.dll
[2023.07.24-05.47.48:216][  0]LogHMD: Failed to initialize OpenVR with code 110
[2023.07.24-05.47.48:216][  0]LogD3D11RHI: D3D11 min allowed feature level: 11_0
[2023.07.24-05.47.48:216][  0]LogD3D11RHI: D3D11 max allowed feature level: 11_0
[2023.07.24-05.47.48:216][  0]LogD3D11RHI: D3D11 adapters:
[2023.07.24-05.47.48:322][  0]LogD3D11RHI:    0. 'NVIDIA GeForce RTX 4060 Ti' (Feature Level 11_0)
[2023.07.24-05.47.48:322][  0]LogD3D11RHI:       7963/0/32686 MB DedicatedVideo/DedicatedSystem/SharedSystem, Outputs:2, VendorId:0x10de
[2023.07.24-05.47.48:323][  0]LogD3D11RHI:    1. 'Microsoft Basic Render Driver' (Feature Level 11_0)
[2023.07.24-05.47.48:323][  0]LogD3D11RHI:       0/0/32686 MB DedicatedVideo/DedicatedSystem/SharedSystem, Outputs:0, VendorId:0x1414
[2023.07.24-05.47.48:323][  0]LogD3D11RHI: Chosen D3D11 Adapter:
[2023.07.24-05.47.48:323][  0]LogD3D11RHI:     Description : NVIDIA GeForce RTX 4060 Ti
[2023.07.24-05.47.48:323][  0]LogD3D11RHI:     VendorId    : 10de
[2023.07.24-05.47.48:323][  0]LogD3D11RHI:     DeviceId    : 2803
[2023.07.24-05.47.48:323][  0]LogD3D11RHI:     SubSysId    : 88f81043
[2023.07.24-05.47.48:323][  0]LogD3D11RHI:     Revision    : 00a1
[2023.07.24-05.47.48:323][  0]LogD3D11RHI:     DedicatedVideoMemory : 8349810688 bytes
[2023.07.24-05.47.48:323][  0]LogD3D11RHI:     DedicatedSystemMemory : 0 bytes
[2023.07.24-05.47.48:323][  0]LogD3D11RHI:     SharedSystemMemory : 34274177024 bytes
[2023.07.24-05.47.48:323][  0]LogD3D11RHI:     AdapterLuid : 0 76842
[2023.07.24-05.47.48:328][  0]LogD3D11RHI: Creating new Direct3DDevice
[2023.07.24-05.47.48:328][  0]LogD3D11RHI:     GPU DeviceId: 0x2803 (for the marketing name, search the web for "GPU Device Id")
[2023.07.24-05.47.48:328][  0]LogWindows: EnumDisplayDevices:
[2023.07.24-05.47.48:328][  0]LogWindows:    0. 'NVIDIA GeForce RTX 4060 Ti' (P:0 D:1)
[2023.07.24-05.47.48:328][  0]LogWindows:    1. 'NVIDIA GeForce RTX 4060 Ti' (P:1 D:1)
[2023.07.24-05.47.48:328][  0]LogWindows:    2. 'NVIDIA GeForce RTX 4060 Ti' (P:0 D:0)
[2023.07.24-05.47.48:328][  0]LogWindows:    3. 'NVIDIA GeForce RTX 4060 Ti' (P:0 D:0)
[2023.07.24-05.47.48:328][  0]LogWindows: DebugString: FoundDriverCount:4 
[2023.07.24-05.47.48:328][  0]LogD3D11RHI:     Adapter Name: NVIDIA GeForce RTX 4060 Ti
[2023.07.24-05.47.48:328][  0]LogD3D11RHI:   Driver Version: 536.40 (internal:31.0.15.3640, unified:536.40)
[2023.07.24-05.47.48:328][  0]LogD3D11RHI:      Driver Date: 6-23-2023
[2023.07.24-05.47.48:328][  0]LogRHI: Texture pool is 5574 MB (70% of 7963 MB)
[2023.07.24-05.47.48:328][  0]LogD3D11RHI: Creating D3DDevice using adapter:
[2023.07.24-05.47.48:328][  0]LogD3D11RHI:     Description : NVIDIA GeForce RTX 4060 Ti
[2023.07.24-05.47.48:328][  0]LogD3D11RHI:     VendorId    : 10de
[2023.07.24-05.47.48:328][  0]LogD3D11RHI:     DeviceId    : 2803
[2023.07.24-05.47.48:328][  0]LogD3D11RHI:     SubSysId    : 88f81043
[2023.07.24-05.47.48:328][  0]LogD3D11RHI:     Revision    : 00a1
[2023.07.24-05.47.48:328][  0]LogD3D11RHI:     DedicatedVideoMemory : 8349810688 bytes
[2023.07.24-05.47.48:328][  0]LogD3D11RHI:     DedicatedSystemMemory : 0 bytes
[2023.07.24-05.47.48:328][  0]LogD3D11RHI:     SharedSystemMemory : 34274177024 bytes
[2023.07.24-05.47.48:328][  0]LogD3D11RHI:     AdapterLuid : 0 76842
[2023.07.24-05.47.48:392][  0]LogD3D11RHI: RHI has support for 64 bit atomics
[2023.07.24-05.47.48:392][  0]LogD3D11RHI: Async texture creation enabled
[2023.07.24-05.47.48:392][  0]LogD3D11RHI: Array index from any shader is supported
[2023.07.24-05.47.48:408][  0]LogD3D11RHI: GPU Timing Frequency: 1000.000000 (Debug: 2 1)
[2023.07.24-05.47.48:422][  0]LogRHI: GeForceNow SDK initialized: 1
[2023.07.24-05.47.48:594][  0]LogTargetPlatformManager: Display: Loaded TargetPlatform 'AllDesktop'
[2023.07.24-05.47.48:605][  0]LogTargetPlatformManager: Display: Loaded TargetPlatform 'Android'
[2023.07.24-05.47.48:605][  0]LogTargetPlatformManager: Display: Loaded TargetPlatform 'Android_ASTC'
[2023.07.24-05.47.48:605][  0]LogTargetPlatformManager: Display: Loaded TargetPlatform 'Android_DXT'
[2023.07.24-05.47.48:605][  0]LogTargetPlatformManager: Display: Loaded TargetPlatform 'Android_ETC2'
[2023.07.24-05.47.48:605][  0]LogTargetPlatformManager: Display: Loaded TargetPlatform 'AndroidClient'
[2023.07.24-05.47.48:605][  0]LogTargetPlatformManager: Display: Loaded TargetPlatform 'Android_ASTCClient'
[2023.07.24-05.47.48:605][  0]LogTargetPlatformManager: Display: Loaded TargetPlatform 'Android_DXTClient'
[2023.07.24-05.47.48:605][  0]LogTargetPlatformManager: Display: Loaded TargetPlatform 'Android_ETC2Client'
[2023.07.24-05.47.48:605][  0]LogTargetPlatformManager: Display: Loaded TargetPlatform 'Android_Multi'
[2023.07.24-05.47.48:605][  0]LogTargetPlatformManager: Display: Loaded TargetPlatform 'Android_MultiClient'
[2023.07.24-05.47.48:615][  0]LogTargetPlatformManager: Display: Loaded TargetPlatform 'IOSClient'
[2023.07.24-05.47.48:615][  0]LogTargetPlatformManager: Display: Loaded TargetPlatform 'IOS'
[2023.07.24-05.47.48:620][  0]LogTargetPlatformManager: Display: Loaded TargetPlatform 'Linux'
[2023.07.24-05.47.48:622][  0]LogTargetPlatformManager: Display: Loaded TargetPlatform 'LinuxNoEditor'
[2023.07.24-05.47.48:624][  0]LogTargetPlatformManager: Display: Loaded TargetPlatform 'LinuxClient'
[2023.07.24-05.47.48:626][  0]LogTargetPlatformManager: Display: Loaded TargetPlatform 'LinuxServer'
[2023.07.24-05.47.48:631][  0]LogTargetPlatformManager: Display: Loaded TargetPlatform 'LinuxAArch64NoEditor'
[2023.07.24-05.47.48:633][  0]LogTargetPlatformManager: Display: Loaded TargetPlatform 'LinuxAArch64Client'
[2023.07.24-05.47.48:636][  0]LogTargetPlatformManager: Display: Loaded TargetPlatform 'LinuxAArch64Server'
[2023.07.24-05.47.48:648][  0]LogTargetPlatformManager: Display: Loaded TargetPlatform 'Lumin'
[2023.07.24-05.47.48:648][  0]LogTargetPlatformManager: Display: Loaded TargetPlatform 'LuminClient'
[2023.07.24-05.47.48:653][  0]LogTargetPlatformManager: Display: Loaded TargetPlatform 'MacNoEditor'
[2023.07.24-05.47.48:655][  0]LogTargetPlatformManager: Display: Loaded TargetPlatform 'Mac'
[2023.07.24-05.47.48:657][  0]LogTargetPlatformManager: Display: Loaded TargetPlatform 'MacClient'
[2023.07.24-05.47.48:659][  0]LogTargetPlatformManager: Display: Loaded TargetPlatform 'MacServer'
[2023.07.24-05.47.48:664][  0]LogTargetPlatformManager: Display: Loaded TargetPlatform 'TVOSClient'
[2023.07.24-05.47.48:664][  0]LogTargetPlatformManager: Display: Loaded TargetPlatform 'TVOS'
[2023.07.24-05.47.48:669][  0]LogTargetPlatformManager: Display: Loaded TargetPlatform 'WindowsNoEditor'
[2023.07.24-05.47.48:671][  0]LogTargetPlatformManager: Display: Loaded TargetPlatform 'Windows'
[2023.07.24-05.47.48:673][  0]LogTargetPlatformManager: Display: Loaded TargetPlatform 'WindowsClient'
[2023.07.24-05.47.48:675][  0]LogTargetPlatformManager: Display: Loaded TargetPlatform 'WindowsServer'
[2023.07.24-05.47.48:675][  0]LogTargetPlatformManager: Display: Building Assets For Windows
[2023.07.24-05.47.48:679][  0]LogAudioDebug: Display: Lib vorbis DLL was dynamically loaded.
[2023.07.24-05.47.48:696][  0]LogTextureFormatOodle: Display: Oodle Texture 2.9.0 init RDO Off
[2023.07.24-05.47.48:712][  0]LogRendererCore: Ray tracing is disabled. Reason: r.RayTracing=0.
[2023.07.24-05.47.48:712][  0]LogShaderCompilers: Guid format shader working directory is -17 characters bigger than the processId version (../../../../../../Users/james/Projects/SNHU/GAM312/JamesStimac/Intermediate/Shaders/WorkingDirectory/26504/).
[2023.07.24-05.47.48:712][  0]LogShaderCompilers: Cleaned the shader compiler working directory 'C:/Users/james/AppData/Local/Temp/UnrealShaderWorkingDir/05C838324757BFB736E40A9197F8E36A/'.
[2023.07.24-05.47.48:712][  0]LogXGEController: Cannot use XGE Controller as Incredibuild is not installed on this machine.
[2023.07.24-05.47.48:712][  0]LogShaderCompilers: Cannot use XGE Shader Compiler as Incredibuild is not installed on this machine.
[2023.07.24-05.47.48:712][  0]LogShaderCompilers: Display: Using Local Shader Compiler.
[2023.07.24-05.47.49:177][  0]LogDerivedDataCache: Display: Max Cache Size: 512 MB
[2023.07.24-05.47.49:215][  0]LogDerivedDataCache: Loaded boot cache 0.04s 99MB C:/Users/james/AppData/Local/UnrealEngine/4.27/DerivedDataCache/Boot.ddc.
[2023.07.24-05.47.49:215][  0]LogDerivedDataCache: Display: Loaded Boot cache: C:/Users/james/AppData/Local/UnrealEngine/4.27/DerivedDataCache/Boot.ddc
[2023.07.24-05.47.49:216][  0]LogDerivedDataCache: FDerivedDataBackendGraph:  Pak pak cache file ../../../../../../Users/james/Projects/SNHU/GAM312/JamesStimac/DerivedDataCache/DDC.ddp not found, will not use a pak cache.
[2023.07.24-05.47.49:216][  0]LogDerivedDataCache: Unable to find inner node Pak for hierarchical cache Hierarchy.
[2023.07.24-05.47.49:216][  0]LogDerivedDataCache: FDerivedDataBackendGraph:  CompressedPak pak cache file ../../../../../../Users/james/Projects/SNHU/GAM312/JamesStimac/DerivedDataCache/Compressed.ddp not found, will not use a pak cache.
[2023.07.24-05.47.49:216][  0]LogDerivedDataCache: Unable to find inner node CompressedPak for hierarchical cache Hierarchy.
[2023.07.24-05.47.49:226][  0]LogDerivedDataCache: Display: Pak cache opened for reading ../../../Engine/DerivedDataCache/Compressed.ddp.
[2023.07.24-05.47.49:226][  0]LogDerivedDataCache: FDerivedDataBackendGraph:  EnterprisePak pak cache file ../../../Enterprise/DerivedDataCache/Compressed.ddp not found, will not use a pak cache.
[2023.07.24-05.47.49:226][  0]LogDerivedDataCache: Unable to find inner node EnterprisePak for hierarchical cache Hierarchy.
[2023.07.24-05.47.49:233][  0]LogDerivedDataCache: Speed tests for C:/Users/james/AppData/Local/UnrealEngine/Common/DerivedDataCache took 0.01 seconds
[2023.07.24-05.47.49:233][  0]LogDerivedDataCache: Display: Performance to C:/Users/james/AppData/Local/UnrealEngine/Common/DerivedDataCache: Latency=0.01ms. RandomReadSpeed=2553.39MBs, RandomWriteSpeed=152.02MBs. Assigned SpeedClass 'Local'
[2023.07.24-05.47.49:234][  0]LogDerivedDataCache: Using Local data cache path C:/Users/james/AppData/Local/UnrealEngine/Common/DerivedDataCache: Writable
[2023.07.24-05.47.49:234][  0]LogDerivedDataCache: Shared data cache path not found in *engine.ini, will not use an Shared cache.
[2023.07.24-05.47.49:234][  0]LogDerivedDataCache: Unable to find inner node Shared for hierarchical cache Hierarchy.
[2023.07.24-05.47.49:264][  0]LogSlate: Using FreeType 2.10.0
[2023.07.24-05.47.49:264][  0]LogSlate: SlateFontServices - WITH_FREETYPE: 1, WITH_HARFBUZZ: 1
[2023.07.24-05.47.49:281][  0]LogAssetRegistry: FAssetRegistry took 0.0017 seconds to start up
[2023.07.24-05.47.49:403][  0]LogInit: Selected Device Profile: [Windows]
[2023.07.24-05.47.49:403][  0]LogInit: Active device profile: [000001A59C98FA00][000001A599EA3780 49] Windows
[2023.07.24-05.47.49:403][  0]LogInit: Profiles: [000001A59C98FA00][000001A599EA3780 49] Windows, [000001A59C948700][000001A599EAB900 49] WindowsNoEditor, [000001A59C98C700][000001A599EAFA80 49] WindowsServer, [000001A59C949200][000001A599EB3C00 49] WindowsClient, [000001A59C98D100][000001A599EB6200 49] IOS, [000001A59C94B500][000001A599EBA380 49] iPadAir, [000001A59C98F400][000001A599EBE500 49] iPadAir2, [000001A59C8F3900][000001A599EA6780 49] IPadPro, [000001A59C8F3A00][000001A599EC27C0 49] iPadAir3, [000001A59C98EE00][000001A599EC6900 49] iPadAir4, [000001A59C8F0C00][000001A599ECAA40 49] iPadMini2, [000001A59C98F500][000001A59AB0CB80 49] iPadMini3, [000001A59C8F2900][000001A59AB14D00 49] iPadMini4, [000001A59C98EA00][000001A59AB18E80 49] iPadMini5, [000001A59C943200][000001A59AB21140 49] iPhone6, [000001A59C943300][000001A59AB1D180 49] iPodTouch6, [000001A59C8F2000][000001A59AB29440 49] iPhone7, [000001A59C8F2100][000001A59AB25480 49] iPodTouch7, [000001A59C940B00][000001A59AB2D600 49] iPhone5S, [000001A59C8F3E00][000001A59AB31780 49] iPhone6Plus, [000001A59C942A00][000001A59AB35900 49] iPhone6S, [000001A59C8F1100][000001A59AB39A80 49] iPhone6SPlus, [000001A59C943000][000001A59AB3DC00 49] iPhone7Plus, [000001A59C8F1300][000001A59AB40200 49] iPhoneSE, [000001A59C942200][000001A59AB44380 49] iPhone8, [000001A59C8F2C00][000001A59AB48500 49] iPhone8Plus, [000001A59C943600][000001A59AB4C680 49] iPhoneX, [000001A59C8F3C00][000001A59AB50800 49] iPhoneXS, [000001A59C940700][000001A59AB10940 49] iPhoneXSMax, [000001A59C8F3100][000001A59AB54A80 49] iPhoneXR, [000001A59C942B00][000001A59AB58BC0 49] iPhone11, [000001A59C8F2E00][000001A59AB5CD00 49] iPhone11Pro, [000001A59C942100][000001A59AB64E80 49] iPhone11ProMax, [000001A59C8F0A00][000001A59AB69000 49] iPhoneSE2, [000001A59C942400][000001A59AB6D180 49] iPhone12Mini, [000001A59C8F1400][000001A59AB71300 49] iPhone12, [000001A59C940D00][000001A59AB75480 49] iPhone12Pro, [000001A59C8F1E00][000001A59AB79600 49] iPhone12ProMax, [000001A59C940C00][000001A59AB7D780 49] iPadPro105, [000001A59C8F1D00][000001A59AB81900 49] iPadPro129, [000001A59C941800][000001A59AB85A80 49] iPadPro97, [000001A59C8F2400][000001A59AB89C00 49] iPadPro2_129, [000001A59C940600][000001A59AB8C200 49] iPad5, [000001A59C8F3B00][000001A59AB90380 49] iPad6, [000001A59C943500][000001A59AB94500 49] iPad7, [000001A59C8F0400][000001A59AB98680 49] iPad8, [000001A59C943400][000001A59AB9C800 49] iPadPro11, [000001A59C8F1C00][000001A59ABA0980 49] iPadPro2_11, [000001A59C941D00][000001A59ABA4B00 49] iPadPro3_129, [000001A59C8F3700][000001A59AB60C40 49] iPadPro4_129, [000001A59C941400][000001A59ABA8D80 49] AppleTV, [000001A59C8F2D00][000001A59ABACEC0 49] AppleTV4K, [000001A59C941300][000001A59ABB5040 49] TVOS, [000001A59C8F2500][000001A59ABB91C0 49] Mac, [000001A59C942C00][000001A59ABBD340 49] MacClient, [000001A59C8F1800][000001A59ABC14C0 49] MacNoEditor, [000001A59C940900][000001A59ABC5640 49] MacServer, [000001A59C8F0800][000001A59ABC97C0 49] Linux, [000001A59C948B00][000001A59ABCD940 49] LinuxAArch64, [000001A59C9CD300][000001A59ABD1AC0 49] LinuxNoEditor, [000001A59C94AD00][000001A59ABD40C0 49] LinuxAArch64NoEditor, [000001A59C9CCB00][000001A59ABD8240 49] LinuxClient, [000001A59C949000][000001A59ABDC3C0 49] LinuxAArch64Client, [000001A59C9CD700][000001A59ABE0540 49] LinuxServer, [000001A59C949700][000001A59ABE46C0 49] LinuxAArch64Server, [000001A59C9CE200][000001A59ABE8840 49] Android, [000001A59C94A700][000001A59ABEC9C0 49] Android_Low, [000001A59C9CC700][000001A59ABF0B40 49] Android_Mid, [000001A59C94A900][000001A59ABF4CC0 49] Android_High, [000001A59C9CDF00][000001A59ABB0E00 49] Android_Default, [000001A59C948500][000001A59ABF8F40 49] Android_Adreno4xx, [000001A59C9CCE00][000001A59ABFD080 49] Android_Adreno5xx_Low, [000001A59C948400][000001A59AC011C0 49] Android_Adreno5xx, [000001A59C9CC500][000001A59AC09340 49] Android_Adreno6xx, [000001A59C94B100][000001A59AC0D4C0 49] Android_Adreno6xx_Vulkan, [000001A59C9CC400][000001A59AC11640 49] Android_Mali_T6xx, [000001A59C948C00][000001A59AC157C0 49] Android_Mali_T7xx, [000001A59C9CE000][000001A59AC19940 49] Android_Mali_T8xx, [000001A59C948200][000001A59AC1DAC0 49] Android_Mali_G71, [000001A59C9CC600][000001A59AC200C0 49] Android_Mali_G72, [000001A59C949D00][000001A59AC24240 49] Android_Mali_G72_Vulkan, [000001A59C9CD200][000001A59AC283C0 49] Android_Mali_G76, [000001A59C8F0100][000001A59AC2C540 49] Android_Mali_G76_Vulkan, [000001A59C9CD600][000001A59AC306C0 49] Android_Mali_G77, [000001A59C8F1200][000001A59AC34840 49] Android_Mali_G77_Vulkan, [000001A59C9CEF00][000001A59AC389C0 49] Android_Mali_G78, [000001A59C8F0200][000001A59AC3CB40 49] Android_Mali_G78_Vulkan, [000001A59C9CF000][000001A59AC40CC0 49] Android_Mali_G710, [000001A59C8F3000][000001A59AC44E40 49] Android_Mali_G710_Vulkan, [000001A59C9CD400][000001A59AC04F80 49] Android_Vulkan_SM5, [000001A59C8F2A00][000001A59AC490C0 49] Android_PowerVR_G6xxx, [000001A59C9CEC00][000001A59AC4D200 49] Android_PowerVR_GT7xxx, [000001A59C8F3300][000001A59AC51340 49] Android_PowerVR_GE8xxx, [000001A59C9CDB00][000001A59AC594C0 49] Android_PowerVR_GM9xxx, [000001A59C8F3D00][000001A59AC5D640 49] Android_PowerVR_GM9xxx_Vulkan, [000001A59C9CEE00][000001A59A4517C0 49] Android_TegraK1, [000001A59C8F2300][000001A59A455940 49] Android_Unknown_Vulkan, [000001A59C9CC200][000001A59A459AC0 49] Lumin, [000001A59C8F0D00][000001A59A45C0C0 49] Lumin_Desktop, [000001A59C9CD500][000001A59A460240 49] HoloLens, 
[2023.07.24-05.47.49:475][  0]LogMeshReduction: Using QuadricMeshReduction for automatic static mesh reduction
[2023.07.24-05.47.49:475][  0]LogMeshReduction: Using SimplygonMeshReduction for automatic skeletal mesh reduction
[2023.07.24-05.47.49:475][  0]LogMeshReduction: Using ProxyLODMeshReduction for automatic mesh merging
[2023.07.24-05.47.49:475][  0]LogMeshReduction: No distributed automatic mesh merging module available
[2023.07.24-05.47.49:475][  0]LogMeshMerging: No distributed automatic mesh merging module available
[2023.07.24-05.47.49:486][  0]LogNetVersion: JamesStimac 1.0.0, NetCL: 17155196, EngineNetVer: 17, GameNetVer: 0 (Checksum: 2357586771)
[2023.07.24-05.47.49:702][  0]LogTexture: Default maximum texture size for cubemaps generated from long-lat sources has been changed from 512 to unlimited. In order to preserve old behaiour for '/Engine/MapTemplates/Sky/DaylightAmbientCubemap.DaylightAmbientCubemap', its maximum texture size has been explicitly set to 512.
[2023.07.24-05.47.49:737][  0]LogHMD: PokeAHoleMaterial loaded successfully
[2023.07.24-05.47.49:740][  0]LogUObjectArray: 17178 objects as part of root set at end of initial load.
[2023.07.24-05.47.49:740][  0]LogUObjectAllocator: 4302048 out of 0 bytes used by permanent object pool.
[2023.07.24-05.47.49:740][  0]LogUObjectArray: CloseDisregardForGC: 0/0 objects in disregard for GC pool
[2023.07.24-05.47.49:821][  0]LogPython: Using Python 3.7.7
[2023.07.24-05.47.50:090][  0]LogNiagaraDebuggerClient: Niagara Debugger Client Initialized | Session: ADD9BEA34A8D64A96A76CFB335FB57C8 | Instance: E48E0BDC4FCA3299A264A19E43739EEA (CHYLSTATION-26504).
[2023.07.24-05.47.50:227][  0]LogUdpMessaging: Initializing bridge on interface 0.0.0.0:0 to multicast group 230.0.0.1:6666.
[2023.07.24-05.47.50:239][  0]LogTcpMessaging: Initializing TcpMessaging bridge
[2023.07.24-05.47.50:712][  0]LogWindows: Error: === Critical error: ===
[2023.07.24-05.47.50:712][  0]LogWindows: Error: 
[2023.07.24-05.47.50:712][  0]LogWindows: Error: Fatal error!
[2023.07.24-05.47.50:712][  0]LogWindows: Error: 
[2023.07.24-05.47.50:712][  0]LogWindows: Error: Unhandled Exception: EXCEPTION_ACCESS_VIOLATION reading address 0x00000000000001d0
[2023.07.24-05.47.50:712][  0]LogWindows: Error: 
[2023.07.24-05.47.50:712][  0]LogWindows: Error: [Callstack] 0x00007ffc1230ff4d UE4Editor-Engine.dll!UnknownFunction []
[2023.07.24-05.47.50:712][  0]LogWindows: Error: [Callstack] 0x00007ffbf50839da UE4Editor-JamesStimac-0123.dll!AHerbActor::AHerbActor() [C:\Users\james\Projects\SNHU\GAM312\JamesStimac\Source\JamesStimac\HerbActor.cpp:18]
[2023.07.24-05.47.50:712][  0]LogWindows: Error: [Callstack] 0x00007ffc2c8061d3 UE4Editor-CoreUObject.dll!UnknownFunction []
[2023.07.24-05.47.50:712][  0]LogWindows: Error: [Callstack] 0x00007ffc2cb28faf UE4Editor-CoreUObject.dll!UnknownFunction []
[2023.07.24-05.47.50:712][  0]LogWindows: Error: [Callstack] 0x00007ffc2cb05411 UE4Editor-CoreUObject.dll!UnknownFunction []
[2023.07.24-05.47.50:712][  0]LogWindows: Error: [Callstack] 0x00007ffc2c9cddc5 UE4Editor-CoreUObject.dll!UnknownFunction []
[2023.07.24-05.47.50:712][  0]LogWindows: Error: [Callstack] 0x00007ffc33961bea UE4Editor-Core.dll!UnknownFunction []
[2023.07.24-05.47.50:712][  0]LogWindows: Error: [Callstack] 0x00007ffc339815a3 UE4Editor-Core.dll!UnknownFunction []
[2023.07.24-05.47.50:712][  0]LogWindows: Error: [Callstack] 0x00007ffc5f8c6433 UE4Editor-Projects.dll!UnknownFunction []
[2023.07.24-05.47.50:712][  0]LogWindows: Error: [Callstack] 0x00007ffc5f8c674f UE4Editor-Projects.dll!UnknownFunction []
[2023.07.24-05.47.50:712][  0]LogWindows: Error: [Callstack] 0x00007ff685df5642 UE4Editor.exe!UnknownFunction []
[2023.07.24-05.47.50:712][  0]LogWindows: Error: [Callstack] 0x00007ff685df9000 UE4Editor.exe!UnknownFunction []
[2023.07.24-05.47.50:712][  0]LogWindows: Error: [Callstack] 0x00007ff685df0d2c UE4Editor.exe!UnknownFunction []
[2023.07.24-05.47.50:712][  0]LogWindows: Error: [Callstack] 0x00007ff685df10ba UE4Editor.exe!UnknownFunction []
[2023.07.24-05.47.50:712][  0]LogWindows: Error: [Callstack] 0x00007ff685df40dd UE4Editor.exe!UnknownFunction []
[2023.07.24-05.47.50:712][  0]LogWindows: Error: [Callstack] 0x00007ff685e05984 UE4Editor.exe!UnknownFunction []
[2023.07.24-05.47.50:712][  0]LogWindows: Error: [Callstack] 0x00007ff685e0853a UE4Editor.exe!UnknownFunction []
[2023.07.24-05.47.50:712][  0]LogWindows: Error: [Callstack] 0x00007ffc8efb7614 KERNEL32.DLL!UnknownFunction []
[2023.07.24-05.47.50:712][  0]LogWindows: Error: [Callstack] 0x00007ffc8f5c26b1 ntdll.dll!UnknownFunction []
[2023.07.24-05.47.50:712][  0]LogWindows: Error: 
[2023.07.24-05.47.50:722][  0]LogExit: Executing StaticShutdownAfterError
[2023.07.24-05.47.50:723][  0]LogWindows: FPlatformMisc::RequestExit(1)
[2023.07.24-05.47.50:723][  0]LogWindows: FPlatformMisc::RequestExitWithStatus(1, 3)
[2023.07.24-05.47.50:723][  0]LogCore: Engine exit requested (reason: Win RequestExit)
[2023.07.24-05.47.50:731][  0]Log file closed, 07/24/23 01:47:50
