Log file open, 07/24/23 01:53:25
LogWindows: Failed to load 'aqProf.dll' (GetLastError=126)
LogWindows: File 'aqProf.dll' does not exist
LogWindows: Failed to load 'VtuneApi.dll' (GetLastError=126)
LogWindows: File 'VtuneApi.dll' does not exist
LogWindows: Failed to load 'VtuneApi32e.dll' (GetLastError=126)
LogWindows: File 'VtuneApi32e.dll' does not exist
LogConsoleResponse: Display: Failed to find resolution value strings in scalability ini. Falling back to default.
LogConsoleResponse: Display: Failed to find resolution value strings in scalability ini. Falling back to default.
LogInit: Display: Running engine for game: JamesStimac
LogPlatformFile: Not using cached read wrapper
LogTaskGraph: Started task graph with 5 named threads and 59 total threads with 3 sets of task threads.
LogStats: Stats thread started at 0.151706
LogICUInternationalization: ICU TimeZone Detection - Raw Offset: -5:00, Platform Override: ''
LogInit: Display: Loading text-based GConfig....
LogPluginManager: Mounting plugin MeshPainting
LogPluginManager: Mounting plugin XGEController
LogPluginManager: Mounting plugin Paper2D
LogPluginManager: Mounting plugin LiveLink
LogPluginManager: Mounting plugin AISupport
LogPluginManager: Mounting plugin LightPropagationVolume
LogPluginManager: Mounting plugin EnvironmentQueryEditor
LogPluginManager: Mounting plugin OodleData
LogPluginManager: Mounting plugin OodleNetwork
LogPluginManager: Mounting plugin CryptoKeys
LogPluginManager: Mounting plugin AssetManagerEditor
LogPluginManager: Mounting plugin CurveEditorTools
LogPluginManager: Mounting plugin DataValidation
LogPluginManager: Mounting plugin FacialAnimation
LogPluginManager: Mounting plugin MaterialAnalyzer
LogPluginManager: Mounting plugin GameplayTagsEditor
LogPluginManager: Mounting plugin GeometryMode
LogPluginManager: Mounting plugin PluginBrowser
LogPluginManager: Mounting plugin SpeedTreeImporter
LogPluginManager: Mounting plugin MobileLauncherProfileWizard
LogPluginManager: Mounting plugin CameraShakePreviewer
LogPluginManager: Mounting plugin GameplayCameras
LogPluginManager: Mounting plugin Niagara
LogPluginManager: Mounting plugin MacGraphicsSwitching
LogPluginManager: Mounting plugin AlembicImporter
LogPluginManager: Mounting plugin AutomationUtils
LogPluginManager: Mounting plugin BackChannel
LogPluginManager: Mounting plugin ChaosCloth
LogPluginManager: Mounting plugin ChaosEditor
LogPluginManager: Mounting plugin ChaosNiagara
LogPluginManager: Mounting plugin ChaosClothEditor
LogPluginManager: Mounting plugin CharacterAI
LogPluginManager: Mounting plugin ChaosSolverPlugin
LogPluginManager: Mounting plugin GeometryCache
LogPluginManager: Mounting plugin GeometryCollectionPlugin
LogPluginManager: Mounting plugin GeometryProcessing
LogPluginManager: Mounting plugin MotoSynth
LogPluginManager: Mounting plugin OpenImageDenoise
LogPluginManager: Mounting plugin PlanarCut
LogPluginManager: Mounting plugin ProxyLODPlugin
LogPluginManager: Mounting plugin PlatformCrypto
LogPluginManager: Mounting plugin SkeletalReduction
LogPluginManager: Mounting plugin TcpMessaging
LogPluginManager: Mounting plugin UdpMessaging
LogPluginManager: Mounting plugin DatasmithContent
LogPluginManager: Mounting plugin VariantManagerContent
LogPluginManager: Mounting plugin AndroidMedia
LogPluginManager: Mounting plugin AvfMedia
LogPluginManager: Mounting plugin ImgMedia
LogPluginManager: Mounting plugin MediaCompositing
LogPluginManager: Mounting plugin MediaPlayerEditor
LogPluginManager: Mounting plugin WebMMedia
LogPluginManager: Mounting plugin LuminPlatformFeatures
LogPluginManager: Mounting plugin WmfMedia
LogPluginManager: Mounting plugin ActorSequence
LogPluginManager: Mounting plugin MagicLeap
LogPluginManager: Mounting plugin LevelSequenceEditor
LogPluginManager: Mounting plugin TemplateSequence
LogPluginManager: Mounting plugin MagicLeapMedia
LogPluginManager: Mounting plugin MagicLeapLightEstimation
LogPluginManager: Mounting plugin MagicLeapPassableWorld
LogPluginManager: Mounting plugin MLSDK
LogPluginManager: Mounting plugin LauncherChunkInstaller
LogPluginManager: Mounting plugin OnlineSubsystem
LogPluginManager: Mounting plugin OnlineSubsystemNull
LogPluginManager: Mounting plugin OnlineSubsystemUtils
LogPluginManager: Mounting plugin ActorLayerUtilities
LogPluginManager: Mounting plugin AndroidDeviceProfileSelector
LogPluginManager: Mounting plugin MatineeToLevelSequence
LogPluginManager: Mounting plugin AndroidPermission
LogPluginManager: Mounting plugin AndroidMoviePlayer
LogPluginManager: Mounting plugin AppleImageUtils
LogPluginManager: Mounting plugin ArchVisCharacter
LogPluginManager: Mounting plugin ScreenshotTools
LogPluginManager: Mounting plugin AssetTags
LogPluginManager: Mounting plugin AudioCapture
LogPluginManager: Mounting plugin ChunkDownloader
LogPluginManager: Mounting plugin AudioSynesthesia
LogPluginManager: Mounting plugin CableComponent
LogPluginManager: Mounting plugin CustomMeshComponent
LogPluginManager: Mounting plugin ExampleDeviceProfileSelector
LogPluginManager: Mounting plugin EditableMesh
LogPluginManager: Mounting plugin GoogleCloudMessaging
LogPluginManager: Mounting plugin GooglePAD
LogPluginManager: Mounting plugin LinuxDeviceProfileSelector
LogPluginManager: Mounting plugin IOSDeviceProfileSelector
LogPluginManager: Mounting plugin LocationServicesBPLibrary
LogPluginManager: Mounting plugin MobilePatchingUtils
LogPluginManager: Mounting plugin OpenXREyeTracker
LogPluginManager: Mounting plugin OpenXR
LogPluginManager: Mounting plugin OpenXRHandTracking
LogPluginManager: Mounting plugin PhysXVehicles
LogPluginManager: Mounting plugin PythonScriptPlugin
LogPluginManager: Mounting plugin Takes
LogPluginManager: Mounting plugin PostSplashScreen
LogPluginManager: Mounting plugin ProceduralMeshComponent
LogPluginManager: Mounting plugin SignificanceManager
LogPluginManager: Mounting plugin PropertyAccessEditor
LogPluginManager: Mounting plugin SoundFields
LogPluginManager: Mounting plugin Synthesis
LogPluginManager: Mounting plugin WebMMoviePlayer
LogPluginManager: Mounting plugin WindowsMoviePlayer
LogPluginManager: Mounting plugin AnimationSharing
LogPluginManager: Mounting plugin CLionSourceCodeAccess
LogPluginManager: Mounting plugin KDevelopSourceCodeAccess
LogPluginManager: Mounting plugin CodeLiteSourceCodeAccess
LogPluginManager: Mounting plugin NullSourceCodeAccess
LogPluginManager: Mounting plugin GitSourceControl
LogPluginManager: Mounting plugin PerforceSourceControl
LogPluginManager: Mounting plugin PixWinPlugin
LogPluginManager: Mounting plugin PlasticSourceControl
LogPluginManager: Mounting plugin SubversionSourceControl
LogPluginManager: Mounting plugin PluginUtils
LogPluginManager: Mounting plugin PropertyAccessNode
LogPluginManager: Mounting plugin TextureFormatOodle
LogPluginManager: Mounting plugin XCodeSourceCodeAccess
LogPluginManager: Mounting plugin UObjectPlugin
LogPluginManager: Mounting plugin RiderSourceCodeAccess
LogPluginManager: Mounting plugin VisualStudioCodeSourceCodeAccess
LogPluginManager: Mounting plugin RuntimePhysXCooking
LogPluginManager: Mounting plugin VisualStudioSourceCodeAccess
LogPluginManager: Mounting plugin AppleMoviePlayer
LogPluginManager: Mounting plugin ContentBrowserAssetDataSource
LogPluginManager: Mounting plugin ContentBrowserClassDataSource
LogPluginManager: Mounting plugin ContentBrowserFileDataSource
LogPluginManager: Mounting plugin OnlineSubsystemGooglePlay
LogPluginManager: Mounting plugin OnlineSubsystemIOS
LogPluginManager: Mounting plugin OculusVR
LogPluginManager: Mounting plugin SteamVR
LogInit: Using libcurl 7.55.1-DEV
LogInit:  - built for x86_64-pc-win32
LogInit:  - supports SSL with OpenSSL/1.1.1
LogInit:  - supports HTTP deflate (compression) using libz 1.2.8
LogInit:  - other features:
LogInit:      CURL_VERSION_SSL
LogInit:      CURL_VERSION_LIBZ
LogInit:      CURL_VERSION_IPV6
LogInit:      CURL_VERSION_ASYNCHDNS
LogInit:      CURL_VERSION_LARGEFILE
LogInit:      CURL_VERSION_IDN
LogInit:  CurlRequestOptions (configurable via config and command line):
LogInit:  - bVerifyPeer = true  - Libcurl will verify peer certificate
LogInit:  - bUseHttpProxy = false  - Libcurl will NOT use HTTP proxy
LogInit:  - bDontReuseConnections = false  - Libcurl will reuse connections
LogInit:  - MaxHostConnections = 16  - Libcurl will limit the number of connections to a host
LogInit:  - LocalHostAddr = Default
LogInit:  - BufferSize = 65536
LogOnline: OSS: Creating online subsystem instance for: NULL
LogInit: WinSock: version 1.1 (2.2), MaxSocks=32767, MaxUdp=65467
LogOnline: OSS: TryLoadSubsystemAndSetDefault: Loaded subsystem for module [NULL]
PixWinPlugin: PIX capture plugin failed to initialize! Check that the process is launched from PIX.
LogOculusPluginWrapper: OculusPlugin initialized successfully
LogHMD: Failed initializing OVRPlugin 1.59.0
LogInit: Build: ++UE4+Release-4.27-CL-18319896
LogInit: Engine Version: 4.27.2-18319896+++UE4+Release-4.27
LogInit: Compatible Engine Version: 4.27.0-17155196+++UE4+Release-4.27
LogInit: Net CL: 17155196
LogInit: OS: Windows 10 (Release 2009) (), CPU: 12th Gen Intel(R) Core(TM) i7-12700KF, GPU: NVIDIA GeForce RTX 4060 Ti
LogInit: Compiled (64-bit): Nov 30 2021 07:12:08
LogInit: Compiled with Visual C++: 19.24.28315.00
LogInit: Build Configuration: Development
LogInit: Branch Name: ++UE4+Release-4.27
LogInit: Command Line: 
LogInit: Base Directory: C:/Program Files/Epic Games/UE_4.27/Engine/Binaries/Win64/
LogInit: Allocator: TBB
LogInit: Installed Engine Build: 1
LogDevObjectVersion: Number of dev versions registered: 29
LogDevObjectVersion:   Dev-Blueprints (B0D832E4-1F89-4F0D-ACCF-7EB736FD4AA2): 10
LogDevObjectVersion:   Dev-Build (E1C64328-A22C-4D53-A36C-8E866417BD8C): 0
LogDevObjectVersion:   Dev-Core (375EC13C-06E4-48FB-B500-84F0262A717E): 4
LogDevObjectVersion:   Dev-Editor (E4B068ED-F494-42E9-A231-DA0B2E46BB41): 40
LogDevObjectVersion:   Dev-Framework (CFFC743F-43B0-4480-9391-14DF171D2073): 37
LogDevObjectVersion:   Dev-Mobile (B02B49B5-BB20-44E9-A304-32B752E40360): 3
LogDevObjectVersion:   Dev-Networking (A4E4105C-59A1-49B5-A7C5-40C4547EDFEE): 0
LogDevObjectVersion:   Dev-Online (39C831C9-5AE6-47DC-9A44-9C173E1C8E7C): 0
LogDevObjectVersion:   Dev-Physics (78F01B33-EBEA-4F98-B9B4-84EACCB95AA2): 14
LogDevObjectVersion:   Dev-Platform (6631380F-2D4D-43E0-8009-CF276956A95A): 0
LogDevObjectVersion:   Dev-Rendering (12F88B9F-8875-4AFC-A67C-D90C383ABD29): 45
LogDevObjectVersion:   Dev-Sequencer (7B5AE74C-D270-4C10-A958-57980B212A5A): 13
LogDevObjectVersion:   Dev-VR (D7296918-1DD6-4BDD-9DE2-64A83CC13884): 3
LogDevObjectVersion:   Dev-LoadTimes (C2A15278-BFE7-4AFE-6C17-90FF531DF755): 1
LogDevObjectVersion:   Private-Geometry (6EACA3D4-40EC-4CC1-B786-8BED09428FC5): 3
LogDevObjectVersion:   Dev-AnimPhys (29E575DD-E0A3-4627-9D10-D276232CDCEA): 17
LogDevObjectVersion:   Dev-Anim (AF43A65D-7FD3-4947-9873-3E8ED9C1BB05): 15
LogDevObjectVersion:   Dev-ReflectionCapture (6B266CEC-1EC7-4B8F-A30B-E4D90942FC07): 1
LogDevObjectVersion:   Dev-Automation (0DF73D61-A23F-47EA-B727-89E90C41499A): 1
LogDevObjectVersion:   FortniteMain (601D1886-AC64-4F84-AA16-D3DE0DEAC7D6): 47
LogDevObjectVersion:   FortniteRelease (E7086368-6B23-4C58-8439-1B7016265E91): 1
LogDevObjectVersion:   Dev-Enterprise (9DFFBCD6-494F-0158-E221-12823C92A888): 10
LogDevObjectVersion:   Dev-Niagara (F2AED0AC-9AFE-416F-8664-AA7FFA26D6FC): 1
LogDevObjectVersion:   Dev-Destruction (174F1F0B-B4C6-45A5-B13F-2EE8D0FB917D): 10
LogDevObjectVersion:   Dev-Physics-Ext (35F94A83-E258-406C-A318-09F59610247C): 41
LogDevObjectVersion:   Dev-PhysicsMaterial-Chaos (B68FC16E-8B1B-42E2-B453-215C058844FE): 1
LogDevObjectVersion:   Dev-CineCamera (B2E18506-4273-CFC2-A54E-F4BB758BBA07): 1
LogDevObjectVersion:   Dev-VirtualProduction (64F58936-FD1B-42BA-BA96-7289D5D0FA4E): 1
LogDevObjectVersion:   Dev-MediaFramework (6F0ED827-A609-4895-9C91-998D90180EA4): 2
LogInit: Presizing for max 25165824 objects, including 0 objects not considered by GC, pre-allocating 0 bytes for permanent pool.
LogConfig: Applying CVar settings from Section [/Script/Engine.StreamingSettings] File [C:/Users/james/Projects/SNHU/GAM312/JamesStimac/Saved/Config/Windows/Engine.ini]
LogConfig: Setting CVar [[s.MinBulkDataSizeForAsyncLoading:131072]]
LogConfig: Setting CVar [[s.AsyncLoadingThreadEnabled:0]]
LogConfig: Setting CVar [[s.EventDrivenLoaderEnabled:1]]
LogConfig: Setting CVar [[s.WarnIfTimeLimitExceeded:0]]
LogConfig: Setting CVar [[s.TimeLimitExceededMultiplier:1.5]]
LogConfig: Setting CVar [[s.TimeLimitExceededMinTime:0.005]]
LogConfig: Setting CVar [[s.UseBackgroundLevelStreaming:1]]
LogConfig: Setting CVar [[s.PriorityAsyncLoadingExtraTime:15.0]]
LogConfig: Setting CVar [[s.LevelStreamingActorsUpdateTimeLimit:5.0]]
LogConfig: Setting CVar [[s.PriorityLevelStreamingActorsUpdateExtraTime:5.0]]
LogConfig: Setting CVar [[s.LevelStreamingComponentsRegistrationGranularity:10]]
LogConfig: Setting CVar [[s.UnregisterComponentsTimeLimit:1.0]]
LogConfig: Setting CVar [[s.LevelStreamingComponentsUnregistrationGranularity:5]]
LogConfig: Setting CVar [[s.FlushStreamingOnExit:1]]
LogInit: Object subsystem initialized
LogConfig: Setting CVar [[con.DebugEarlyDefault:1]]
LogConfig: Setting CVar [[r.setres:1280x720]]
[2023.07.24-05.53.25:482][  0]LogConfig: Setting CVar [[r.VSync:0]]
[2023.07.24-05.53.25:482][  0]LogConfig: Setting CVar [[r.RHICmdBypass:0]]
[2023.07.24-05.53.25:482][  0]LogConfig: Applying CVar settings from Section [/Script/Engine.RendererSettings] File [C:/Users/james/Projects/SNHU/GAM312/JamesStimac/Saved/Config/Windows/Engine.ini]
[2023.07.24-05.53.25:483][  0]LogConfig: Setting CVar [[r.GPUCrashDebugging:0]]
[2023.07.24-05.53.25:483][  0]LogConfig: Applying CVar settings from Section [/Script/Engine.RendererOverrideSettings] File [C:/Users/james/Projects/SNHU/GAM312/JamesStimac/Saved/Config/Windows/Engine.ini]
[2023.07.24-05.53.25:483][  0]LogConfig: Applying CVar settings from Section [/Script/Engine.StreamingSettings] File [C:/Users/james/Projects/SNHU/GAM312/JamesStimac/Saved/Config/Windows/Engine.ini]
[2023.07.24-05.53.25:483][  0]LogConfig: Setting CVar [[s.MinBulkDataSizeForAsyncLoading:131072]]
[2023.07.24-05.53.25:483][  0]LogConfig: Setting CVar [[s.AsyncLoadingThreadEnabled:0]]
[2023.07.24-05.53.25:483][  0]LogConfig: Setting CVar [[s.EventDrivenLoaderEnabled:1]]
[2023.07.24-05.53.25:483][  0]LogConfig: Setting CVar [[s.WarnIfTimeLimitExceeded:0]]
[2023.07.24-05.53.25:483][  0]LogConfig: Setting CVar [[s.TimeLimitExceededMultiplier:1.5]]
[2023.07.24-05.53.25:483][  0]LogConfig: Setting CVar [[s.TimeLimitExceededMinTime:0.005]]
[2023.07.24-05.53.25:483][  0]LogConfig: Setting CVar [[s.UseBackgroundLevelStreaming:1]]
[2023.07.24-05.53.25:483][  0]LogConfig: Setting CVar [[s.PriorityAsyncLoadingExtraTime:15.0]]
[2023.07.24-05.53.25:483][  0]LogConfig: Setting CVar [[s.LevelStreamingActorsUpdateTimeLimit:5.0]]
[2023.07.24-05.53.25:483][  0]LogConfig: Setting CVar [[s.PriorityLevelStreamingActorsUpdateExtraTime:5.0]]
[2023.07.24-05.53.25:483][  0]LogConfig: Setting CVar [[s.LevelStreamingComponentsRegistrationGranularity:10]]
[2023.07.24-05.53.25:483][  0]LogConfig: Setting CVar [[s.UnregisterComponentsTimeLimit:1.0]]
[2023.07.24-05.53.25:483][  0]LogConfig: Setting CVar [[s.LevelStreamingComponentsUnregistrationGranularity:5]]
[2023.07.24-05.53.25:483][  0]LogConfig: Setting CVar [[s.FlushStreamingOnExit:1]]
[2023.07.24-05.53.25:483][  0]LogConfig: Applying CVar settings from Section [/Script/Engine.GarbageCollectionSettings] File [C:/Users/james/Projects/SNHU/GAM312/JamesStimac/Saved/Config/Windows/Engine.ini]
[2023.07.24-05.53.25:483][  0]LogConfig: Setting CVar [[gc.MaxObjectsNotConsideredByGC:1]]
[2023.07.24-05.53.25:483][  0]LogConfig: Setting CVar [[gc.SizeOfPermanentObjectPool:0]]
[2023.07.24-05.53.25:483][  0]LogConfig: Setting CVar [[gc.FlushStreamingOnGC:0]]
[2023.07.24-05.53.25:483][  0]LogConfig: Setting CVar [[gc.NumRetriesBeforeForcingGC:10]]
[2023.07.24-05.53.25:483][  0]LogConfig: Setting CVar [[gc.AllowParallelGC:1]]
[2023.07.24-05.53.25:483][  0]LogConfig: Setting CVar [[gc.TimeBetweenPurgingPendingKillObjects:61.1]]
[2023.07.24-05.53.25:483][  0]LogConfig: Setting CVar [[gc.MaxObjectsInEditor:25165824]]
[2023.07.24-05.53.25:483][  0]LogConfig: Setting CVar [[gc.IncrementalBeginDestroyEnabled:1]]
[2023.07.24-05.53.25:483][  0]LogConfig: Setting CVar [[gc.CreateGCClusters:1]]
[2023.07.24-05.53.25:483][  0]LogConfig: Setting CVar [[gc.MinGCClusterSize:5]]
[2023.07.24-05.53.25:483][  0]LogConfig: Setting CVar [[gc.ActorClusteringEnabled:0]]
[2023.07.24-05.53.25:483][  0]LogConfig: Setting CVar [[gc.BlueprintClusteringEnabled:0]]
[2023.07.24-05.53.25:483][  0]LogConfig: Setting CVar [[gc.UseDisregardForGCOnDedicatedServers:0]]
[2023.07.24-05.53.25:483][  0]LogConfig: Setting CVar [[gc.MultithreadedDestructionEnabled:1]]
[2023.07.24-05.53.25:483][  0]LogConfig: Applying CVar settings from Section [/Script/Engine.NetworkSettings] File [C:/Users/james/Projects/SNHU/GAM312/JamesStimac/Saved/Config/Windows/Engine.ini]
[2023.07.24-05.53.25:483][  0]LogConfig: Applying CVar settings from Section [/Script/UnrealEd.CookerSettings] File [C:/Users/james/Projects/SNHU/GAM312/JamesStimac/Saved/Config/Windows/Engine.ini]
[2023.07.24-05.53.25:498][  0]LogConfig: Applying CVar settings from Section [ViewDistanceQuality@3] File [C:/Users/james/Projects/SNHU/GAM312/JamesStimac/Saved/Config/Windows/Scalability.ini]
[2023.07.24-05.53.25:498][  0]LogConfig: Setting CVar [[r.SkeletalMeshLODBias:0]]
[2023.07.24-05.53.25:498][  0]LogConfig: Setting CVar [[r.ViewDistanceScale:1.0]]
[2023.07.24-05.53.25:498][  0]LogConfig: Applying CVar settings from Section [AntiAliasingQuality@3] File [C:/Users/james/Projects/SNHU/GAM312/JamesStimac/Saved/Config/Windows/Scalability.ini]
[2023.07.24-05.53.25:498][  0]LogConfig: Setting CVar [[r.PostProcessAAQuality:4]]
[2023.07.24-05.53.25:498][  0]LogConfig: Applying CVar settings from Section [ShadowQuality@3] File [C:/Users/james/Projects/SNHU/GAM312/JamesStimac/Saved/Config/Windows/Scalability.ini]
[2023.07.24-05.53.25:498][  0]LogConfig: Setting CVar [[r.LightFunctionQuality:1]]
[2023.07.24-05.53.25:498][  0]LogConfig: Setting CVar [[r.ShadowQuality:5]]
[2023.07.24-05.53.25:498][  0]LogConfig: Setting CVar [[r.Shadow.CSM.MaxCascades:10]]
[2023.07.24-05.53.25:498][  0]LogConfig: Setting CVar [[r.Shadow.MaxResolution:2048]]
[2023.07.24-05.53.25:498][  0]LogConfig: Setting CVar [[r.Shadow.MaxCSMResolution:2048]]
[2023.07.24-05.53.25:498][  0]LogConfig: Setting CVar [[r.Shadow.RadiusThreshold:0.01]]
[2023.07.24-05.53.25:498][  0]LogConfig: Setting CVar [[r.Shadow.DistanceScale:1.0]]
[2023.07.24-05.53.25:498][  0]LogConfig: Setting CVar [[r.Shadow.CSM.TransitionScale:1.0]]
[2023.07.24-05.53.25:498][  0]LogConfig: Setting CVar [[r.Shadow.PreShadowResolutionFactor:1.0]]
[2023.07.24-05.53.25:498][  0]LogConfig: Setting CVar [[r.DistanceFieldShadowing:1]]
[2023.07.24-05.53.25:498][  0]LogConfig: Setting CVar [[r.DistanceFieldAO:1]]
[2023.07.24-05.53.25:498][  0]LogConfig: Setting CVar [[r.AOQuality:2]]
[2023.07.24-05.53.25:498][  0]LogConfig: Setting CVar [[r.VolumetricFog:1]]
[2023.07.24-05.53.25:498][  0]LogConfig: Setting CVar [[r.VolumetricFog.GridPixelSize:8]]
[2023.07.24-05.53.25:498][  0]LogConfig: Setting CVar [[r.VolumetricFog.GridSizeZ:128]]
[2023.07.24-05.53.25:498][  0]LogConfig: Setting CVar [[r.VolumetricFog.HistoryMissSupersampleCount:4]]
[2023.07.24-05.53.25:498][  0]LogConfig: Setting CVar [[r.LightMaxDrawDistanceScale:1]]
[2023.07.24-05.53.25:498][  0]LogConfig: Setting CVar [[r.CapsuleShadows:1]]
[2023.07.24-05.53.25:498][  0]LogConfig: Applying CVar settings from Section [PostProcessQuality@3] File [C:/Users/james/Projects/SNHU/GAM312/JamesStimac/Saved/Config/Windows/Scalability.ini]
[2023.07.24-05.53.25:498][  0]LogConfig: Setting CVar [[r.MotionBlurQuality:4]]
[2023.07.24-05.53.25:498][  0]LogConfig: Setting CVar [[r.AmbientOcclusionMipLevelFactor:0.4]]
[2023.07.24-05.53.25:498][  0]LogConfig: Setting CVar [[r.AmbientOcclusionMaxQuality:100]]
[2023.07.24-05.53.25:498][  0]LogConfig: Setting CVar [[r.AmbientOcclusionLevels:-1]]
[2023.07.24-05.53.25:498][  0]LogConfig: Setting CVar [[r.AmbientOcclusionRadiusScale:1.0]]
[2023.07.24-05.53.25:498][  0]LogConfig: Setting CVar [[r.DepthOfFieldQuality:2]]
[2023.07.24-05.53.25:498][  0]LogConfig: Setting CVar [[r.RenderTargetPoolMin:400]]
[2023.07.24-05.53.25:498][  0]LogConfig: Setting CVar [[r.LensFlareQuality:2]]
[2023.07.24-05.53.25:498][  0]LogConfig: Setting CVar [[r.SceneColorFringeQuality:1]]
[2023.07.24-05.53.25:498][  0]LogConfig: Setting CVar [[r.EyeAdaptationQuality:2]]
[2023.07.24-05.53.25:498][  0]LogConfig: Setting CVar [[r.BloomQuality:5]]
[2023.07.24-05.53.25:498][  0]LogConfig: Setting CVar [[r.FastBlurThreshold:100]]
[2023.07.24-05.53.25:498][  0]LogConfig: Setting CVar [[r.Upscale.Quality:3]]
[2023.07.24-05.53.25:498][  0]LogConfig: Setting CVar [[r.Tonemapper.GrainQuantization:1]]
[2023.07.24-05.53.25:498][  0]LogConfig: Setting CVar [[r.LightShaftQuality:1]]
[2023.07.24-05.53.25:498][  0]LogConfig: Setting CVar [[r.Filter.SizeScale:1]]
[2023.07.24-05.53.25:498][  0]LogConfig: Setting CVar [[r.Tonemapper.Quality:5]]
[2023.07.24-05.53.25:498][  0]LogConfig: Setting CVar [[r.DOF.Gather.AccumulatorQuality:1        ; higher gathering accumulator quality]]
[2023.07.24-05.53.25:498][  0]LogConfig: Setting CVar [[r.DOF.Gather.PostfilterMethod:1          ; Median3x3 postfilering method]]
[2023.07.24-05.53.25:498][  0]LogConfig: Setting CVar [[r.DOF.Gather.EnableBokehSettings:0       ; no bokeh simulation when gathering]]
[2023.07.24-05.53.25:498][  0]LogConfig: Setting CVar [[r.DOF.Gather.RingCount:4                 ; medium number of samples when gathering]]
[2023.07.24-05.53.25:498][  0]LogConfig: Setting CVar [[r.DOF.Scatter.ForegroundCompositing:1    ; additive foreground scattering]]
[2023.07.24-05.53.25:498][  0]LogConfig: Setting CVar [[r.DOF.Scatter.BackgroundCompositing:2    ; additive background scattering]]
[2023.07.24-05.53.25:498][  0]LogConfig: Setting CVar [[r.DOF.Scatter.EnableBokehSettings:1      ; bokeh simulation when scattering]]
[2023.07.24-05.53.25:498][  0]LogConfig: Setting CVar [[r.DOF.Scatter.MaxSpriteRatio:0.1         ; only a maximum of 10% of scattered bokeh]]
[2023.07.24-05.53.25:498][  0]LogConfig: Setting CVar [[r.DOF.Recombine.Quality:1                ; cheap slight out of focus]]
[2023.07.24-05.53.25:498][  0]LogConfig: Setting CVar [[r.DOF.Recombine.EnableBokehSettings:0    ; no bokeh simulation on slight out of focus]]
[2023.07.24-05.53.25:498][  0]LogConfig: Setting CVar [[r.DOF.TemporalAAQuality:1                ; more stable temporal accumulation]]
[2023.07.24-05.53.25:498][  0]LogConfig: Setting CVar [[r.DOF.Kernel.MaxForegroundRadius:0.025]]
[2023.07.24-05.53.25:498][  0]LogConfig: Setting CVar [[r.DOF.Kernel.MaxBackgroundRadius:0.025]]
[2023.07.24-05.53.25:498][  0]LogConfig: Applying CVar settings from Section [TextureQuality@3] File [C:/Users/james/Projects/SNHU/GAM312/JamesStimac/Saved/Config/Windows/Scalability.ini]
[2023.07.24-05.53.25:498][  0]LogConfig: Setting CVar [[r.Streaming.MipBias:0]]
[2023.07.24-05.53.25:498][  0]LogConfig: Setting CVar [[r.Streaming.AmortizeCPUToGPUCopy:0]]
[2023.07.24-05.53.25:498][  0]LogConfig: Setting CVar [[r.Streaming.MaxNumTexturesToStreamPerFrame:0]]
[2023.07.24-05.53.25:498][  0]LogConfig: Setting CVar [[r.Streaming.Boost:1]]
[2023.07.24-05.53.25:498][  0]LogConfig: Setting CVar [[r.MaxAnisotropy:8]]
[2023.07.24-05.53.25:498][  0]LogConfig: Setting CVar [[r.VT.MaxAnisotropy:8]]
[2023.07.24-05.53.25:498][  0]LogConfig: Setting CVar [[r.Streaming.LimitPoolSizeToVRAM:0]]
[2023.07.24-05.53.25:498][  0]LogConfig: Setting CVar [[r.Streaming.PoolSize:1000]]
[2023.07.24-05.53.25:498][  0]LogConfig: Setting CVar [[r.Streaming.MaxEffectiveScreenSize:0]]
[2023.07.24-05.53.25:498][  0]LogConfig: Applying CVar settings from Section [EffectsQuality@3] File [C:/Users/james/Projects/SNHU/GAM312/JamesStimac/Saved/Config/Windows/Scalability.ini]
[2023.07.24-05.53.25:498][  0]LogConfig: Setting CVar [[r.TranslucencyLightingVolumeDim:64]]
[2023.07.24-05.53.25:498][  0]LogConfig: Setting CVar [[r.RefractionQuality:2]]
[2023.07.24-05.53.25:498][  0]LogConfig: Setting CVar [[r.SSR.Quality:3]]
[2023.07.24-05.53.25:498][  0]LogConfig: Setting CVar [[r.SSR.HalfResSceneColor:0]]
[2023.07.24-05.53.25:498][  0]LogConfig: Setting CVar [[r.SceneColorFormat:4]]
[2023.07.24-05.53.25:498][  0]LogConfig: Setting CVar [[r.DetailMode:2]]
[2023.07.24-05.53.25:498][  0]LogConfig: Setting CVar [[r.TranslucencyVolumeBlur:1]]
[2023.07.24-05.53.25:498][  0]LogConfig: Setting CVar [[r.MaterialQualityLevel:1 ; High quality]]
[2023.07.24-05.53.25:498][  0]LogConfig: Setting CVar [[r.AnisotropicMaterials:1]]
[2023.07.24-05.53.25:498][  0]LogConfig: Setting CVar [[r.SSS.Scale:1]]
[2023.07.24-05.53.25:498][  0]LogConfig: Setting CVar [[r.SSS.SampleSet:2]]
[2023.07.24-05.53.25:498][  0]LogConfig: Setting CVar [[r.SSS.Quality:1]]
[2023.07.24-05.53.25:498][  0]LogConfig: Setting CVar [[r.SSS.HalfRes:0]]
[2023.07.24-05.53.25:498][  0]LogConfig: Setting CVar [[r.SSGI.Quality:3]]
[2023.07.24-05.53.25:498][  0]LogConfig: Setting CVar [[r.EmitterSpawnRateScale:1.0]]
[2023.07.24-05.53.25:498][  0]LogConfig: Setting CVar [[r.ParticleLightQuality:2]]
[2023.07.24-05.53.25:498][  0]LogConfig: Setting CVar [[r.SkyAtmosphere.AerialPerspectiveLUT.FastApplyOnOpaque:1 ; Always have FastSkyLUT 1 in this case to avoid wrong sky]]
[2023.07.24-05.53.25:498][  0]LogConfig: Setting CVar [[r.SkyAtmosphere.AerialPerspectiveLUT.SampleCountMaxPerSlice:4]]
[2023.07.24-05.53.25:498][  0]LogConfig: Setting CVar [[r.SkyAtmosphere.AerialPerspectiveLUT.DepthResolution:16.0]]
[2023.07.24-05.53.25:498][  0]LogConfig: Setting CVar [[r.SkyAtmosphere.FastSkyLUT:1]]
[2023.07.24-05.53.25:498][  0]LogConfig: Setting CVar [[r.SkyAtmosphere.FastSkyLUT.SampleCountMin:4.0]]
[2023.07.24-05.53.25:498][  0]LogConfig: Setting CVar [[r.SkyAtmosphere.FastSkyLUT.SampleCountMax:128.0]]
[2023.07.24-05.53.25:498][  0]LogConfig: Setting CVar [[r.SkyAtmosphere.SampleCountMin:4.0]]
[2023.07.24-05.53.25:498][  0]LogConfig: Setting CVar [[r.SkyAtmosphere.SampleCountMax:128.0]]
[2023.07.24-05.53.25:498][  0]LogConfig: Setting CVar [[r.SkyAtmosphere.TransmittanceLUT.UseSmallFormat:0]]
[2023.07.24-05.53.25:498][  0]LogConfig: Setting CVar [[r.SkyAtmosphere.TransmittanceLUT.SampleCount:10.0]]
[2023.07.24-05.53.25:498][  0]LogConfig: Setting CVar [[r.SkyAtmosphere.MultiScatteringLUT.SampleCount:15.0]]
[2023.07.24-05.53.25:498][  0]LogConfig: Setting CVar [[r.SkyLight.RealTimeReflectionCapture:1]]
[2023.07.24-05.53.25:498][  0]LogConfig: Applying CVar settings from Section [FoliageQuality@3] File [C:/Users/james/Projects/SNHU/GAM312/JamesStimac/Saved/Config/Windows/Scalability.ini]
[2023.07.24-05.53.25:498][  0]LogConfig: Setting CVar [[foliage.DensityScale:1.0]]
[2023.07.24-05.53.25:498][  0]LogConfig: Setting CVar [[grass.DensityScale:1.0]]
[2023.07.24-05.53.25:498][  0]LogConfig: Applying CVar settings from Section [ShadingQuality@3] File [C:/Users/james/Projects/SNHU/GAM312/JamesStimac/Saved/Config/Windows/Scalability.ini]
[2023.07.24-05.53.25:498][  0]LogConfig: Setting CVar [[r.HairStrands.SkyLighting.IntegrationType:2]]
[2023.07.24-05.53.25:498][  0]LogConfig: Setting CVar [[r.HairStrands.SkyAO.SampleCount:4]]
[2023.07.24-05.53.25:498][  0]LogConfig: Setting CVar [[r.HairStrands.Visibility.MSAA.SamplePerPixel:4]]
[2023.07.24-05.53.25:498][  0]LogInit: Selected Device Profile: [Windows]
[2023.07.24-05.53.25:498][  0]LogInit: Applying CVar settings loaded from the selected device profile: [Windows]
[2023.07.24-05.53.25:498][  0]LogHAL: Display: Platform has ~ 64 GB [68548354048 / 68719476736 / 64], which maps to Largest [LargestMinGB=32, LargerMinGB=12, DefaultMinGB=8, SmallerMinGB=6, SmallestMinGB=0)
[2023.07.24-05.53.25:498][  0]LogInit: Going up to parent DeviceProfile []
[2023.07.24-05.53.25:498][  0]LogConfig: Applying CVar settings from Section [ViewDistanceQuality@3] File [C:/Users/james/Projects/SNHU/GAM312/JamesStimac/Saved/Config/Windows/Scalability.ini]
[2023.07.24-05.53.25:498][  0]LogConfig: Setting CVar [[r.SkeletalMeshLODBias:0]]
[2023.07.24-05.53.25:498][  0]LogConfig: Setting CVar [[r.ViewDistanceScale:1.0]]
[2023.07.24-05.53.25:498][  0]LogConfig: Applying CVar settings from Section [AntiAliasingQuality@3] File [C:/Users/james/Projects/SNHU/GAM312/JamesStimac/Saved/Config/Windows/Scalability.ini]
[2023.07.24-05.53.25:498][  0]LogConfig: Setting CVar [[r.PostProcessAAQuality:4]]
[2023.07.24-05.53.25:498][  0]LogConfig: Applying CVar settings from Section [ShadowQuality@3] File [C:/Users/james/Projects/SNHU/GAM312/JamesStimac/Saved/Config/Windows/Scalability.ini]
[2023.07.24-05.53.25:498][  0]LogConfig: Setting CVar [[r.LightFunctionQuality:1]]
[2023.07.24-05.53.25:498][  0]LogConfig: Setting CVar [[r.ShadowQuality:5]]
[2023.07.24-05.53.25:498][  0]LogConfig: Setting CVar [[r.Shadow.CSM.MaxCascades:10]]
[2023.07.24-05.53.25:498][  0]LogConfig: Setting CVar [[r.Shadow.MaxResolution:2048]]
[2023.07.24-05.53.25:498][  0]LogConfig: Setting CVar [[r.Shadow.MaxCSMResolution:2048]]
[2023.07.24-05.53.25:498][  0]LogConfig: Setting CVar [[r.Shadow.RadiusThreshold:0.01]]
[2023.07.24-05.53.25:498][  0]LogConfig: Setting CVar [[r.Shadow.DistanceScale:1.0]]
[2023.07.24-05.53.25:498][  0]LogConfig: Setting CVar [[r.Shadow.CSM.TransitionScale:1.0]]
[2023.07.24-05.53.25:498][  0]LogConfig: Setting CVar [[r.Shadow.PreShadowResolutionFactor:1.0]]
[2023.07.24-05.53.25:498][  0]LogConfig: Setting CVar [[r.DistanceFieldShadowing:1]]
[2023.07.24-05.53.25:498][  0]LogConfig: Setting CVar [[r.DistanceFieldAO:1]]
[2023.07.24-05.53.25:498][  0]LogConfig: Setting CVar [[r.AOQuality:2]]
[2023.07.24-05.53.25:498][  0]LogConfig: Setting CVar [[r.VolumetricFog:1]]
[2023.07.24-05.53.25:498][  0]LogConfig: Setting CVar [[r.VolumetricFog.GridPixelSize:8]]
[2023.07.24-05.53.25:498][  0]LogConfig: Setting CVar [[r.VolumetricFog.GridSizeZ:128]]
[2023.07.24-05.53.25:498][  0]LogConfig: Setting CVar [[r.VolumetricFog.HistoryMissSupersampleCount:4]]
[2023.07.24-05.53.25:498][  0]LogConfig: Setting CVar [[r.LightMaxDrawDistanceScale:1]]
[2023.07.24-05.53.25:498][  0]LogConfig: Setting CVar [[r.CapsuleShadows:1]]
[2023.07.24-05.53.25:498][  0]LogConfig: Applying CVar settings from Section [PostProcessQuality@3] File [C:/Users/james/Projects/SNHU/GAM312/JamesStimac/Saved/Config/Windows/Scalability.ini]
[2023.07.24-05.53.25:498][  0]LogConfig: Setting CVar [[r.MotionBlurQuality:4]]
[2023.07.24-05.53.25:498][  0]LogConfig: Setting CVar [[r.AmbientOcclusionMipLevelFactor:0.4]]
[2023.07.24-05.53.25:498][  0]LogConfig: Setting CVar [[r.AmbientOcclusionMaxQuality:100]]
[2023.07.24-05.53.25:498][  0]LogConfig: Setting CVar [[r.AmbientOcclusionLevels:-1]]
[2023.07.24-05.53.25:498][  0]LogConfig: Setting CVar [[r.AmbientOcclusionRadiusScale:1.0]]
[2023.07.24-05.53.25:499][  0]LogConfig: Setting CVar [[r.DepthOfFieldQuality:2]]
[2023.07.24-05.53.25:499][  0]LogConfig: Setting CVar [[r.RenderTargetPoolMin:400]]
[2023.07.24-05.53.25:499][  0]LogConfig: Setting CVar [[r.LensFlareQuality:2]]
[2023.07.24-05.53.25:499][  0]LogConfig: Setting CVar [[r.SceneColorFringeQuality:1]]
[2023.07.24-05.53.25:499][  0]LogConfig: Setting CVar [[r.EyeAdaptationQuality:2]]
[2023.07.24-05.53.25:499][  0]LogConfig: Setting CVar [[r.BloomQuality:5]]
[2023.07.24-05.53.25:499][  0]LogConfig: Setting CVar [[r.FastBlurThreshold:100]]
[2023.07.24-05.53.25:499][  0]LogConfig: Setting CVar [[r.Upscale.Quality:3]]
[2023.07.24-05.53.25:499][  0]LogConfig: Setting CVar [[r.Tonemapper.GrainQuantization:1]]
[2023.07.24-05.53.25:499][  0]LogConfig: Setting CVar [[r.LightShaftQuality:1]]
[2023.07.24-05.53.25:499][  0]LogConfig: Setting CVar [[r.Filter.SizeScale:1]]
[2023.07.24-05.53.25:499][  0]LogConfig: Setting CVar [[r.Tonemapper.Quality:5]]
[2023.07.24-05.53.25:499][  0]LogConfig: Setting CVar [[r.DOF.Gather.AccumulatorQuality:1        ; higher gathering accumulator quality]]
[2023.07.24-05.53.25:499][  0]LogConfig: Setting CVar [[r.DOF.Gather.PostfilterMethod:1          ; Median3x3 postfilering method]]
[2023.07.24-05.53.25:499][  0]LogConfig: Setting CVar [[r.DOF.Gather.EnableBokehSettings:0       ; no bokeh simulation when gathering]]
[2023.07.24-05.53.25:499][  0]LogConfig: Setting CVar [[r.DOF.Gather.RingCount:4                 ; medium number of samples when gathering]]
[2023.07.24-05.53.25:499][  0]LogConfig: Setting CVar [[r.DOF.Scatter.ForegroundCompositing:1    ; additive foreground scattering]]
[2023.07.24-05.53.25:499][  0]LogConfig: Setting CVar [[r.DOF.Scatter.BackgroundCompositing:2    ; additive background scattering]]
[2023.07.24-05.53.25:499][  0]LogConfig: Setting CVar [[r.DOF.Scatter.EnableBokehSettings:1      ; bokeh simulation when scattering]]
[2023.07.24-05.53.25:499][  0]LogConfig: Setting CVar [[r.DOF.Scatter.MaxSpriteRatio:0.1         ; only a maximum of 10% of scattered bokeh]]
[2023.07.24-05.53.25:499][  0]LogConfig: Setting CVar [[r.DOF.Recombine.Quality:1                ; cheap slight out of focus]]
[2023.07.24-05.53.25:499][  0]LogConfig: Setting CVar [[r.DOF.Recombine.EnableBokehSettings:0    ; no bokeh simulation on slight out of focus]]
[2023.07.24-05.53.25:499][  0]LogConfig: Setting CVar [[r.DOF.TemporalAAQuality:1                ; more stable temporal accumulation]]
[2023.07.24-05.53.25:499][  0]LogConfig: Setting CVar [[r.DOF.Kernel.MaxForegroundRadius:0.025]]
[2023.07.24-05.53.25:499][  0]LogConfig: Setting CVar [[r.DOF.Kernel.MaxBackgroundRadius:0.025]]
[2023.07.24-05.53.25:499][  0]LogConfig: Applying CVar settings from Section [TextureQuality@3] File [C:/Users/james/Projects/SNHU/GAM312/JamesStimac/Saved/Config/Windows/Scalability.ini]
[2023.07.24-05.53.25:499][  0]LogConfig: Setting CVar [[r.Streaming.MipBias:0]]
[2023.07.24-05.53.25:499][  0]LogConfig: Setting CVar [[r.Streaming.AmortizeCPUToGPUCopy:0]]
[2023.07.24-05.53.25:499][  0]LogConfig: Setting CVar [[r.Streaming.MaxNumTexturesToStreamPerFrame:0]]
[2023.07.24-05.53.25:499][  0]LogConfig: Setting CVar [[r.Streaming.Boost:1]]
[2023.07.24-05.53.25:499][  0]LogConfig: Setting CVar [[r.MaxAnisotropy:8]]
[2023.07.24-05.53.25:499][  0]LogConfig: Setting CVar [[r.VT.MaxAnisotropy:8]]
[2023.07.24-05.53.25:499][  0]LogConfig: Setting CVar [[r.Streaming.LimitPoolSizeToVRAM:0]]
[2023.07.24-05.53.25:499][  0]LogConfig: Setting CVar [[r.Streaming.PoolSize:1000]]
[2023.07.24-05.53.25:499][  0]LogConfig: Setting CVar [[r.Streaming.MaxEffectiveScreenSize:0]]
[2023.07.24-05.53.25:499][  0]LogConfig: Applying CVar settings from Section [EffectsQuality@3] File [C:/Users/james/Projects/SNHU/GAM312/JamesStimac/Saved/Config/Windows/Scalability.ini]
[2023.07.24-05.53.25:499][  0]LogConfig: Setting CVar [[r.TranslucencyLightingVolumeDim:64]]
[2023.07.24-05.53.25:499][  0]LogConfig: Setting CVar [[r.RefractionQuality:2]]
[2023.07.24-05.53.25:499][  0]LogConfig: Setting CVar [[r.SSR.Quality:3]]
[2023.07.24-05.53.25:499][  0]LogConfig: Setting CVar [[r.SSR.HalfResSceneColor:0]]
[2023.07.24-05.53.25:499][  0]LogConfig: Setting CVar [[r.SceneColorFormat:4]]
[2023.07.24-05.53.25:499][  0]LogConfig: Setting CVar [[r.DetailMode:2]]
[2023.07.24-05.53.25:499][  0]LogConfig: Setting CVar [[r.TranslucencyVolumeBlur:1]]
[2023.07.24-05.53.25:499][  0]LogConfig: Setting CVar [[r.MaterialQualityLevel:1 ; High quality]]
[2023.07.24-05.53.25:499][  0]LogConfig: Setting CVar [[r.AnisotropicMaterials:1]]
[2023.07.24-05.53.25:499][  0]LogConfig: Setting CVar [[r.SSS.Scale:1]]
[2023.07.24-05.53.25:499][  0]LogConfig: Setting CVar [[r.SSS.SampleSet:2]]
[2023.07.24-05.53.25:499][  0]LogConfig: Setting CVar [[r.SSS.Quality:1]]
[2023.07.24-05.53.25:499][  0]LogConfig: Setting CVar [[r.SSS.HalfRes:0]]
[2023.07.24-05.53.25:499][  0]LogConfig: Setting CVar [[r.SSGI.Quality:3]]
[2023.07.24-05.53.25:499][  0]LogConfig: Setting CVar [[r.EmitterSpawnRateScale:1.0]]
[2023.07.24-05.53.25:499][  0]LogConfig: Setting CVar [[r.ParticleLightQuality:2]]
[2023.07.24-05.53.25:499][  0]LogConfig: Setting CVar [[r.SkyAtmosphere.AerialPerspectiveLUT.FastApplyOnOpaque:1 ; Always have FastSkyLUT 1 in this case to avoid wrong sky]]
[2023.07.24-05.53.25:499][  0]LogConfig: Setting CVar [[r.SkyAtmosphere.AerialPerspectiveLUT.SampleCountMaxPerSlice:4]]
[2023.07.24-05.53.25:499][  0]LogConfig: Setting CVar [[r.SkyAtmosphere.AerialPerspectiveLUT.DepthResolution:16.0]]
[2023.07.24-05.53.25:499][  0]LogConfig: Setting CVar [[r.SkyAtmosphere.FastSkyLUT:1]]
[2023.07.24-05.53.25:499][  0]LogConfig: Setting CVar [[r.SkyAtmosphere.FastSkyLUT.SampleCountMin:4.0]]
[2023.07.24-05.53.25:499][  0]LogConfig: Setting CVar [[r.SkyAtmosphere.FastSkyLUT.SampleCountMax:128.0]]
[2023.07.24-05.53.25:499][  0]LogConfig: Setting CVar [[r.SkyAtmosphere.SampleCountMin:4.0]]
[2023.07.24-05.53.25:499][  0]LogConfig: Setting CVar [[r.SkyAtmosphere.SampleCountMax:128.0]]
[2023.07.24-05.53.25:499][  0]LogConfig: Setting CVar [[r.SkyAtmosphere.TransmittanceLUT.UseSmallFormat:0]]
[2023.07.24-05.53.25:499][  0]LogConfig: Setting CVar [[r.SkyAtmosphere.TransmittanceLUT.SampleCount:10.0]]
[2023.07.24-05.53.25:499][  0]LogConfig: Setting CVar [[r.SkyAtmosphere.MultiScatteringLUT.SampleCount:15.0]]
[2023.07.24-05.53.25:499][  0]LogConfig: Setting CVar [[r.SkyLight.RealTimeReflectionCapture:1]]
[2023.07.24-05.53.25:499][  0]LogConfig: Applying CVar settings from Section [FoliageQuality@3] File [C:/Users/james/Projects/SNHU/GAM312/JamesStimac/Saved/Config/Windows/Scalability.ini]
[2023.07.24-05.53.25:499][  0]LogConfig: Setting CVar [[foliage.DensityScale:1.0]]
[2023.07.24-05.53.25:499][  0]LogConfig: Setting CVar [[grass.DensityScale:1.0]]
[2023.07.24-05.53.25:499][  0]LogConfig: Applying CVar settings from Section [ShadingQuality@3] File [C:/Users/james/Projects/SNHU/GAM312/JamesStimac/Saved/Config/Windows/Scalability.ini]
[2023.07.24-05.53.25:499][  0]LogConfig: Setting CVar [[r.HairStrands.SkyLighting.IntegrationType:2]]
[2023.07.24-05.53.25:499][  0]LogConfig: Setting CVar [[r.HairStrands.SkyAO.SampleCount:4]]
[2023.07.24-05.53.25:499][  0]LogConfig: Setting CVar [[r.HairStrands.Visibility.MSAA.SamplePerPixel:4]]
[2023.07.24-05.53.25:499][  0]LogConfig: Applying CVar settings from Section [Startup] File [../../../Engine/Config/ConsoleVariables.ini]
[2023.07.24-05.53.25:499][  0]LogConfig: Setting CVar [[net.UseAdaptiveNetUpdateFrequency:0]]
[2023.07.24-05.53.25:499][  0]LogConfig: Setting CVar [[p.chaos.AllowCreatePhysxBodies:1]]
[2023.07.24-05.53.25:499][  0]LogConfig: Setting CVar [[fx.SkipVectorVMBackendOptimizations:1]]
[2023.07.24-05.53.25:499][  0]LogConfig: Applying CVar settings from Section [ConsoleVariables] File [C:/Users/james/Projects/SNHU/GAM312/JamesStimac/Saved/Config/Windows/Engine.ini]
[2023.07.24-05.53.25:499][  0]LogConfig: Applying CVar settings from Section [ConsoleVariables] File [C:/Users/james/Projects/SNHU/GAM312/JamesStimac/Saved/Config/Windows/Editor.ini]
[2023.07.24-05.53.25:499][  0]LogInit: Computer: CHYLSTATION
[2023.07.24-05.53.25:499][  0]LogInit: User: james
[2023.07.24-05.53.25:499][  0]LogInit: CPU Page size=4096, Cores=12
[2023.07.24-05.53.25:499][  0]LogInit: High frequency timer resolution =10.000000 MHz
[2023.07.24-05.53.25:499][  0]LogMemory: Memory total: Physical=63.8GB (64GB approx)
[2023.07.24-05.53.25:499][  0]LogMemory: Platform Memory Stats for Windows
[2023.07.24-05.53.25:499][  0]LogMemory: Process Physical Memory: 147.33 MB used, 147.34 MB peak
[2023.07.24-05.53.25:499][  0]LogMemory: Process Virtual Memory: 128.56 MB used, 128.56 MB peak
[2023.07.24-05.53.25:499][  0]LogMemory: Physical Memory: 14796.49 MB used,  50576.31 MB free, 65372.80 MB total
[2023.07.24-05.53.25:499][  0]LogMemory: Virtual Memory: 134152160.00 MB used,  65568.30 MB free, 134217728.00 MB total
[2023.07.24-05.53.25:502][  0]LogWindows: WindowsPlatformFeatures enabled
[2023.07.24-05.53.25:524][  0]LogInit: Physics initialised using underlying interface: PhysX
[2023.07.24-05.53.25:525][  0]LogInit: Using OS detected language (en-US).
[2023.07.24-05.53.25:525][  0]LogInit: Using OS detected locale (en-US).
[2023.07.24-05.53.25:526][  0]LogTextLocalizationManager: No specific localization for 'en-US' exists, so the 'en' localization will be used.
[2023.07.24-05.53.25:630][  0]LogInit: Setting process to per monitor DPI aware
[2023.07.24-05.53.25:640][  0]LogWindowsTextInputMethodSystem: Display: IME system deactivated.
[2023.07.24-05.53.25:649][  0]LogSlate: New Slate User Created.  User Index 0, Is Virtual User: 0
[2023.07.24-05.53.25:649][  0]LogSlate: Slate User Registered.  User Index 0, Is Virtual User: 0
[2023.07.24-05.53.25:712][  0]LogD3D11RHI: Loaded GFSDK_Aftermath_Lib.x64.dll
[2023.07.24-05.53.25:714][  0]LogHMD: Failed to initialize OpenVR with code 110
[2023.07.24-05.53.25:714][  0]LogD3D11RHI: D3D11 min allowed feature level: 11_0
[2023.07.24-05.53.25:714][  0]LogD3D11RHI: D3D11 max allowed feature level: 11_0
[2023.07.24-05.53.25:714][  0]LogD3D11RHI: D3D11 adapters:
[2023.07.24-05.53.25:817][  0]LogD3D11RHI:    0. 'NVIDIA GeForce RTX 4060 Ti' (Feature Level 11_0)
[2023.07.24-05.53.25:817][  0]LogD3D11RHI:       7963/0/32686 MB DedicatedVideo/DedicatedSystem/SharedSystem, Outputs:2, VendorId:0x10de
[2023.07.24-05.53.25:818][  0]LogD3D11RHI:    1. 'Microsoft Basic Render Driver' (Feature Level 11_0)
[2023.07.24-05.53.25:818][  0]LogD3D11RHI:       0/0/32686 MB DedicatedVideo/DedicatedSystem/SharedSystem, Outputs:0, VendorId:0x1414
[2023.07.24-05.53.25:818][  0]LogD3D11RHI: Chosen D3D11 Adapter:
[2023.07.24-05.53.25:818][  0]LogD3D11RHI:     Description : NVIDIA GeForce RTX 4060 Ti
[2023.07.24-05.53.25:818][  0]LogD3D11RHI:     VendorId    : 10de
[2023.07.24-05.53.25:818][  0]LogD3D11RHI:     DeviceId    : 2803
[2023.07.24-05.53.25:818][  0]LogD3D11RHI:     SubSysId    : 88f81043
[2023.07.24-05.53.25:818][  0]LogD3D11RHI:     Revision    : 00a1
[2023.07.24-05.53.25:818][  0]LogD3D11RHI:     DedicatedVideoMemory : 8349810688 bytes
[2023.07.24-05.53.25:818][  0]LogD3D11RHI:     DedicatedSystemMemory : 0 bytes
[2023.07.24-05.53.25:818][  0]LogD3D11RHI:     SharedSystemMemory : 34274177024 bytes
[2023.07.24-05.53.25:818][  0]LogD3D11RHI:     AdapterLuid : 0 76842
[2023.07.24-05.53.25:823][  0]LogD3D11RHI: Creating new Direct3DDevice
[2023.07.24-05.53.25:823][  0]LogD3D11RHI:     GPU DeviceId: 0x2803 (for the marketing name, search the web for "GPU Device Id")
[2023.07.24-05.53.25:823][  0]LogWindows: EnumDisplayDevices:
[2023.07.24-05.53.25:823][  0]LogWindows:    0. 'NVIDIA GeForce RTX 4060 Ti' (P:0 D:1)
[2023.07.24-05.53.25:823][  0]LogWindows:    1. 'NVIDIA GeForce RTX 4060 Ti' (P:1 D:1)
[2023.07.24-05.53.25:823][  0]LogWindows:    2. 'NVIDIA GeForce RTX 4060 Ti' (P:0 D:0)
[2023.07.24-05.53.25:823][  0]LogWindows:    3. 'NVIDIA GeForce RTX 4060 Ti' (P:0 D:0)
[2023.07.24-05.53.25:823][  0]LogWindows: DebugString: FoundDriverCount:4 
[2023.07.24-05.53.25:823][  0]LogD3D11RHI:     Adapter Name: NVIDIA GeForce RTX 4060 Ti
[2023.07.24-05.53.25:823][  0]LogD3D11RHI:   Driver Version: 536.40 (internal:31.0.15.3640, unified:536.40)
[2023.07.24-05.53.25:823][  0]LogD3D11RHI:      Driver Date: 6-23-2023
[2023.07.24-05.53.25:823][  0]LogRHI: Texture pool is 5574 MB (70% of 7963 MB)
[2023.07.24-05.53.25:823][  0]LogD3D11RHI: Creating D3DDevice using adapter:
[2023.07.24-05.53.25:823][  0]LogD3D11RHI:     Description : NVIDIA GeForce RTX 4060 Ti
[2023.07.24-05.53.25:823][  0]LogD3D11RHI:     VendorId    : 10de
[2023.07.24-05.53.25:823][  0]LogD3D11RHI:     DeviceId    : 2803
[2023.07.24-05.53.25:823][  0]LogD3D11RHI:     SubSysId    : 88f81043
[2023.07.24-05.53.25:823][  0]LogD3D11RHI:     Revision    : 00a1
[2023.07.24-05.53.25:823][  0]LogD3D11RHI:     DedicatedVideoMemory : 8349810688 bytes
[2023.07.24-05.53.25:823][  0]LogD3D11RHI:     DedicatedSystemMemory : 0 bytes
[2023.07.24-05.53.25:823][  0]LogD3D11RHI:     SharedSystemMemory : 34274177024 bytes
[2023.07.24-05.53.25:823][  0]LogD3D11RHI:     AdapterLuid : 0 76842
[2023.07.24-05.53.25:881][  0]LogD3D11RHI: RHI has support for 64 bit atomics
[2023.07.24-05.53.25:881][  0]LogD3D11RHI: Async texture creation enabled
[2023.07.24-05.53.25:881][  0]LogD3D11RHI: Array index from any shader is supported
[2023.07.24-05.53.25:894][  0]LogD3D11RHI: GPU Timing Frequency: 1000.000000 (Debug: 2 1)
[2023.07.24-05.53.25:908][  0]LogRHI: GeForceNow SDK initialized: 1
[2023.07.24-05.53.26:092][  0]LogTargetPlatformManager: Display: Loaded TargetPlatform 'AllDesktop'
[2023.07.24-05.53.26:105][  0]LogTargetPlatformManager: Display: Loaded TargetPlatform 'Android'
[2023.07.24-05.53.26:105][  0]LogTargetPlatformManager: Display: Loaded TargetPlatform 'Android_ASTC'
[2023.07.24-05.53.26:105][  0]LogTargetPlatformManager: Display: Loaded TargetPlatform 'Android_DXT'
[2023.07.24-05.53.26:105][  0]LogTargetPlatformManager: Display: Loaded TargetPlatform 'Android_ETC2'
[2023.07.24-05.53.26:105][  0]LogTargetPlatformManager: Display: Loaded TargetPlatform 'AndroidClient'
[2023.07.24-05.53.26:105][  0]LogTargetPlatformManager: Display: Loaded TargetPlatform 'Android_ASTCClient'
[2023.07.24-05.53.26:105][  0]LogTargetPlatformManager: Display: Loaded TargetPlatform 'Android_DXTClient'
[2023.07.24-05.53.26:105][  0]LogTargetPlatformManager: Display: Loaded TargetPlatform 'Android_ETC2Client'
[2023.07.24-05.53.26:105][  0]LogTargetPlatformManager: Display: Loaded TargetPlatform 'Android_Multi'
[2023.07.24-05.53.26:105][  0]LogTargetPlatformManager: Display: Loaded TargetPlatform 'Android_MultiClient'
[2023.07.24-05.53.26:114][  0]LogTargetPlatformManager: Display: Loaded TargetPlatform 'IOSClient'
[2023.07.24-05.53.26:114][  0]LogTargetPlatformManager: Display: Loaded TargetPlatform 'IOS'
[2023.07.24-05.53.26:119][  0]LogTargetPlatformManager: Display: Loaded TargetPlatform 'Linux'
[2023.07.24-05.53.26:121][  0]LogTargetPlatformManager: Display: Loaded TargetPlatform 'LinuxNoEditor'
[2023.07.24-05.53.26:124][  0]LogTargetPlatformManager: Display: Loaded TargetPlatform 'LinuxClient'
[2023.07.24-05.53.26:126][  0]LogTargetPlatformManager: Display: Loaded TargetPlatform 'LinuxServer'
[2023.07.24-05.53.26:131][  0]LogTargetPlatformManager: Display: Loaded TargetPlatform 'LinuxAArch64NoEditor'
[2023.07.24-05.53.26:133][  0]LogTargetPlatformManager: Display: Loaded TargetPlatform 'LinuxAArch64Client'
[2023.07.24-05.53.26:135][  0]LogTargetPlatformManager: Display: Loaded TargetPlatform 'LinuxAArch64Server'
[2023.07.24-05.53.26:148][  0]LogTargetPlatformManager: Display: Loaded TargetPlatform 'Lumin'
[2023.07.24-05.53.26:148][  0]LogTargetPlatformManager: Display: Loaded TargetPlatform 'LuminClient'
[2023.07.24-05.53.26:152][  0]LogTargetPlatformManager: Display: Loaded TargetPlatform 'MacNoEditor'
[2023.07.24-05.53.26:155][  0]LogTargetPlatformManager: Display: Loaded TargetPlatform 'Mac'
[2023.07.24-05.53.26:157][  0]LogTargetPlatformManager: Display: Loaded TargetPlatform 'MacClient'
[2023.07.24-05.53.26:159][  0]LogTargetPlatformManager: Display: Loaded TargetPlatform 'MacServer'
[2023.07.24-05.53.26:165][  0]LogTargetPlatformManager: Display: Loaded TargetPlatform 'TVOSClient'
[2023.07.24-05.53.26:165][  0]LogTargetPlatformManager: Display: Loaded TargetPlatform 'TVOS'
[2023.07.24-05.53.26:170][  0]LogTargetPlatformManager: Display: Loaded TargetPlatform 'WindowsNoEditor'
[2023.07.24-05.53.26:173][  0]LogTargetPlatformManager: Display: Loaded TargetPlatform 'Windows'
[2023.07.24-05.53.26:175][  0]LogTargetPlatformManager: Display: Loaded TargetPlatform 'WindowsClient'
[2023.07.24-05.53.26:178][  0]LogTargetPlatformManager: Display: Loaded TargetPlatform 'WindowsServer'
[2023.07.24-05.53.26:178][  0]LogTargetPlatformManager: Display: Building Assets For Windows
[2023.07.24-05.53.26:183][  0]LogAudioDebug: Display: Lib vorbis DLL was dynamically loaded.
[2023.07.24-05.53.26:201][  0]LogTextureFormatOodle: Display: Oodle Texture 2.9.0 init RDO Off
[2023.07.24-05.53.26:217][  0]LogRendererCore: Ray tracing is disabled. Reason: r.RayTracing=0.
[2023.07.24-05.53.26:218][  0]LogShaderCompilers: Guid format shader working directory is -17 characters bigger than the processId version (../../../../../../Users/james/Projects/SNHU/GAM312/JamesStimac/Intermediate/Shaders/WorkingDirectory/19644/).
[2023.07.24-05.53.26:218][  0]LogShaderCompilers: Cleaned the shader compiler working directory 'C:/Users/james/AppData/Local/Temp/UnrealShaderWorkingDir/89B53427417D124E02A19DBC5ADB101C/'.
[2023.07.24-05.53.26:218][  0]LogXGEController: Cannot use XGE Controller as Incredibuild is not installed on this machine.
[2023.07.24-05.53.26:218][  0]LogShaderCompilers: Cannot use XGE Shader Compiler as Incredibuild is not installed on this machine.
[2023.07.24-05.53.26:218][  0]LogShaderCompilers: Display: Using Local Shader Compiler.
[2023.07.24-05.53.26:687][  0]LogDerivedDataCache: Display: Max Cache Size: 512 MB
[2023.07.24-05.53.26:726][  0]LogDerivedDataCache: Loaded boot cache 0.04s 99MB C:/Users/james/AppData/Local/UnrealEngine/4.27/DerivedDataCache/Boot.ddc.
[2023.07.24-05.53.26:726][  0]LogDerivedDataCache: Display: Loaded Boot cache: C:/Users/james/AppData/Local/UnrealEngine/4.27/DerivedDataCache/Boot.ddc
[2023.07.24-05.53.26:726][  0]LogDerivedDataCache: FDerivedDataBackendGraph:  Pak pak cache file ../../../../../../Users/james/Projects/SNHU/GAM312/JamesStimac/DerivedDataCache/DDC.ddp not found, will not use a pak cache.
[2023.07.24-05.53.26:726][  0]LogDerivedDataCache: Unable to find inner node Pak for hierarchical cache Hierarchy.
[2023.07.24-05.53.26:727][  0]LogDerivedDataCache: FDerivedDataBackendGraph:  CompressedPak pak cache file ../../../../../../Users/james/Projects/SNHU/GAM312/JamesStimac/DerivedDataCache/Compressed.ddp not found, will not use a pak cache.
[2023.07.24-05.53.26:727][  0]LogDerivedDataCache: Unable to find inner node CompressedPak for hierarchical cache Hierarchy.
[2023.07.24-05.53.26:738][  0]LogDerivedDataCache: Display: Pak cache opened for reading ../../../Engine/DerivedDataCache/Compressed.ddp.
[2023.07.24-05.53.26:738][  0]LogDerivedDataCache: FDerivedDataBackendGraph:  EnterprisePak pak cache file ../../../Enterprise/DerivedDataCache/Compressed.ddp not found, will not use a pak cache.
[2023.07.24-05.53.26:738][  0]LogDerivedDataCache: Unable to find inner node EnterprisePak for hierarchical cache Hierarchy.
[2023.07.24-05.53.26:743][  0]LogDerivedDataCache: Speed tests for C:/Users/james/AppData/Local/UnrealEngine/Common/DerivedDataCache took 0.00 seconds
[2023.07.24-05.53.26:743][  0]LogDerivedDataCache: Display: Performance to C:/Users/james/AppData/Local/UnrealEngine/Common/DerivedDataCache: Latency=0.01ms. RandomReadSpeed=2481.15MBs, RandomWriteSpeed=210.28MBs. Assigned SpeedClass 'Local'
[2023.07.24-05.53.26:744][  0]LogDerivedDataCache: Using Local data cache path C:/Users/james/AppData/Local/UnrealEngine/Common/DerivedDataCache: Writable
[2023.07.24-05.53.26:744][  0]LogDerivedDataCache: Shared data cache path not found in *engine.ini, will not use an Shared cache.
[2023.07.24-05.53.26:744][  0]LogDerivedDataCache: Unable to find inner node Shared for hierarchical cache Hierarchy.
[2023.07.24-05.53.26:772][  0]LogSlate: Using FreeType 2.10.0
[2023.07.24-05.53.26:773][  0]LogSlate: SlateFontServices - WITH_FREETYPE: 1, WITH_HARFBUZZ: 1
[2023.07.24-05.53.26:789][  0]LogAssetRegistry: FAssetRegistry took 0.0017 seconds to start up
[2023.07.24-05.53.26:916][  0]LogInit: Selected Device Profile: [Windows]
[2023.07.24-05.53.26:916][  0]LogInit: Active device profile: [000002A2B5493A00][000002A2B43997C0 49] Windows
[2023.07.24-05.53.26:916][  0]LogInit: Profiles: [000002A2B5493A00][000002A2B43997C0 49] Windows, [000002A2B5450700][000002A2B6579940 49] WindowsNoEditor, [000002A2B5490700][000002A2B657DAC0 49] WindowsServer, [000002A2B5451200][000002A2B65800C0 49] WindowsClient, [000002A2B5491100][000002A2B6584240 49] IOS, [000002A2B5453500][000002A2B65883C0 49] iPadAir, [000002A2B5493400][000002A2B658C540 49] iPadAir2, [000002A2B53F7900][000002A2B439C7C0 49] IPadPro, [000002A2B53F7A00][000002A2B6590800 49] iPadAir3, [000002A2B5492E00][000002A2B6594940 49] iPadAir4, [000002A2B53F4C00][000002A2B6598A80 49] iPadMini2, [000002A2B5493500][000002A2B659CBC0 49] iPadMini3, [000002A2B53F6900][000002A2B65A4D40 49] iPadMini4, [000002A2B5492A00][000002A2B65A8EC0 49] iPadMini5, [000002A2B543F200][000002A2B65B1180 49] iPhone6, [000002A2B543F300][000002A2B65AD1C0 49] iPodTouch6, [000002A2B53F6000][000002A2B65B9480 49] iPhone7, [000002A2B53F6100][000002A2B65B54C0 49] iPodTouch7, [000002A2B543CB00][000002A2B65BD640 49] iPhone5S, [000002A2B53F7E00][000002A2B65C17C0 49] iPhone6Plus, [000002A2B543EA00][000002A2B65C5940 49] iPhone6S, [000002A2B53F5100][000002A2B65C9AC0 49] iPhone6SPlus, [000002A2B543F000][000002A2B65CC0C0 49] iPhone7Plus, [000002A2B53F5300][000002A2B65D0240 49] iPhoneSE, [000002A2B543E200][000002A2B65D43C0 49] iPhone8, [000002A2B53F6C00][000002A2B65D8540 49] iPhone8Plus, [000002A2B543F600][000002A2B65DC6C0 49] iPhoneX, [000002A2B53F7C00][000002A2B65E0840 49] iPhoneXS, [000002A2B543C700][000002A2B65A0980 49] iPhoneXSMax, [000002A2B53F7100][000002A2B65E4AC0 49] iPhoneXR, [000002A2B543EB00][000002A2B65E8C00 49] iPhone11, [000002A2B53F6E00][000002A2B65ECD40 49] iPhone11Pro, [000002A2B543E100][000002A2B65F4EC0 49] iPhone11ProMax, [000002A2B53F4A00][000002A2B65F9040 49] iPhoneSE2, [000002A2B543E400][000002A2B65FD1C0 49] iPhone12Mini, [000002A2B53F5400][000002A2B6601340 49] iPhone12, [000002A2B543CD00][000002A2B66054C0 49] iPhone12Pro, [000002A2B53F5E00][000002A2B6609640 49] iPhone12ProMax, [000002A2B543CC00][000002A2B660D7C0 49] iPadPro105, [000002A2B53F5D00][000002A2B6611940 49] iPadPro129, [000002A2B543D800][000002A2B6615AC0 49] iPadPro97, [000002A2B53F6400][000002A2B66180C0 49] iPadPro2_129, [000002A2B543C600][000002A2B6636240 49] iPad5, [000002A2B53F7B00][000002A2B663A3C0 49] iPad6, [000002A2B543F500][000002A2B663E540 49] iPad7, [000002A2B53F4400][000002A2B66426C0 49] iPad8, [000002A2B543F400][000002A2B6646840 49] iPadPro11, [000002A2B53F5C00][000002A2B664A9C0 49] iPadPro2_11, [000002A2B543DD00][000002A2B664EB40 49] iPadPro3_129, [000002A2B53F7700][000002A2B65F0C80 49] iPadPro4_129, [000002A2B543D400][000002A2B6652DC0 49] AppleTV, [000002A2B53F6D00][000002A2B6656F00 49] AppleTV4K, [000002A2B543D300][000002A2B665F080 49] TVOS, [000002A2B53F6500][000002A2B6663200 49] Mac, [000002A2B543EC00][000002A2B6667380 49] MacClient, [000002A2B53F5800][000002A2B666B500 49] MacNoEditor, [000002A2B543C900][000002A2B666F680 49] MacServer, [000002A2B53F4800][000002A2B6673800 49] Linux, [000002A2B5450B00][000002A2B6677980 49] LinuxAArch64, [000002A2B54D9300][000002A2B667BB00 49] LinuxNoEditor, [000002A2B5452D00][000002A2B667E100 49] LinuxAArch64NoEditor, [000002A2B54D8B00][000002A2B6682280 49] LinuxClient, [000002A2B5451000][000002A2B6686400 49] LinuxAArch64Client, [000002A2B54D9700][000002A2B668A580 49] LinuxServer, [000002A2B5451700][000002A2B668E700 49] LinuxAArch64Server, [000002A2B54DA200][000002A2B6692880 49] Android, [000002A2B5452700][000002A2B6696A00 49] Android_Low, [000002A2B54D8700][000002A2B669AB80 49] Android_Mid, [000002A2B5452900][000002A2B669ED00 49] Android_High, [000002A2B54D9F00][000002A2B665AE40 49] Android_Default, [000002A2B5450500][000002A2B66A2F80 49] Android_Adreno4xx, [000002A2B54D8E00][000002A2B66A70C0 49] Android_Adreno5xx_Low, [000002A2B5450400][000002A2B66AF240 49] Android_Adreno5xx, [000002A2B54D8500][000002A2B66B33C0 49] Android_Adreno6xx, [000002A2B5453100][000002A2B66B7540 49] Android_Adreno6xx_Vulkan, [000002A2B54D8400][000002A2B66BB6C0 49] Android_Mali_T6xx, [000002A2B5450C00][000002A2B66BF840 49] Android_Mali_T7xx, [000002A2B54DA000][000002A2B66C39C0 49] Android_Mali_T8xx, [000002A2B5450200][000002A2B66C7B40 49] Android_Mali_G71, [000002A2B54D8600][000002A2B66CA140 49] Android_Mali_G72, [000002A2B5451D00][000002A2B66CE2C0 49] Android_Mali_G72_Vulkan, [000002A2B54D9200][000002A2B66D2440 49] Android_Mali_G76, [000002A2B53F4100][000002A2B66D65C0 49] Android_Mali_G76_Vulkan, [000002A2B54D9600][000002A2B66DA740 49] Android_Mali_G77, [000002A2B53F5200][000002A2B66DE8C0 49] Android_Mali_G77_Vulkan, [000002A2B54DAF00][000002A2B66E2A40 49] Android_Mali_G78, [000002A2B53F4200][000002A2B66E6BC0 49] Android_Mali_G78_Vulkan, [000002A2B54DB000][000002A2B66EAD40 49] Android_Mali_G710, [000002A2B53F7000][000002A2B66EEEC0 49] Android_Mali_G710_Vulkan, [000002A2B54D9400][000002A2B66AB000 49] Android_Vulkan_SM5, [000002A2B53F6A00][000002A2B66F3140 49] Android_PowerVR_G6xxx, [000002A2B54DAC00][000002A2B66F7280 49] Android_PowerVR_GT7xxx, [000002A2B53F7300][000002A2B66FB3C0 49] Android_PowerVR_GE8xxx, [000002A2B54D9B00][000002A2B6703540 49] Android_PowerVR_GM9xxx, [000002A2B53F7D00][000002A2B67076C0 49] Android_PowerVR_GM9xxx_Vulkan, [000002A2B54DAE00][000002A2B670B840 49] Android_TegraK1, [000002A2B53F6300][000002A2B670F9C0 49] Android_Unknown_Vulkan, [000002A2B54D8200][000002A2B6713B40 49] Lumin, [000002A2B53F4D00][000002A2B6716140 49] Lumin_Desktop, [000002A2B54D9500][000002A2B671A2C0 49] HoloLens, 
[2023.07.24-05.53.26:993][  0]LogMeshReduction: Using QuadricMeshReduction for automatic static mesh reduction
[2023.07.24-05.53.26:993][  0]LogMeshReduction: Using SimplygonMeshReduction for automatic skeletal mesh reduction
[2023.07.24-05.53.26:993][  0]LogMeshReduction: Using ProxyLODMeshReduction for automatic mesh merging
[2023.07.24-05.53.26:993][  0]LogMeshReduction: No distributed automatic mesh merging module available
[2023.07.24-05.53.26:993][  0]LogMeshMerging: No distributed automatic mesh merging module available
[2023.07.24-05.53.27:004][  0]LogNetVersion: JamesStimac 1.0.0, NetCL: 17155196, EngineNetVer: 17, GameNetVer: 0 (Checksum: 2357586771)
[2023.07.24-05.53.27:224][  0]LogTexture: Default maximum texture size for cubemaps generated from long-lat sources has been changed from 512 to unlimited. In order to preserve old behaiour for '/Engine/MapTemplates/Sky/DaylightAmbientCubemap.DaylightAmbientCubemap', its maximum texture size has been explicitly set to 512.
[2023.07.24-05.53.27:261][  0]LogHMD: PokeAHoleMaterial loaded successfully
[2023.07.24-05.53.27:265][  0]LogUObjectArray: 17178 objects as part of root set at end of initial load.
[2023.07.24-05.53.27:265][  0]LogUObjectAllocator: 4302048 out of 0 bytes used by permanent object pool.
[2023.07.24-05.53.27:265][  0]LogUObjectArray: CloseDisregardForGC: 0/0 objects in disregard for GC pool
[2023.07.24-05.53.27:408][  0]LogNiagaraDebuggerClient: Niagara Debugger Client Initialized | Session: 5B9335594473FAD1A9CC149F7D8486FE | Instance: 36B944A04E8CF873AC6EA7976F4945E6 (CHYLSTATION-19644).
[2023.07.24-05.53.27:428][  0]LogTcpMessaging: Initializing TcpMessaging bridge
[2023.07.24-05.53.27:430][  0]LogUdpMessaging: Initializing bridge on interface 0.0.0.0:0 to multicast group 230.0.0.1:6666.
[2023.07.24-05.53.27:497][  0]LogPython: Using Python 3.7.7
[2023.07.24-05.53.28:347][  0]LogWindows: Error: === Critical error: ===
[2023.07.24-05.53.28:347][  0]LogWindows: Error: 
[2023.07.24-05.53.28:347][  0]LogWindows: Error: Fatal error!
[2023.07.24-05.53.28:347][  0]LogWindows: Error: 
[2023.07.24-05.53.28:347][  0]LogWindows: Error: Unhandled Exception: EXCEPTION_ACCESS_VIOLATION reading address 0x00000000000001d0
[2023.07.24-05.53.28:347][  0]LogWindows: Error: 
[2023.07.24-05.53.28:347][  0]LogWindows: Error: [Callstack] 0x00007ffc1230ff4d UE4Editor-Engine.dll!UnknownFunction []
[2023.07.24-05.53.28:347][  0]LogWindows: Error: [Callstack] 0x00007ffbf43139da UE4Editor-JamesStimac-0123.dll!AHerbActor::AHerbActor() [C:\Users\james\Projects\SNHU\GAM312\JamesStimac\Source\JamesStimac\HerbActor.cpp:18]
[2023.07.24-05.53.28:347][  0]LogWindows: Error: [Callstack] 0x00007ffc286f61d3 UE4Editor-CoreUObject.dll!UnknownFunction []
[2023.07.24-05.53.28:347][  0]LogWindows: Error: [Callstack] 0x00007ffc28a18faf UE4Editor-CoreUObject.dll!UnknownFunction []
[2023.07.24-05.53.28:347][  0]LogWindows: Error: [Callstack] 0x00007ffc289f5411 UE4Editor-CoreUObject.dll!UnknownFunction []
[2023.07.24-05.53.28:347][  0]LogWindows: Error: [Callstack] 0x00007ffc288bddc5 UE4Editor-CoreUObject.dll!UnknownFunction []
[2023.07.24-05.53.28:347][  0]LogWindows: Error: [Callstack] 0x00007ffc24811bea UE4Editor-Core.dll!UnknownFunction []
[2023.07.24-05.53.28:347][  0]LogWindows: Error: [Callstack] 0x00007ffc248315a3 UE4Editor-Core.dll!UnknownFunction []
[2023.07.24-05.53.28:347][  0]LogWindows: Error: [Callstack] 0x00007ffc4b536433 UE4Editor-Projects.dll!UnknownFunction []
[2023.07.24-05.53.28:347][  0]LogWindows: Error: [Callstack] 0x00007ffc4b53674f UE4Editor-Projects.dll!UnknownFunction []
[2023.07.24-05.53.28:347][  0]LogWindows: Error: [Callstack] 0x00007ff685df5642 UE4Editor.exe!UnknownFunction []
[2023.07.24-05.53.28:347][  0]LogWindows: Error: [Callstack] 0x00007ff685df9000 UE4Editor.exe!UnknownFunction []
[2023.07.24-05.53.28:347][  0]LogWindows: Error: [Callstack] 0x00007ff685df0d2c UE4Editor.exe!UnknownFunction []
[2023.07.24-05.53.28:347][  0]LogWindows: Error: [Callstack] 0x00007ff685df10ba UE4Editor.exe!UnknownFunction []
[2023.07.24-05.53.28:347][  0]LogWindows: Error: [Callstack] 0x00007ff685df40dd UE4Editor.exe!UnknownFunction []
[2023.07.24-05.53.28:347][  0]LogWindows: Error: [Callstack] 0x00007ff685e05984 UE4Editor.exe!UnknownFunction []
[2023.07.24-05.53.28:347][  0]LogWindows: Error: [Callstack] 0x00007ff685e0853a UE4Editor.exe!UnknownFunction []
[2023.07.24-05.53.28:347][  0]LogWindows: Error: [Callstack] 0x00007ffc8efb7614 KERNEL32.DLL!UnknownFunction []
[2023.07.24-05.53.28:347][  0]LogWindows: Error: [Callstack] 0x00007ffc8f5c26b1 ntdll.dll!UnknownFunction []
[2023.07.24-05.53.28:347][  0]LogWindows: Error: 
[2023.07.24-05.53.28:349][  0]LogExit: Executing StaticShutdownAfterError
[2023.07.24-05.53.28:350][  0]LogWindows: FPlatformMisc::RequestExit(1)
[2023.07.24-05.53.28:350][  0]LogWindows: FPlatformMisc::RequestExitWithStatus(1, 3)
[2023.07.24-05.53.28:350][  0]LogCore: Engine exit requested (reason: Win RequestExit)
[2023.07.24-05.53.28:359][  0]Log file closed, 07/24/23 01:53:28
