Log file open, 07/24/23 01:44:32
LogWindows: Failed to load 'aqProf.dll' (GetLastError=126)
LogWindows: File 'aqProf.dll' does not exist
LogWindows: Failed to load 'VtuneApi.dll' (GetLastError=126)
LogWindows: File 'VtuneApi.dll' does not exist
LogWindows: Failed to load 'VtuneApi32e.dll' (GetLastError=126)
LogWindows: File 'VtuneApi32e.dll' does not exist
LogConsoleResponse: Display: Failed to find resolution value strings in scalability ini. Falling back to default.
LogConsoleResponse: Display: Failed to find resolution value strings in scalability ini. Falling back to default.
LogInit: Display: Running engine for game: JamesStimac
LogPlatformFile: Not using cached read wrapper
LogTaskGraph: Started task graph with 5 named threads and 59 total threads with 3 sets of task threads.
LogStats: Stats thread started at 0.155137
LogICUInternationalization: ICU TimeZone Detection - Raw Offset: -5:00, Platform Override: ''
LogInit: Display: Loading text-based GConfig....
LogPluginManager: Mounting plugin MeshPainting
LogPluginManager: Mounting plugin XGEController
LogPluginManager: Mounting plugin AISupport
LogPluginManager: Mounting plugin Paper2D
LogPluginManager: Mounting plugin EnvironmentQueryEditor
LogPluginManager: Mounting plugin GameplayCameras
LogPluginManager: Mounting plugin CameraShakePreviewer
LogPluginManager: Mounting plugin LightPropagationVolume
LogPluginManager: Mounting plugin OodleData
LogPluginManager: Mounting plugin OodleNetwork
LogPluginManager: Mounting plugin LiveLink
LogPluginManager: Mounting plugin AnimationSharing
LogPluginManager: Mounting plugin GitSourceControl
LogPluginManager: Mounting plugin KDevelopSourceCodeAccess
LogPluginManager: Mounting plugin CodeLiteSourceCodeAccess
LogPluginManager: Mounting plugin CLionSourceCodeAccess
LogPluginManager: Mounting plugin PixWinPlugin
LogPluginManager: Mounting plugin PlasticSourceControl
LogPluginManager: Mounting plugin NullSourceCodeAccess
LogPluginManager: Mounting plugin PropertyAccessNode
LogPluginManager: Mounting plugin PerforceSourceControl
LogPluginManager: Mounting plugin PluginUtils
LogPluginManager: Mounting plugin SubversionSourceControl
LogPluginManager: Mounting plugin TextureFormatOodle
LogPluginManager: Mounting plugin UObjectPlugin
LogPluginManager: Mounting plugin XCodeSourceCodeAccess
LogPluginManager: Mounting plugin RiderSourceCodeAccess
LogPluginManager: Mounting plugin VisualStudioCodeSourceCodeAccess
LogPluginManager: Mounting plugin AlembicImporter
LogPluginManager: Mounting plugin AutomationUtils
LogPluginManager: Mounting plugin BackChannel
LogPluginManager: Mounting plugin ChaosClothEditor
LogPluginManager: Mounting plugin ChaosCloth
LogPluginManager: Mounting plugin ChaosNiagara
LogPluginManager: Mounting plugin ChaosSolverPlugin
LogPluginManager: Mounting plugin ChaosEditor
LogPluginManager: Mounting plugin CharacterAI
LogPluginManager: Mounting plugin Niagara
LogPluginManager: Mounting plugin DatasmithContent
LogPluginManager: Mounting plugin LuminPlatformFeatures
LogPluginManager: Mounting plugin MagicLeap
LogPluginManager: Mounting plugin MagicLeapLightEstimation
LogPluginManager: Mounting plugin MagicLeapMedia
LogPluginManager: Mounting plugin MagicLeapPassableWorld
LogPluginManager: Mounting plugin MLSDK
LogPluginManager: Mounting plugin GeometryCache
LogPluginManager: Mounting plugin GeometryCollectionPlugin
LogPluginManager: Mounting plugin GeometryProcessing
LogPluginManager: Mounting plugin MotoSynth
LogPluginManager: Mounting plugin PlatformCrypto
LogPluginManager: Mounting plugin OpenImageDenoise
LogPluginManager: Mounting plugin PlanarCut
LogPluginManager: Mounting plugin ProxyLODPlugin
LogPluginManager: Mounting plugin VisualStudioSourceCodeAccess
LogPluginManager: Mounting plugin SkeletalReduction
LogPluginManager: Mounting plugin VariantManagerContent
LogPluginManager: Mounting plugin AndroidMedia
LogPluginManager: Mounting plugin AvfMedia
LogPluginManager: Mounting plugin MediaCompositing
LogPluginManager: Mounting plugin MediaPlayerEditor
LogPluginManager: Mounting plugin WmfMedia
LogPluginManager: Mounting plugin TcpMessaging
LogPluginManager: Mounting plugin WebMMedia
LogPluginManager: Mounting plugin UdpMessaging
LogPluginManager: Mounting plugin OnlineSubsystem
LogPluginManager: Mounting plugin OnlineSubsystemUtils
LogPluginManager: Mounting plugin LevelSequenceEditor
LogPluginManager: Mounting plugin MatineeToLevelSequence
LogPluginManager: Mounting plugin LauncherChunkInstaller
LogPluginManager: Mounting plugin ActorSequence
LogPluginManager: Mounting plugin TemplateSequence
LogPluginManager: Mounting plugin AndroidDeviceProfileSelector
LogPluginManager: Mounting plugin ActorLayerUtilities
LogPluginManager: Mounting plugin ImgMedia
LogPluginManager: Mounting plugin AndroidMoviePlayer
LogPluginManager: Mounting plugin AndroidPermission
LogPluginManager: Mounting plugin AppleMoviePlayer
LogPluginManager: Mounting plugin AppleImageUtils
LogPluginManager: Mounting plugin AssetTags
LogPluginManager: Mounting plugin ArchVisCharacter
LogPluginManager: Mounting plugin AudioSynesthesia
LogPluginManager: Mounting plugin CableComponent
LogPluginManager: Mounting plugin CustomMeshComponent
LogPluginManager: Mounting plugin ChunkDownloader
LogPluginManager: Mounting plugin EditableMesh
LogPluginManager: Mounting plugin ExampleDeviceProfileSelector
LogPluginManager: Mounting plugin GoogleCloudMessaging
LogPluginManager: Mounting plugin GooglePAD
LogPluginManager: Mounting plugin LinuxDeviceProfileSelector
LogPluginManager: Mounting plugin LocationServicesBPLibrary
LogPluginManager: Mounting plugin MobilePatchingUtils
LogPluginManager: Mounting plugin OpenXR
LogPluginManager: Mounting plugin OpenXREyeTracker
LogPluginManager: Mounting plugin OpenXRHandTracking
LogPluginManager: Mounting plugin PhysXVehicles
LogPluginManager: Mounting plugin PostSplashScreen
LogPluginManager: Mounting plugin ProceduralMeshComponent
LogPluginManager: Mounting plugin PropertyAccessEditor
LogPluginManager: Mounting plugin SignificanceManager
LogPluginManager: Mounting plugin SoundFields
LogPluginManager: Mounting plugin RuntimePhysXCooking
LogPluginManager: Mounting plugin Synthesis
LogPluginManager: Mounting plugin WebMMoviePlayer
LogPluginManager: Mounting plugin WindowsMoviePlayer
LogPluginManager: Mounting plugin ScreenshotTools
LogPluginManager: Mounting plugin Takes
LogPluginManager: Mounting plugin AssetManagerEditor
LogPluginManager: Mounting plugin DataValidation
LogPluginManager: Mounting plugin FacialAnimation
LogPluginManager: Mounting plugin CurveEditorTools
LogPluginManager: Mounting plugin GeometryMode
LogPluginManager: Mounting plugin PluginBrowser
LogPluginManager: Mounting plugin MobileLauncherProfileWizard
LogPluginManager: Mounting plugin MaterialAnalyzer
LogPluginManager: Mounting plugin MacGraphicsSwitching
LogPluginManager: Mounting plugin SpeedTreeImporter
LogPluginManager: Mounting plugin CryptoKeys
LogPluginManager: Mounting plugin GameplayTagsEditor
LogPluginManager: Mounting plugin OnlineSubsystemNull
LogPluginManager: Mounting plugin AudioCapture
LogPluginManager: Mounting plugin PythonScriptPlugin
LogPluginManager: Mounting plugin IOSDeviceProfileSelector
LogPluginManager: Mounting plugin OnlineSubsystemIOS
LogPluginManager: Mounting plugin OnlineSubsystemGooglePlay
LogPluginManager: Mounting plugin SteamVR
LogPluginManager: Mounting plugin OculusVR
LogPluginManager: Mounting plugin ContentBrowserClassDataSource
LogPluginManager: Mounting plugin ContentBrowserAssetDataSource
LogPluginManager: Mounting plugin ContentBrowserFileDataSource
PixWinPlugin: PIX capture plugin failed to initialize! Check that the process is launched from PIX.
LogInit: Using libcurl 7.55.1-DEV
LogInit:  - built for x86_64-pc-win32
LogInit:  - supports SSL with OpenSSL/1.1.1
LogInit:  - supports HTTP deflate (compression) using libz 1.2.8
LogInit:  - other features:
LogInit:      CURL_VERSION_SSL
LogInit:      CURL_VERSION_LIBZ
LogInit:      CURL_VERSION_IPV6
LogInit:      CURL_VERSION_ASYNCHDNS
LogInit:      CURL_VERSION_LARGEFILE
LogInit:      CURL_VERSION_IDN
LogInit:  CurlRequestOptions (configurable via config and command line):
LogInit:  - bVerifyPeer = true  - Libcurl will verify peer certificate
LogInit:  - bUseHttpProxy = false  - Libcurl will NOT use HTTP proxy
LogInit:  - bDontReuseConnections = false  - Libcurl will reuse connections
LogInit:  - MaxHostConnections = 16  - Libcurl will limit the number of connections to a host
LogInit:  - LocalHostAddr = Default
LogInit:  - BufferSize = 65536
LogOnline: OSS: Creating online subsystem instance for: NULL
LogInit: WinSock: version 1.1 (2.2), MaxSocks=32767, MaxUdp=65467
LogOnline: OSS: TryLoadSubsystemAndSetDefault: Loaded subsystem for module [NULL]
LogOculusPluginWrapper: OculusPlugin initialized successfully
LogHMD: Failed initializing OVRPlugin 1.59.0
LogInit: Build: ++UE4+Release-4.27-CL-18319896
LogInit: Engine Version: 4.27.2-18319896+++UE4+Release-4.27
LogInit: Compatible Engine Version: 4.27.0-17155196+++UE4+Release-4.27
LogInit: Net CL: 17155196
LogInit: OS: Windows 10 (Release 2009) (), CPU: 12th Gen Intel(R) Core(TM) i7-12700KF, GPU: NVIDIA GeForce RTX 4060 Ti
LogInit: Compiled (64-bit): Nov 30 2021 07:12:08
LogInit: Compiled with Visual C++: 19.24.28315.00
LogInit: Build Configuration: Development
LogInit: Branch Name: ++UE4+Release-4.27
LogInit: Command Line: 
LogInit: Base Directory: C:/Program Files/Epic Games/UE_4.27/Engine/Binaries/Win64/
LogInit: Allocator: TBB
LogInit: Installed Engine Build: 1
LogDevObjectVersion: Number of dev versions registered: 29
LogDevObjectVersion:   Dev-Blueprints (B0D832E4-1F89-4F0D-ACCF-7EB736FD4AA2): 10
LogDevObjectVersion:   Dev-Build (E1C64328-A22C-4D53-A36C-8E866417BD8C): 0
LogDevObjectVersion:   Dev-Core (375EC13C-06E4-48FB-B500-84F0262A717E): 4
LogDevObjectVersion:   Dev-Editor (E4B068ED-F494-42E9-A231-DA0B2E46BB41): 40
LogDevObjectVersion:   Dev-Framework (CFFC743F-43B0-4480-9391-14DF171D2073): 37
LogDevObjectVersion:   Dev-Mobile (B02B49B5-BB20-44E9-A304-32B752E40360): 3
LogDevObjectVersion:   Dev-Networking (A4E4105C-59A1-49B5-A7C5-40C4547EDFEE): 0
LogDevObjectVersion:   Dev-Online (39C831C9-5AE6-47DC-9A44-9C173E1C8E7C): 0
LogDevObjectVersion:   Dev-Physics (78F01B33-EBEA-4F98-B9B4-84EACCB95AA2): 14
LogDevObjectVersion:   Dev-Platform (6631380F-2D4D-43E0-8009-CF276956A95A): 0
LogDevObjectVersion:   Dev-Rendering (12F88B9F-8875-4AFC-A67C-D90C383ABD29): 45
LogDevObjectVersion:   Dev-Sequencer (7B5AE74C-D270-4C10-A958-57980B212A5A): 13
LogDevObjectVersion:   Dev-VR (D7296918-1DD6-4BDD-9DE2-64A83CC13884): 3
LogDevObjectVersion:   Dev-LoadTimes (C2A15278-BFE7-4AFE-6C17-90FF531DF755): 1
LogDevObjectVersion:   Private-Geometry (6EACA3D4-40EC-4CC1-B786-8BED09428FC5): 3
LogDevObjectVersion:   Dev-AnimPhys (29E575DD-E0A3-4627-9D10-D276232CDCEA): 17
LogDevObjectVersion:   Dev-Anim (AF43A65D-7FD3-4947-9873-3E8ED9C1BB05): 15
LogDevObjectVersion:   Dev-ReflectionCapture (6B266CEC-1EC7-4B8F-A30B-E4D90942FC07): 1
LogDevObjectVersion:   Dev-Automation (0DF73D61-A23F-47EA-B727-89E90C41499A): 1
LogDevObjectVersion:   FortniteMain (601D1886-AC64-4F84-AA16-D3DE0DEAC7D6): 47
LogDevObjectVersion:   FortniteRelease (E7086368-6B23-4C58-8439-1B7016265E91): 1
LogDevObjectVersion:   Dev-Enterprise (9DFFBCD6-494F-0158-E221-12823C92A888): 10
LogDevObjectVersion:   Dev-Niagara (F2AED0AC-9AFE-416F-8664-AA7FFA26D6FC): 1
LogDevObjectVersion:   Dev-Destruction (174F1F0B-B4C6-45A5-B13F-2EE8D0FB917D): 10
LogDevObjectVersion:   Dev-Physics-Ext (35F94A83-E258-406C-A318-09F59610247C): 41
LogDevObjectVersion:   Dev-PhysicsMaterial-Chaos (B68FC16E-8B1B-42E2-B453-215C058844FE): 1
LogDevObjectVersion:   Dev-CineCamera (B2E18506-4273-CFC2-A54E-F4BB758BBA07): 1
LogDevObjectVersion:   Dev-VirtualProduction (64F58936-FD1B-42BA-BA96-7289D5D0FA4E): 1
LogDevObjectVersion:   Dev-MediaFramework (6F0ED827-A609-4895-9C91-998D90180EA4): 2
LogInit: Presizing for max 25165824 objects, including 0 objects not considered by GC, pre-allocating 0 bytes for permanent pool.
LogConfig: Applying CVar settings from Section [/Script/Engine.StreamingSettings] File [C:/Users/james/Projects/SNHU/GAM312/JamesStimac/Saved/Config/Windows/Engine.ini]
LogConfig: Setting CVar [[s.MinBulkDataSizeForAsyncLoading:131072]]
LogConfig: Setting CVar [[s.AsyncLoadingThreadEnabled:0]]
LogConfig: Setting CVar [[s.EventDrivenLoaderEnabled:1]]
LogConfig: Setting CVar [[s.WarnIfTimeLimitExceeded:0]]
LogConfig: Setting CVar [[s.TimeLimitExceededMultiplier:1.5]]
LogConfig: Setting CVar [[s.TimeLimitExceededMinTime:0.005]]
LogConfig: Setting CVar [[s.UseBackgroundLevelStreaming:1]]
LogConfig: Setting CVar [[s.PriorityAsyncLoadingExtraTime:15.0]]
LogConfig: Setting CVar [[s.LevelStreamingActorsUpdateTimeLimit:5.0]]
LogConfig: Setting CVar [[s.PriorityLevelStreamingActorsUpdateExtraTime:5.0]]
LogConfig: Setting CVar [[s.LevelStreamingComponentsRegistrationGranularity:10]]
LogConfig: Setting CVar [[s.UnregisterComponentsTimeLimit:1.0]]
LogConfig: Setting CVar [[s.LevelStreamingComponentsUnregistrationGranularity:5]]
LogConfig: Setting CVar [[s.FlushStreamingOnExit:1]]
LogInit: Object subsystem initialized
LogConfig: Setting CVar [[con.DebugEarlyDefault:1]]
LogConfig: Setting CVar [[r.setres:1280x720]]
[2023.07.24-05.44.32:664][  0]LogConfig: Setting CVar [[r.VSync:0]]
[2023.07.24-05.44.32:664][  0]LogConfig: Setting CVar [[r.RHICmdBypass:0]]
[2023.07.24-05.44.32:664][  0]LogConfig: Applying CVar settings from Section [/Script/Engine.RendererSettings] File [C:/Users/james/Projects/SNHU/GAM312/JamesStimac/Saved/Config/Windows/Engine.ini]
[2023.07.24-05.44.32:664][  0]LogConfig: Setting CVar [[r.GPUCrashDebugging:0]]
[2023.07.24-05.44.32:664][  0]LogConfig: Applying CVar settings from Section [/Script/Engine.RendererOverrideSettings] File [C:/Users/james/Projects/SNHU/GAM312/JamesStimac/Saved/Config/Windows/Engine.ini]
[2023.07.24-05.44.32:664][  0]LogConfig: Applying CVar settings from Section [/Script/Engine.StreamingSettings] File [C:/Users/james/Projects/SNHU/GAM312/JamesStimac/Saved/Config/Windows/Engine.ini]
[2023.07.24-05.44.32:664][  0]LogConfig: Setting CVar [[s.MinBulkDataSizeForAsyncLoading:131072]]
[2023.07.24-05.44.32:664][  0]LogConfig: Setting CVar [[s.AsyncLoadingThreadEnabled:0]]
[2023.07.24-05.44.32:664][  0]LogConfig: Setting CVar [[s.EventDrivenLoaderEnabled:1]]
[2023.07.24-05.44.32:664][  0]LogConfig: Setting CVar [[s.WarnIfTimeLimitExceeded:0]]
[2023.07.24-05.44.32:664][  0]LogConfig: Setting CVar [[s.TimeLimitExceededMultiplier:1.5]]
[2023.07.24-05.44.32:664][  0]LogConfig: Setting CVar [[s.TimeLimitExceededMinTime:0.005]]
[2023.07.24-05.44.32:664][  0]LogConfig: Setting CVar [[s.UseBackgroundLevelStreaming:1]]
[2023.07.24-05.44.32:664][  0]LogConfig: Setting CVar [[s.PriorityAsyncLoadingExtraTime:15.0]]
[2023.07.24-05.44.32:664][  0]LogConfig: Setting CVar [[s.LevelStreamingActorsUpdateTimeLimit:5.0]]
[2023.07.24-05.44.32:664][  0]LogConfig: Setting CVar [[s.PriorityLevelStreamingActorsUpdateExtraTime:5.0]]
[2023.07.24-05.44.32:664][  0]LogConfig: Setting CVar [[s.LevelStreamingComponentsRegistrationGranularity:10]]
[2023.07.24-05.44.32:664][  0]LogConfig: Setting CVar [[s.UnregisterComponentsTimeLimit:1.0]]
[2023.07.24-05.44.32:664][  0]LogConfig: Setting CVar [[s.LevelStreamingComponentsUnregistrationGranularity:5]]
[2023.07.24-05.44.32:664][  0]LogConfig: Setting CVar [[s.FlushStreamingOnExit:1]]
[2023.07.24-05.44.32:664][  0]LogConfig: Applying CVar settings from Section [/Script/Engine.GarbageCollectionSettings] File [C:/Users/james/Projects/SNHU/GAM312/JamesStimac/Saved/Config/Windows/Engine.ini]
[2023.07.24-05.44.32:664][  0]LogConfig: Setting CVar [[gc.MaxObjectsNotConsideredByGC:1]]
[2023.07.24-05.44.32:664][  0]LogConfig: Setting CVar [[gc.SizeOfPermanentObjectPool:0]]
[2023.07.24-05.44.32:664][  0]LogConfig: Setting CVar [[gc.FlushStreamingOnGC:0]]
[2023.07.24-05.44.32:664][  0]LogConfig: Setting CVar [[gc.NumRetriesBeforeForcingGC:10]]
[2023.07.24-05.44.32:664][  0]LogConfig: Setting CVar [[gc.AllowParallelGC:1]]
[2023.07.24-05.44.32:664][  0]LogConfig: Setting CVar [[gc.TimeBetweenPurgingPendingKillObjects:61.1]]
[2023.07.24-05.44.32:664][  0]LogConfig: Setting CVar [[gc.MaxObjectsInEditor:25165824]]
[2023.07.24-05.44.32:664][  0]LogConfig: Setting CVar [[gc.IncrementalBeginDestroyEnabled:1]]
[2023.07.24-05.44.32:664][  0]LogConfig: Setting CVar [[gc.CreateGCClusters:1]]
[2023.07.24-05.44.32:664][  0]LogConfig: Setting CVar [[gc.MinGCClusterSize:5]]
[2023.07.24-05.44.32:664][  0]LogConfig: Setting CVar [[gc.ActorClusteringEnabled:0]]
[2023.07.24-05.44.32:664][  0]LogConfig: Setting CVar [[gc.BlueprintClusteringEnabled:0]]
[2023.07.24-05.44.32:664][  0]LogConfig: Setting CVar [[gc.UseDisregardForGCOnDedicatedServers:0]]
[2023.07.24-05.44.32:664][  0]LogConfig: Setting CVar [[gc.MultithreadedDestructionEnabled:1]]
[2023.07.24-05.44.32:664][  0]LogConfig: Applying CVar settings from Section [/Script/Engine.NetworkSettings] File [C:/Users/james/Projects/SNHU/GAM312/JamesStimac/Saved/Config/Windows/Engine.ini]
[2023.07.24-05.44.32:664][  0]LogConfig: Applying CVar settings from Section [/Script/UnrealEd.CookerSettings] File [C:/Users/james/Projects/SNHU/GAM312/JamesStimac/Saved/Config/Windows/Engine.ini]
[2023.07.24-05.44.32:683][  0]LogConfig: Applying CVar settings from Section [ViewDistanceQuality@3] File [C:/Users/james/Projects/SNHU/GAM312/JamesStimac/Saved/Config/Windows/Scalability.ini]
[2023.07.24-05.44.32:683][  0]LogConfig: Setting CVar [[r.SkeletalMeshLODBias:0]]
[2023.07.24-05.44.32:683][  0]LogConfig: Setting CVar [[r.ViewDistanceScale:1.0]]
[2023.07.24-05.44.32:683][  0]LogConfig: Applying CVar settings from Section [AntiAliasingQuality@3] File [C:/Users/james/Projects/SNHU/GAM312/JamesStimac/Saved/Config/Windows/Scalability.ini]
[2023.07.24-05.44.32:683][  0]LogConfig: Setting CVar [[r.PostProcessAAQuality:4]]
[2023.07.24-05.44.32:683][  0]LogConfig: Applying CVar settings from Section [ShadowQuality@3] File [C:/Users/james/Projects/SNHU/GAM312/JamesStimac/Saved/Config/Windows/Scalability.ini]
[2023.07.24-05.44.32:683][  0]LogConfig: Setting CVar [[r.LightFunctionQuality:1]]
[2023.07.24-05.44.32:683][  0]LogConfig: Setting CVar [[r.ShadowQuality:5]]
[2023.07.24-05.44.32:683][  0]LogConfig: Setting CVar [[r.Shadow.CSM.MaxCascades:10]]
[2023.07.24-05.44.32:683][  0]LogConfig: Setting CVar [[r.Shadow.MaxResolution:2048]]
[2023.07.24-05.44.32:683][  0]LogConfig: Setting CVar [[r.Shadow.MaxCSMResolution:2048]]
[2023.07.24-05.44.32:683][  0]LogConfig: Setting CVar [[r.Shadow.RadiusThreshold:0.01]]
[2023.07.24-05.44.32:683][  0]LogConfig: Setting CVar [[r.Shadow.DistanceScale:1.0]]
[2023.07.24-05.44.32:683][  0]LogConfig: Setting CVar [[r.Shadow.CSM.TransitionScale:1.0]]
[2023.07.24-05.44.32:683][  0]LogConfig: Setting CVar [[r.Shadow.PreShadowResolutionFactor:1.0]]
[2023.07.24-05.44.32:683][  0]LogConfig: Setting CVar [[r.DistanceFieldShadowing:1]]
[2023.07.24-05.44.32:683][  0]LogConfig: Setting CVar [[r.DistanceFieldAO:1]]
[2023.07.24-05.44.32:683][  0]LogConfig: Setting CVar [[r.AOQuality:2]]
[2023.07.24-05.44.32:683][  0]LogConfig: Setting CVar [[r.VolumetricFog:1]]
[2023.07.24-05.44.32:683][  0]LogConfig: Setting CVar [[r.VolumetricFog.GridPixelSize:8]]
[2023.07.24-05.44.32:683][  0]LogConfig: Setting CVar [[r.VolumetricFog.GridSizeZ:128]]
[2023.07.24-05.44.32:683][  0]LogConfig: Setting CVar [[r.VolumetricFog.HistoryMissSupersampleCount:4]]
[2023.07.24-05.44.32:683][  0]LogConfig: Setting CVar [[r.LightMaxDrawDistanceScale:1]]
[2023.07.24-05.44.32:683][  0]LogConfig: Setting CVar [[r.CapsuleShadows:1]]
[2023.07.24-05.44.32:683][  0]LogConfig: Applying CVar settings from Section [PostProcessQuality@3] File [C:/Users/james/Projects/SNHU/GAM312/JamesStimac/Saved/Config/Windows/Scalability.ini]
[2023.07.24-05.44.32:683][  0]LogConfig: Setting CVar [[r.MotionBlurQuality:4]]
[2023.07.24-05.44.32:683][  0]LogConfig: Setting CVar [[r.AmbientOcclusionMipLevelFactor:0.4]]
[2023.07.24-05.44.32:683][  0]LogConfig: Setting CVar [[r.AmbientOcclusionMaxQuality:100]]
[2023.07.24-05.44.32:683][  0]LogConfig: Setting CVar [[r.AmbientOcclusionLevels:-1]]
[2023.07.24-05.44.32:683][  0]LogConfig: Setting CVar [[r.AmbientOcclusionRadiusScale:1.0]]
[2023.07.24-05.44.32:683][  0]LogConfig: Setting CVar [[r.DepthOfFieldQuality:2]]
[2023.07.24-05.44.32:683][  0]LogConfig: Setting CVar [[r.RenderTargetPoolMin:400]]
[2023.07.24-05.44.32:683][  0]LogConfig: Setting CVar [[r.LensFlareQuality:2]]
[2023.07.24-05.44.32:683][  0]LogConfig: Setting CVar [[r.SceneColorFringeQuality:1]]
[2023.07.24-05.44.32:683][  0]LogConfig: Setting CVar [[r.EyeAdaptationQuality:2]]
[2023.07.24-05.44.32:683][  0]LogConfig: Setting CVar [[r.BloomQuality:5]]
[2023.07.24-05.44.32:683][  0]LogConfig: Setting CVar [[r.FastBlurThreshold:100]]
[2023.07.24-05.44.32:683][  0]LogConfig: Setting CVar [[r.Upscale.Quality:3]]
[2023.07.24-05.44.32:683][  0]LogConfig: Setting CVar [[r.Tonemapper.GrainQuantization:1]]
[2023.07.24-05.44.32:683][  0]LogConfig: Setting CVar [[r.LightShaftQuality:1]]
[2023.07.24-05.44.32:683][  0]LogConfig: Setting CVar [[r.Filter.SizeScale:1]]
[2023.07.24-05.44.32:683][  0]LogConfig: Setting CVar [[r.Tonemapper.Quality:5]]
[2023.07.24-05.44.32:683][  0]LogConfig: Setting CVar [[r.DOF.Gather.AccumulatorQuality:1        ; higher gathering accumulator quality]]
[2023.07.24-05.44.32:683][  0]LogConfig: Setting CVar [[r.DOF.Gather.PostfilterMethod:1          ; Median3x3 postfilering method]]
[2023.07.24-05.44.32:683][  0]LogConfig: Setting CVar [[r.DOF.Gather.EnableBokehSettings:0       ; no bokeh simulation when gathering]]
[2023.07.24-05.44.32:683][  0]LogConfig: Setting CVar [[r.DOF.Gather.RingCount:4                 ; medium number of samples when gathering]]
[2023.07.24-05.44.32:683][  0]LogConfig: Setting CVar [[r.DOF.Scatter.ForegroundCompositing:1    ; additive foreground scattering]]
[2023.07.24-05.44.32:683][  0]LogConfig: Setting CVar [[r.DOF.Scatter.BackgroundCompositing:2    ; additive background scattering]]
[2023.07.24-05.44.32:683][  0]LogConfig: Setting CVar [[r.DOF.Scatter.EnableBokehSettings:1      ; bokeh simulation when scattering]]
[2023.07.24-05.44.32:683][  0]LogConfig: Setting CVar [[r.DOF.Scatter.MaxSpriteRatio:0.1         ; only a maximum of 10% of scattered bokeh]]
[2023.07.24-05.44.32:683][  0]LogConfig: Setting CVar [[r.DOF.Recombine.Quality:1                ; cheap slight out of focus]]
[2023.07.24-05.44.32:683][  0]LogConfig: Setting CVar [[r.DOF.Recombine.EnableBokehSettings:0    ; no bokeh simulation on slight out of focus]]
[2023.07.24-05.44.32:683][  0]LogConfig: Setting CVar [[r.DOF.TemporalAAQuality:1                ; more stable temporal accumulation]]
[2023.07.24-05.44.32:683][  0]LogConfig: Setting CVar [[r.DOF.Kernel.MaxForegroundRadius:0.025]]
[2023.07.24-05.44.32:683][  0]LogConfig: Setting CVar [[r.DOF.Kernel.MaxBackgroundRadius:0.025]]
[2023.07.24-05.44.32:683][  0]LogConfig: Applying CVar settings from Section [TextureQuality@3] File [C:/Users/james/Projects/SNHU/GAM312/JamesStimac/Saved/Config/Windows/Scalability.ini]
[2023.07.24-05.44.32:683][  0]LogConfig: Setting CVar [[r.Streaming.MipBias:0]]
[2023.07.24-05.44.32:683][  0]LogConfig: Setting CVar [[r.Streaming.AmortizeCPUToGPUCopy:0]]
[2023.07.24-05.44.32:683][  0]LogConfig: Setting CVar [[r.Streaming.MaxNumTexturesToStreamPerFrame:0]]
[2023.07.24-05.44.32:683][  0]LogConfig: Setting CVar [[r.Streaming.Boost:1]]
[2023.07.24-05.44.32:683][  0]LogConfig: Setting CVar [[r.MaxAnisotropy:8]]
[2023.07.24-05.44.32:683][  0]LogConfig: Setting CVar [[r.VT.MaxAnisotropy:8]]
[2023.07.24-05.44.32:683][  0]LogConfig: Setting CVar [[r.Streaming.LimitPoolSizeToVRAM:0]]
[2023.07.24-05.44.32:683][  0]LogConfig: Setting CVar [[r.Streaming.PoolSize:1000]]
[2023.07.24-05.44.32:683][  0]LogConfig: Setting CVar [[r.Streaming.MaxEffectiveScreenSize:0]]
[2023.07.24-05.44.32:683][  0]LogConfig: Applying CVar settings from Section [EffectsQuality@3] File [C:/Users/james/Projects/SNHU/GAM312/JamesStimac/Saved/Config/Windows/Scalability.ini]
[2023.07.24-05.44.32:683][  0]LogConfig: Setting CVar [[r.TranslucencyLightingVolumeDim:64]]
[2023.07.24-05.44.32:683][  0]LogConfig: Setting CVar [[r.RefractionQuality:2]]
[2023.07.24-05.44.32:683][  0]LogConfig: Setting CVar [[r.SSR.Quality:3]]
[2023.07.24-05.44.32:683][  0]LogConfig: Setting CVar [[r.SSR.HalfResSceneColor:0]]
[2023.07.24-05.44.32:683][  0]LogConfig: Setting CVar [[r.SceneColorFormat:4]]
[2023.07.24-05.44.32:683][  0]LogConfig: Setting CVar [[r.DetailMode:2]]
[2023.07.24-05.44.32:683][  0]LogConfig: Setting CVar [[r.TranslucencyVolumeBlur:1]]
[2023.07.24-05.44.32:683][  0]LogConfig: Setting CVar [[r.MaterialQualityLevel:1 ; High quality]]
[2023.07.24-05.44.32:683][  0]LogConfig: Setting CVar [[r.AnisotropicMaterials:1]]
[2023.07.24-05.44.32:683][  0]LogConfig: Setting CVar [[r.SSS.Scale:1]]
[2023.07.24-05.44.32:683][  0]LogConfig: Setting CVar [[r.SSS.SampleSet:2]]
[2023.07.24-05.44.32:683][  0]LogConfig: Setting CVar [[r.SSS.Quality:1]]
[2023.07.24-05.44.32:683][  0]LogConfig: Setting CVar [[r.SSS.HalfRes:0]]
[2023.07.24-05.44.32:683][  0]LogConfig: Setting CVar [[r.SSGI.Quality:3]]
[2023.07.24-05.44.32:683][  0]LogConfig: Setting CVar [[r.EmitterSpawnRateScale:1.0]]
[2023.07.24-05.44.32:683][  0]LogConfig: Setting CVar [[r.ParticleLightQuality:2]]
[2023.07.24-05.44.32:683][  0]LogConfig: Setting CVar [[r.SkyAtmosphere.AerialPerspectiveLUT.FastApplyOnOpaque:1 ; Always have FastSkyLUT 1 in this case to avoid wrong sky]]
[2023.07.24-05.44.32:683][  0]LogConfig: Setting CVar [[r.SkyAtmosphere.AerialPerspectiveLUT.SampleCountMaxPerSlice:4]]
[2023.07.24-05.44.32:683][  0]LogConfig: Setting CVar [[r.SkyAtmosphere.AerialPerspectiveLUT.DepthResolution:16.0]]
[2023.07.24-05.44.32:683][  0]LogConfig: Setting CVar [[r.SkyAtmosphere.FastSkyLUT:1]]
[2023.07.24-05.44.32:683][  0]LogConfig: Setting CVar [[r.SkyAtmosphere.FastSkyLUT.SampleCountMin:4.0]]
[2023.07.24-05.44.32:683][  0]LogConfig: Setting CVar [[r.SkyAtmosphere.FastSkyLUT.SampleCountMax:128.0]]
[2023.07.24-05.44.32:683][  0]LogConfig: Setting CVar [[r.SkyAtmosphere.SampleCountMin:4.0]]
[2023.07.24-05.44.32:683][  0]LogConfig: Setting CVar [[r.SkyAtmosphere.SampleCountMax:128.0]]
[2023.07.24-05.44.32:683][  0]LogConfig: Setting CVar [[r.SkyAtmosphere.TransmittanceLUT.UseSmallFormat:0]]
[2023.07.24-05.44.32:683][  0]LogConfig: Setting CVar [[r.SkyAtmosphere.TransmittanceLUT.SampleCount:10.0]]
[2023.07.24-05.44.32:683][  0]LogConfig: Setting CVar [[r.SkyAtmosphere.MultiScatteringLUT.SampleCount:15.0]]
[2023.07.24-05.44.32:683][  0]LogConfig: Setting CVar [[r.SkyLight.RealTimeReflectionCapture:1]]
[2023.07.24-05.44.32:683][  0]LogConfig: Applying CVar settings from Section [FoliageQuality@3] File [C:/Users/james/Projects/SNHU/GAM312/JamesStimac/Saved/Config/Windows/Scalability.ini]
[2023.07.24-05.44.32:683][  0]LogConfig: Setting CVar [[foliage.DensityScale:1.0]]
[2023.07.24-05.44.32:683][  0]LogConfig: Setting CVar [[grass.DensityScale:1.0]]
[2023.07.24-05.44.32:683][  0]LogConfig: Applying CVar settings from Section [ShadingQuality@3] File [C:/Users/james/Projects/SNHU/GAM312/JamesStimac/Saved/Config/Windows/Scalability.ini]
[2023.07.24-05.44.32:683][  0]LogConfig: Setting CVar [[r.HairStrands.SkyLighting.IntegrationType:2]]
[2023.07.24-05.44.32:683][  0]LogConfig: Setting CVar [[r.HairStrands.SkyAO.SampleCount:4]]
[2023.07.24-05.44.32:683][  0]LogConfig: Setting CVar [[r.HairStrands.Visibility.MSAA.SamplePerPixel:4]]
[2023.07.24-05.44.32:683][  0]LogInit: Selected Device Profile: [Windows]
[2023.07.24-05.44.32:683][  0]LogInit: Applying CVar settings loaded from the selected device profile: [Windows]
[2023.07.24-05.44.32:683][  0]LogHAL: Display: Platform has ~ 64 GB [68548354048 / 68719476736 / 64], which maps to Largest [LargestMinGB=32, LargerMinGB=12, DefaultMinGB=8, SmallerMinGB=6, SmallestMinGB=0)
[2023.07.24-05.44.32:684][  0]LogInit: Going up to parent DeviceProfile []
[2023.07.24-05.44.32:684][  0]LogConfig: Applying CVar settings from Section [ViewDistanceQuality@3] File [C:/Users/james/Projects/SNHU/GAM312/JamesStimac/Saved/Config/Windows/Scalability.ini]
[2023.07.24-05.44.32:684][  0]LogConfig: Setting CVar [[r.SkeletalMeshLODBias:0]]
[2023.07.24-05.44.32:684][  0]LogConfig: Setting CVar [[r.ViewDistanceScale:1.0]]
[2023.07.24-05.44.32:684][  0]LogConfig: Applying CVar settings from Section [AntiAliasingQuality@3] File [C:/Users/james/Projects/SNHU/GAM312/JamesStimac/Saved/Config/Windows/Scalability.ini]
[2023.07.24-05.44.32:684][  0]LogConfig: Setting CVar [[r.PostProcessAAQuality:4]]
[2023.07.24-05.44.32:684][  0]LogConfig: Applying CVar settings from Section [ShadowQuality@3] File [C:/Users/james/Projects/SNHU/GAM312/JamesStimac/Saved/Config/Windows/Scalability.ini]
[2023.07.24-05.44.32:684][  0]LogConfig: Setting CVar [[r.LightFunctionQuality:1]]
[2023.07.24-05.44.32:684][  0]LogConfig: Setting CVar [[r.ShadowQuality:5]]
[2023.07.24-05.44.32:684][  0]LogConfig: Setting CVar [[r.Shadow.CSM.MaxCascades:10]]
[2023.07.24-05.44.32:684][  0]LogConfig: Setting CVar [[r.Shadow.MaxResolution:2048]]
[2023.07.24-05.44.32:684][  0]LogConfig: Setting CVar [[r.Shadow.MaxCSMResolution:2048]]
[2023.07.24-05.44.32:684][  0]LogConfig: Setting CVar [[r.Shadow.RadiusThreshold:0.01]]
[2023.07.24-05.44.32:684][  0]LogConfig: Setting CVar [[r.Shadow.DistanceScale:1.0]]
[2023.07.24-05.44.32:684][  0]LogConfig: Setting CVar [[r.Shadow.CSM.TransitionScale:1.0]]
[2023.07.24-05.44.32:684][  0]LogConfig: Setting CVar [[r.Shadow.PreShadowResolutionFactor:1.0]]
[2023.07.24-05.44.32:684][  0]LogConfig: Setting CVar [[r.DistanceFieldShadowing:1]]
[2023.07.24-05.44.32:684][  0]LogConfig: Setting CVar [[r.DistanceFieldAO:1]]
[2023.07.24-05.44.32:684][  0]LogConfig: Setting CVar [[r.AOQuality:2]]
[2023.07.24-05.44.32:684][  0]LogConfig: Setting CVar [[r.VolumetricFog:1]]
[2023.07.24-05.44.32:684][  0]LogConfig: Setting CVar [[r.VolumetricFog.GridPixelSize:8]]
[2023.07.24-05.44.32:684][  0]LogConfig: Setting CVar [[r.VolumetricFog.GridSizeZ:128]]
[2023.07.24-05.44.32:684][  0]LogConfig: Setting CVar [[r.VolumetricFog.HistoryMissSupersampleCount:4]]
[2023.07.24-05.44.32:684][  0]LogConfig: Setting CVar [[r.LightMaxDrawDistanceScale:1]]
[2023.07.24-05.44.32:684][  0]LogConfig: Setting CVar [[r.CapsuleShadows:1]]
[2023.07.24-05.44.32:684][  0]LogConfig: Applying CVar settings from Section [PostProcessQuality@3] File [C:/Users/james/Projects/SNHU/GAM312/JamesStimac/Saved/Config/Windows/Scalability.ini]
[2023.07.24-05.44.32:684][  0]LogConfig: Setting CVar [[r.MotionBlurQuality:4]]
[2023.07.24-05.44.32:684][  0]LogConfig: Setting CVar [[r.AmbientOcclusionMipLevelFactor:0.4]]
[2023.07.24-05.44.32:684][  0]LogConfig: Setting CVar [[r.AmbientOcclusionMaxQuality:100]]
[2023.07.24-05.44.32:684][  0]LogConfig: Setting CVar [[r.AmbientOcclusionLevels:-1]]
[2023.07.24-05.44.32:684][  0]LogConfig: Setting CVar [[r.AmbientOcclusionRadiusScale:1.0]]
[2023.07.24-05.44.32:684][  0]LogConfig: Setting CVar [[r.DepthOfFieldQuality:2]]
[2023.07.24-05.44.32:684][  0]LogConfig: Setting CVar [[r.RenderTargetPoolMin:400]]
[2023.07.24-05.44.32:684][  0]LogConfig: Setting CVar [[r.LensFlareQuality:2]]
[2023.07.24-05.44.32:684][  0]LogConfig: Setting CVar [[r.SceneColorFringeQuality:1]]
[2023.07.24-05.44.32:684][  0]LogConfig: Setting CVar [[r.EyeAdaptationQuality:2]]
[2023.07.24-05.44.32:684][  0]LogConfig: Setting CVar [[r.BloomQuality:5]]
[2023.07.24-05.44.32:684][  0]LogConfig: Setting CVar [[r.FastBlurThreshold:100]]
[2023.07.24-05.44.32:684][  0]LogConfig: Setting CVar [[r.Upscale.Quality:3]]
[2023.07.24-05.44.32:684][  0]LogConfig: Setting CVar [[r.Tonemapper.GrainQuantization:1]]
[2023.07.24-05.44.32:684][  0]LogConfig: Setting CVar [[r.LightShaftQuality:1]]
[2023.07.24-05.44.32:684][  0]LogConfig: Setting CVar [[r.Filter.SizeScale:1]]
[2023.07.24-05.44.32:684][  0]LogConfig: Setting CVar [[r.Tonemapper.Quality:5]]
[2023.07.24-05.44.32:684][  0]LogConfig: Setting CVar [[r.DOF.Gather.AccumulatorQuality:1        ; higher gathering accumulator quality]]
[2023.07.24-05.44.32:684][  0]LogConfig: Setting CVar [[r.DOF.Gather.PostfilterMethod:1          ; Median3x3 postfilering method]]
[2023.07.24-05.44.32:684][  0]LogConfig: Setting CVar [[r.DOF.Gather.EnableBokehSettings:0       ; no bokeh simulation when gathering]]
[2023.07.24-05.44.32:684][  0]LogConfig: Setting CVar [[r.DOF.Gather.RingCount:4                 ; medium number of samples when gathering]]
[2023.07.24-05.44.32:684][  0]LogConfig: Setting CVar [[r.DOF.Scatter.ForegroundCompositing:1    ; additive foreground scattering]]
[2023.07.24-05.44.32:684][  0]LogConfig: Setting CVar [[r.DOF.Scatter.BackgroundCompositing:2    ; additive background scattering]]
[2023.07.24-05.44.32:684][  0]LogConfig: Setting CVar [[r.DOF.Scatter.EnableBokehSettings:1      ; bokeh simulation when scattering]]
[2023.07.24-05.44.32:684][  0]LogConfig: Setting CVar [[r.DOF.Scatter.MaxSpriteRatio:0.1         ; only a maximum of 10% of scattered bokeh]]
[2023.07.24-05.44.32:684][  0]LogConfig: Setting CVar [[r.DOF.Recombine.Quality:1                ; cheap slight out of focus]]
[2023.07.24-05.44.32:684][  0]LogConfig: Setting CVar [[r.DOF.Recombine.EnableBokehSettings:0    ; no bokeh simulation on slight out of focus]]
[2023.07.24-05.44.32:684][  0]LogConfig: Setting CVar [[r.DOF.TemporalAAQuality:1                ; more stable temporal accumulation]]
[2023.07.24-05.44.32:684][  0]LogConfig: Setting CVar [[r.DOF.Kernel.MaxForegroundRadius:0.025]]
[2023.07.24-05.44.32:684][  0]LogConfig: Setting CVar [[r.DOF.Kernel.MaxBackgroundRadius:0.025]]
[2023.07.24-05.44.32:684][  0]LogConfig: Applying CVar settings from Section [TextureQuality@3] File [C:/Users/james/Projects/SNHU/GAM312/JamesStimac/Saved/Config/Windows/Scalability.ini]
[2023.07.24-05.44.32:684][  0]LogConfig: Setting CVar [[r.Streaming.MipBias:0]]
[2023.07.24-05.44.32:684][  0]LogConfig: Setting CVar [[r.Streaming.AmortizeCPUToGPUCopy:0]]
[2023.07.24-05.44.32:684][  0]LogConfig: Setting CVar [[r.Streaming.MaxNumTexturesToStreamPerFrame:0]]
[2023.07.24-05.44.32:684][  0]LogConfig: Setting CVar [[r.Streaming.Boost:1]]
[2023.07.24-05.44.32:684][  0]LogConfig: Setting CVar [[r.MaxAnisotropy:8]]
[2023.07.24-05.44.32:684][  0]LogConfig: Setting CVar [[r.VT.MaxAnisotropy:8]]
[2023.07.24-05.44.32:684][  0]LogConfig: Setting CVar [[r.Streaming.LimitPoolSizeToVRAM:0]]
[2023.07.24-05.44.32:684][  0]LogConfig: Setting CVar [[r.Streaming.PoolSize:1000]]
[2023.07.24-05.44.32:684][  0]LogConfig: Setting CVar [[r.Streaming.MaxEffectiveScreenSize:0]]
[2023.07.24-05.44.32:684][  0]LogConfig: Applying CVar settings from Section [EffectsQuality@3] File [C:/Users/james/Projects/SNHU/GAM312/JamesStimac/Saved/Config/Windows/Scalability.ini]
[2023.07.24-05.44.32:684][  0]LogConfig: Setting CVar [[r.TranslucencyLightingVolumeDim:64]]
[2023.07.24-05.44.32:684][  0]LogConfig: Setting CVar [[r.RefractionQuality:2]]
[2023.07.24-05.44.32:684][  0]LogConfig: Setting CVar [[r.SSR.Quality:3]]
[2023.07.24-05.44.32:684][  0]LogConfig: Setting CVar [[r.SSR.HalfResSceneColor:0]]
[2023.07.24-05.44.32:684][  0]LogConfig: Setting CVar [[r.SceneColorFormat:4]]
[2023.07.24-05.44.32:684][  0]LogConfig: Setting CVar [[r.DetailMode:2]]
[2023.07.24-05.44.32:684][  0]LogConfig: Setting CVar [[r.TranslucencyVolumeBlur:1]]
[2023.07.24-05.44.32:684][  0]LogConfig: Setting CVar [[r.MaterialQualityLevel:1 ; High quality]]
[2023.07.24-05.44.32:684][  0]LogConfig: Setting CVar [[r.AnisotropicMaterials:1]]
[2023.07.24-05.44.32:684][  0]LogConfig: Setting CVar [[r.SSS.Scale:1]]
[2023.07.24-05.44.32:684][  0]LogConfig: Setting CVar [[r.SSS.SampleSet:2]]
[2023.07.24-05.44.32:684][  0]LogConfig: Setting CVar [[r.SSS.Quality:1]]
[2023.07.24-05.44.32:684][  0]LogConfig: Setting CVar [[r.SSS.HalfRes:0]]
[2023.07.24-05.44.32:684][  0]LogConfig: Setting CVar [[r.SSGI.Quality:3]]
[2023.07.24-05.44.32:684][  0]LogConfig: Setting CVar [[r.EmitterSpawnRateScale:1.0]]
[2023.07.24-05.44.32:684][  0]LogConfig: Setting CVar [[r.ParticleLightQuality:2]]
[2023.07.24-05.44.32:684][  0]LogConfig: Setting CVar [[r.SkyAtmosphere.AerialPerspectiveLUT.FastApplyOnOpaque:1 ; Always have FastSkyLUT 1 in this case to avoid wrong sky]]
[2023.07.24-05.44.32:684][  0]LogConfig: Setting CVar [[r.SkyAtmosphere.AerialPerspectiveLUT.SampleCountMaxPerSlice:4]]
[2023.07.24-05.44.32:684][  0]LogConfig: Setting CVar [[r.SkyAtmosphere.AerialPerspectiveLUT.DepthResolution:16.0]]
[2023.07.24-05.44.32:684][  0]LogConfig: Setting CVar [[r.SkyAtmosphere.FastSkyLUT:1]]
[2023.07.24-05.44.32:684][  0]LogConfig: Setting CVar [[r.SkyAtmosphere.FastSkyLUT.SampleCountMin:4.0]]
[2023.07.24-05.44.32:684][  0]LogConfig: Setting CVar [[r.SkyAtmosphere.FastSkyLUT.SampleCountMax:128.0]]
[2023.07.24-05.44.32:684][  0]LogConfig: Setting CVar [[r.SkyAtmosphere.SampleCountMin:4.0]]
[2023.07.24-05.44.32:684][  0]LogConfig: Setting CVar [[r.SkyAtmosphere.SampleCountMax:128.0]]
[2023.07.24-05.44.32:684][  0]LogConfig: Setting CVar [[r.SkyAtmosphere.TransmittanceLUT.UseSmallFormat:0]]
[2023.07.24-05.44.32:684][  0]LogConfig: Setting CVar [[r.SkyAtmosphere.TransmittanceLUT.SampleCount:10.0]]
[2023.07.24-05.44.32:684][  0]LogConfig: Setting CVar [[r.SkyAtmosphere.MultiScatteringLUT.SampleCount:15.0]]
[2023.07.24-05.44.32:684][  0]LogConfig: Setting CVar [[r.SkyLight.RealTimeReflectionCapture:1]]
[2023.07.24-05.44.32:684][  0]LogConfig: Applying CVar settings from Section [FoliageQuality@3] File [C:/Users/james/Projects/SNHU/GAM312/JamesStimac/Saved/Config/Windows/Scalability.ini]
[2023.07.24-05.44.32:684][  0]LogConfig: Setting CVar [[foliage.DensityScale:1.0]]
[2023.07.24-05.44.32:684][  0]LogConfig: Setting CVar [[grass.DensityScale:1.0]]
[2023.07.24-05.44.32:684][  0]LogConfig: Applying CVar settings from Section [ShadingQuality@3] File [C:/Users/james/Projects/SNHU/GAM312/JamesStimac/Saved/Config/Windows/Scalability.ini]
[2023.07.24-05.44.32:684][  0]LogConfig: Setting CVar [[r.HairStrands.SkyLighting.IntegrationType:2]]
[2023.07.24-05.44.32:684][  0]LogConfig: Setting CVar [[r.HairStrands.SkyAO.SampleCount:4]]
[2023.07.24-05.44.32:684][  0]LogConfig: Setting CVar [[r.HairStrands.Visibility.MSAA.SamplePerPixel:4]]
[2023.07.24-05.44.32:684][  0]LogConfig: Applying CVar settings from Section [Startup] File [../../../Engine/Config/ConsoleVariables.ini]
[2023.07.24-05.44.32:684][  0]LogConfig: Setting CVar [[net.UseAdaptiveNetUpdateFrequency:0]]
[2023.07.24-05.44.32:684][  0]LogConfig: Setting CVar [[p.chaos.AllowCreatePhysxBodies:1]]
[2023.07.24-05.44.32:684][  0]LogConfig: Setting CVar [[fx.SkipVectorVMBackendOptimizations:1]]
[2023.07.24-05.44.32:684][  0]LogConfig: Applying CVar settings from Section [ConsoleVariables] File [C:/Users/james/Projects/SNHU/GAM312/JamesStimac/Saved/Config/Windows/Engine.ini]
[2023.07.24-05.44.32:684][  0]LogConfig: Applying CVar settings from Section [ConsoleVariables] File [C:/Users/james/Projects/SNHU/GAM312/JamesStimac/Saved/Config/Windows/Editor.ini]
[2023.07.24-05.44.32:684][  0]LogInit: Computer: CHYLSTATION
[2023.07.24-05.44.32:684][  0]LogInit: User: james
[2023.07.24-05.44.32:684][  0]LogInit: CPU Page size=4096, Cores=12
[2023.07.24-05.44.32:684][  0]LogInit: High frequency timer resolution =10.000000 MHz
[2023.07.24-05.44.32:684][  0]LogMemory: Memory total: Physical=63.8GB (64GB approx)
[2023.07.24-05.44.32:684][  0]LogMemory: Platform Memory Stats for Windows
[2023.07.24-05.44.32:684][  0]LogMemory: Process Physical Memory: 148.03 MB used, 148.04 MB peak
[2023.07.24-05.44.32:684][  0]LogMemory: Process Virtual Memory: 126.59 MB used, 126.59 MB peak
[2023.07.24-05.44.32:685][  0]LogMemory: Physical Memory: 20994.83 MB used,  44377.98 MB free, 65372.80 MB total
[2023.07.24-05.44.32:685][  0]LogMemory: Virtual Memory: 134154648.00 MB used,  63076.74 MB free, 134217728.00 MB total
[2023.07.24-05.44.32:687][  0]LogWindows: WindowsPlatformFeatures enabled
[2023.07.24-05.44.32:710][  0]LogInit: Physics initialised using underlying interface: PhysX
[2023.07.24-05.44.32:711][  0]LogInit: Using OS detected language (en-US).
[2023.07.24-05.44.32:711][  0]LogInit: Using OS detected locale (en-US).
[2023.07.24-05.44.32:712][  0]LogTextLocalizationManager: No specific localization for 'en-US' exists, so the 'en' localization will be used.
[2023.07.24-05.44.32:820][  0]LogInit: Setting process to per monitor DPI aware
[2023.07.24-05.44.32:826][  0]LogWindowsTextInputMethodSystem: Display: IME system deactivated.
[2023.07.24-05.44.32:837][  0]LogSlate: New Slate User Created.  User Index 0, Is Virtual User: 0
[2023.07.24-05.44.32:837][  0]LogSlate: Slate User Registered.  User Index 0, Is Virtual User: 0
[2023.07.24-05.44.32:895][  0]LogD3D11RHI: Loaded GFSDK_Aftermath_Lib.x64.dll
[2023.07.24-05.44.32:897][  0]LogHMD: Failed to initialize OpenVR with code 110
[2023.07.24-05.44.32:897][  0]LogD3D11RHI: D3D11 min allowed feature level: 11_0
[2023.07.24-05.44.32:897][  0]LogD3D11RHI: D3D11 max allowed feature level: 11_0
[2023.07.24-05.44.32:897][  0]LogD3D11RHI: D3D11 adapters:
[2023.07.24-05.44.32:992][  0]LogD3D11RHI:    0. 'NVIDIA GeForce RTX 4060 Ti' (Feature Level 11_0)
[2023.07.24-05.44.32:992][  0]LogD3D11RHI:       7963/0/32686 MB DedicatedVideo/DedicatedSystem/SharedSystem, Outputs:2, VendorId:0x10de
[2023.07.24-05.44.32:993][  0]LogD3D11RHI:    1. 'Microsoft Basic Render Driver' (Feature Level 11_0)
[2023.07.24-05.44.32:993][  0]LogD3D11RHI:       0/0/32686 MB DedicatedVideo/DedicatedSystem/SharedSystem, Outputs:0, VendorId:0x1414
[2023.07.24-05.44.32:993][  0]LogD3D11RHI: Chosen D3D11 Adapter:
[2023.07.24-05.44.32:993][  0]LogD3D11RHI:     Description : NVIDIA GeForce RTX 4060 Ti
[2023.07.24-05.44.32:993][  0]LogD3D11RHI:     VendorId    : 10de
[2023.07.24-05.44.32:993][  0]LogD3D11RHI:     DeviceId    : 2803
[2023.07.24-05.44.32:993][  0]LogD3D11RHI:     SubSysId    : 88f81043
[2023.07.24-05.44.32:993][  0]LogD3D11RHI:     Revision    : 00a1
[2023.07.24-05.44.32:993][  0]LogD3D11RHI:     DedicatedVideoMemory : 8349810688 bytes
[2023.07.24-05.44.32:993][  0]LogD3D11RHI:     DedicatedSystemMemory : 0 bytes
[2023.07.24-05.44.32:993][  0]LogD3D11RHI:     SharedSystemMemory : 34274177024 bytes
[2023.07.24-05.44.32:993][  0]LogD3D11RHI:     AdapterLuid : 0 76842
[2023.07.24-05.44.32:998][  0]LogD3D11RHI: Creating new Direct3DDevice
[2023.07.24-05.44.32:998][  0]LogD3D11RHI:     GPU DeviceId: 0x2803 (for the marketing name, search the web for "GPU Device Id")
[2023.07.24-05.44.32:998][  0]LogWindows: EnumDisplayDevices:
[2023.07.24-05.44.32:998][  0]LogWindows:    0. 'NVIDIA GeForce RTX 4060 Ti' (P:0 D:1)
[2023.07.24-05.44.32:998][  0]LogWindows:    1. 'NVIDIA GeForce RTX 4060 Ti' (P:1 D:1)
[2023.07.24-05.44.32:998][  0]LogWindows:    2. 'NVIDIA GeForce RTX 4060 Ti' (P:0 D:0)
[2023.07.24-05.44.32:998][  0]LogWindows:    3. 'NVIDIA GeForce RTX 4060 Ti' (P:0 D:0)
[2023.07.24-05.44.32:998][  0]LogWindows: DebugString: FoundDriverCount:4 
[2023.07.24-05.44.32:998][  0]LogD3D11RHI:     Adapter Name: NVIDIA GeForce RTX 4060 Ti
[2023.07.24-05.44.32:998][  0]LogD3D11RHI:   Driver Version: 536.40 (internal:31.0.15.3640, unified:536.40)
[2023.07.24-05.44.32:998][  0]LogD3D11RHI:      Driver Date: 6-23-2023
[2023.07.24-05.44.32:998][  0]LogRHI: Texture pool is 5574 MB (70% of 7963 MB)
[2023.07.24-05.44.32:999][  0]LogD3D11RHI: Creating D3DDevice using adapter:
[2023.07.24-05.44.32:999][  0]LogD3D11RHI:     Description : NVIDIA GeForce RTX 4060 Ti
[2023.07.24-05.44.32:999][  0]LogD3D11RHI:     VendorId    : 10de
[2023.07.24-05.44.32:999][  0]LogD3D11RHI:     DeviceId    : 2803
[2023.07.24-05.44.32:999][  0]LogD3D11RHI:     SubSysId    : 88f81043
[2023.07.24-05.44.32:999][  0]LogD3D11RHI:     Revision    : 00a1
[2023.07.24-05.44.32:999][  0]LogD3D11RHI:     DedicatedVideoMemory : 8349810688 bytes
[2023.07.24-05.44.32:999][  0]LogD3D11RHI:     DedicatedSystemMemory : 0 bytes
[2023.07.24-05.44.32:999][  0]LogD3D11RHI:     SharedSystemMemory : 34274177024 bytes
[2023.07.24-05.44.32:999][  0]LogD3D11RHI:     AdapterLuid : 0 76842
[2023.07.24-05.44.33:061][  0]LogD3D11RHI: RHI has support for 64 bit atomics
[2023.07.24-05.44.33:061][  0]LogD3D11RHI: Async texture creation enabled
[2023.07.24-05.44.33:061][  0]LogD3D11RHI: Array index from any shader is supported
[2023.07.24-05.44.33:078][  0]LogD3D11RHI: GPU Timing Frequency: 1000.000000 (Debug: 2 1)
[2023.07.24-05.44.33:092][  0]LogRHI: GeForceNow SDK initialized: 1
[2023.07.24-05.44.33:276][  0]LogTargetPlatformManager: Display: Loaded TargetPlatform 'AllDesktop'
[2023.07.24-05.44.33:287][  0]LogTargetPlatformManager: Display: Loaded TargetPlatform 'Android'
[2023.07.24-05.44.33:287][  0]LogTargetPlatformManager: Display: Loaded TargetPlatform 'Android_ASTC'
[2023.07.24-05.44.33:287][  0]LogTargetPlatformManager: Display: Loaded TargetPlatform 'Android_DXT'
[2023.07.24-05.44.33:287][  0]LogTargetPlatformManager: Display: Loaded TargetPlatform 'Android_ETC2'
[2023.07.24-05.44.33:287][  0]LogTargetPlatformManager: Display: Loaded TargetPlatform 'AndroidClient'
[2023.07.24-05.44.33:287][  0]LogTargetPlatformManager: Display: Loaded TargetPlatform 'Android_ASTCClient'
[2023.07.24-05.44.33:287][  0]LogTargetPlatformManager: Display: Loaded TargetPlatform 'Android_DXTClient'
[2023.07.24-05.44.33:287][  0]LogTargetPlatformManager: Display: Loaded TargetPlatform 'Android_ETC2Client'
[2023.07.24-05.44.33:287][  0]LogTargetPlatformManager: Display: Loaded TargetPlatform 'Android_Multi'
[2023.07.24-05.44.33:287][  0]LogTargetPlatformManager: Display: Loaded TargetPlatform 'Android_MultiClient'
[2023.07.24-05.44.33:296][  0]LogTargetPlatformManager: Display: Loaded TargetPlatform 'IOSClient'
[2023.07.24-05.44.33:296][  0]LogTargetPlatformManager: Display: Loaded TargetPlatform 'IOS'
[2023.07.24-05.44.33:302][  0]LogTargetPlatformManager: Display: Loaded TargetPlatform 'Linux'
[2023.07.24-05.44.33:304][  0]LogTargetPlatformManager: Display: Loaded TargetPlatform 'LinuxNoEditor'
[2023.07.24-05.44.33:306][  0]LogTargetPlatformManager: Display: Loaded TargetPlatform 'LinuxClient'
[2023.07.24-05.44.33:309][  0]LogTargetPlatformManager: Display: Loaded TargetPlatform 'LinuxServer'
[2023.07.24-05.44.33:313][  0]LogTargetPlatformManager: Display: Loaded TargetPlatform 'LinuxAArch64NoEditor'
[2023.07.24-05.44.33:315][  0]LogTargetPlatformManager: Display: Loaded TargetPlatform 'LinuxAArch64Client'
[2023.07.24-05.44.33:318][  0]LogTargetPlatformManager: Display: Loaded TargetPlatform 'LinuxAArch64Server'
[2023.07.24-05.44.33:330][  0]LogTargetPlatformManager: Display: Loaded TargetPlatform 'Lumin'
[2023.07.24-05.44.33:330][  0]LogTargetPlatformManager: Display: Loaded TargetPlatform 'LuminClient'
[2023.07.24-05.44.33:334][  0]LogTargetPlatformManager: Display: Loaded TargetPlatform 'MacNoEditor'
[2023.07.24-05.44.33:337][  0]LogTargetPlatformManager: Display: Loaded TargetPlatform 'Mac'
[2023.07.24-05.44.33:339][  0]LogTargetPlatformManager: Display: Loaded TargetPlatform 'MacClient'
[2023.07.24-05.44.33:341][  0]LogTargetPlatformManager: Display: Loaded TargetPlatform 'MacServer'
[2023.07.24-05.44.33:346][  0]LogTargetPlatformManager: Display: Loaded TargetPlatform 'TVOSClient'
[2023.07.24-05.44.33:346][  0]LogTargetPlatformManager: Display: Loaded TargetPlatform 'TVOS'
[2023.07.24-05.44.33:350][  0]LogTargetPlatformManager: Display: Loaded TargetPlatform 'WindowsNoEditor'
[2023.07.24-05.44.33:352][  0]LogTargetPlatformManager: Display: Loaded TargetPlatform 'Windows'
[2023.07.24-05.44.33:354][  0]LogTargetPlatformManager: Display: Loaded TargetPlatform 'WindowsClient'
[2023.07.24-05.44.33:356][  0]LogTargetPlatformManager: Display: Loaded TargetPlatform 'WindowsServer'
[2023.07.24-05.44.33:357][  0]LogTargetPlatformManager: Display: Building Assets For Windows
[2023.07.24-05.44.33:360][  0]LogAudioDebug: Display: Lib vorbis DLL was dynamically loaded.
[2023.07.24-05.44.33:377][  0]LogTextureFormatOodle: Display: Oodle Texture 2.9.0 init RDO Off
[2023.07.24-05.44.33:392][  0]LogRendererCore: Ray tracing is disabled. Reason: r.RayTracing=0.
[2023.07.24-05.44.33:392][  0]LogShaderCompilers: Guid format shader working directory is -17 characters bigger than the processId version (../../../../../../Users/james/Projects/SNHU/GAM312/JamesStimac/Intermediate/Shaders/WorkingDirectory/28584/).
[2023.07.24-05.44.33:392][  0]LogShaderCompilers: Cleaned the shader compiler working directory 'C:/Users/james/AppData/Local/Temp/UnrealShaderWorkingDir/4DFA668A4E5C34BC4FEE6DBFFEB08D86/'.
[2023.07.24-05.44.33:392][  0]LogXGEController: Cannot use XGE Controller as Incredibuild is not installed on this machine.
[2023.07.24-05.44.33:392][  0]LogShaderCompilers: Cannot use XGE Shader Compiler as Incredibuild is not installed on this machine.
[2023.07.24-05.44.33:392][  0]LogShaderCompilers: Display: Using Local Shader Compiler.
[2023.07.24-05.44.33:870][  0]LogDerivedDataCache: Display: Max Cache Size: 512 MB
[2023.07.24-05.44.33:909][  0]LogDerivedDataCache: Loaded boot cache 0.04s 99MB C:/Users/james/AppData/Local/UnrealEngine/4.27/DerivedDataCache/Boot.ddc.
[2023.07.24-05.44.33:909][  0]LogDerivedDataCache: Display: Loaded Boot cache: C:/Users/james/AppData/Local/UnrealEngine/4.27/DerivedDataCache/Boot.ddc
[2023.07.24-05.44.33:909][  0]LogDerivedDataCache: FDerivedDataBackendGraph:  Pak pak cache file ../../../../../../Users/james/Projects/SNHU/GAM312/JamesStimac/DerivedDataCache/DDC.ddp not found, will not use a pak cache.
[2023.07.24-05.44.33:909][  0]LogDerivedDataCache: Unable to find inner node Pak for hierarchical cache Hierarchy.
[2023.07.24-05.44.33:909][  0]LogDerivedDataCache: FDerivedDataBackendGraph:  CompressedPak pak cache file ../../../../../../Users/james/Projects/SNHU/GAM312/JamesStimac/DerivedDataCache/Compressed.ddp not found, will not use a pak cache.
[2023.07.24-05.44.33:909][  0]LogDerivedDataCache: Unable to find inner node CompressedPak for hierarchical cache Hierarchy.
[2023.07.24-05.44.33:921][  0]LogDerivedDataCache: Display: Pak cache opened for reading ../../../Engine/DerivedDataCache/Compressed.ddp.
[2023.07.24-05.44.33:921][  0]LogDerivedDataCache: FDerivedDataBackendGraph:  EnterprisePak pak cache file ../../../Enterprise/DerivedDataCache/Compressed.ddp not found, will not use a pak cache.
[2023.07.24-05.44.33:921][  0]LogDerivedDataCache: Unable to find inner node EnterprisePak for hierarchical cache Hierarchy.
[2023.07.24-05.44.33:925][  0]LogDerivedDataCache: Speed tests for C:/Users/james/AppData/Local/UnrealEngine/Common/DerivedDataCache took 0.00 seconds
[2023.07.24-05.44.33:925][  0]LogDerivedDataCache: Display: Performance to C:/Users/james/AppData/Local/UnrealEngine/Common/DerivedDataCache: Latency=0.02ms. RandomReadSpeed=1751.15MBs, RandomWriteSpeed=242.92MBs. Assigned SpeedClass 'Local'
[2023.07.24-05.44.33:927][  0]LogDerivedDataCache: Using Local data cache path C:/Users/james/AppData/Local/UnrealEngine/Common/DerivedDataCache: Writable
[2023.07.24-05.44.33:927][  0]LogDerivedDataCache: Shared data cache path not found in *engine.ini, will not use an Shared cache.
[2023.07.24-05.44.33:927][  0]LogDerivedDataCache: Unable to find inner node Shared for hierarchical cache Hierarchy.
[2023.07.24-05.44.33:957][  0]LogSlate: Using FreeType 2.10.0
[2023.07.24-05.44.33:958][  0]LogSlate: SlateFontServices - WITH_FREETYPE: 1, WITH_HARFBUZZ: 1
[2023.07.24-05.44.33:974][  0]LogAssetRegistry: FAssetRegistry took 0.0017 seconds to start up
[2023.07.24-05.44.34:099][  0]LogInit: Selected Device Profile: [Windows]
[2023.07.24-05.44.34:100][  0]LogInit: Active device profile: [00000264F2E47A00][00000264F11A6300 49] Windows
[2023.07.24-05.44.34:100][  0]LogInit: Profiles: [00000264F2E47A00][00000264F11A6300 49] Windows, [00000264F2DFC700][00000264F11AE480 49] WindowsNoEditor, [00000264F2E44700][00000264F11B2600 49] WindowsServer, [00000264F2DFD200][00000264F11AA740 49] WindowsClient, [00000264F2E45100][00000264F11B6880 49] IOS, [00000264F2DFF500][00000264F11BA9C0 49] iPadAir, [00000264F2E47400][00000264F11BEB00 49] iPadAir2, [00000264F2D9F900][00000264F11CADC0 49] IPadPro, [00000264F2D9FA00][00000264F11C6E00 49] iPadAir3, [00000264F2E46E00][00000264F3432F80 49] iPadAir4, [00000264F2D9CC00][00000264F3437100 49] iPadMini2, [00000264F2E47500][00000264F343B280 49] iPadMini3, [00000264F2D9E900][00000264F343F400 49] iPadMini4, [00000264F2E46A00][00000264F3443580 49] iPadMini5, [00000264F2DFB200][00000264F344B840 49] iPhone6, [00000264F2DFB300][00000264F3447880 49] iPodTouch6, [00000264F2D9E000][00000264F3453B40 49] iPhone7, [00000264F2D9E100][00000264F344FB80 49] iPodTouch7, [00000264F2DF8B00][00000264F3456180 49] iPhone5S, [00000264F2D9FE00][00000264F345A300 49] iPhone6Plus, [00000264F2DFAA00][00000264F345E480 49] iPhone6S, [00000264F2D9D100][00000264F3462600 49] iPhone6SPlus, [00000264F2DFB000][00000264F3466780 49] iPhone7Plus, [00000264F2D9D300][00000264F346A900 49] iPhoneSE, [00000264F2DFA200][00000264F11C2A40 49] iPhone8, [00000264F2D9EC00][00000264F346EB80 49] iPhone8Plus, [00000264F2DFB600][00000264F3472CC0 49] iPhoneX, [00000264F2D9FC00][00000264F347AE40 49] iPhoneXS, [00000264F2DF8700][00000264F347EFC0 49] iPhoneXSMax, [00000264F2D9F100][00000264F3483140 49] iPhoneXR, [00000264F2DFAB00][00000264F34872C0 49] iPhone11, [00000264F2D9EE00][00000264F348B440 49] iPhone11Pro, [00000264F2DFA100][00000264F348F5C0 49] iPhone11ProMax, [00000264F2D9CA00][00000264F3493740 49] iPhoneSE2, [00000264F2DFA400][00000264F34978C0 49] iPhone12Mini, [00000264F2D9D400][00000264F349BA40 49] iPhone12, [00000264F2DF8D00][00000264F349FBC0 49] iPhone12Pro, [00000264F2D9DE00][00000264F34A21C0 49] iPhone12ProMax, [00000264F2DF8C00][00000264F34A6340 49] iPadPro105, [00000264F2D9DD00][00000264F34AA4C0 49] iPadPro129, [00000264F2DF9800][00000264F34AE640 49] iPadPro97, [00000264F2D9E400][00000264F34B27C0 49] iPadPro2_129, [00000264F2DF8600][00000264F34B6940 49] iPad5, [00000264F2D9FB00][00000264F34BAAC0 49] iPad6, [00000264F2DFB500][00000264F3476C00 49] iPad7, [00000264F2D9C400][00000264F34BED40 49] iPad8, [00000264F2DFB400][00000264F34C2E80 49] iPadPro11, [00000264F2D9DC00][00000264F34C6FC0 49] iPadPro2_11, [00000264F2DF9D00][00000264F34CF140 49] iPadPro3_129, [00000264F2D9F700][00000264F34D32C0 49] iPadPro4_129, [00000264F2DF9400][00000264F34D7440 49] AppleTV, [00000264F2D9ED00][00000264F34DB5C0 49] AppleTV4K, [00000264F2DF9300][00000264F34DF740 49] TVOS, [00000264F2D9E500][00000264F34E38C0 49] Mac, [00000264F2DFAC00][00000264F34E7A40 49] MacClient, [00000264F2D9D800][00000264F34EBBC0 49] MacNoEditor, [00000264F2DF8900][00000264F34EE1C0 49] MacServer, [00000264F2D9C800][00000264F34F2340 49] Linux, [00000264F2DFCB00][00000264F34F64C0 49] LinuxAArch64, [00000264F2E91300][00000264F34FA640 49] LinuxNoEditor, [00000264F2DFED00][00000264F34FE7C0 49] LinuxAArch64NoEditor, [00000264F2E90B00][00000264F3502940 49] LinuxClient, [00000264F2DFD000][00000264F3506AC0 49] LinuxAArch64Client, [00000264F2E91700][00000264F350AC40 49] LinuxServer, [00000264F2DFD700][00000264F34CAD80 49] LinuxAArch64Server, [00000264F2E92200][00000264F350EEC0 49] Android, [00000264F2DFE700][00000264F3513000 49] Android_Low, [00000264F2E90700][00000264F3517140 49] Android_Mid, [00000264F2DFE900][00000264F351F2C0 49] Android_High, [00000264F2E91F00][00000264F3523440 49] Android_Default, [00000264F2DFC500][00000264F35275C0 49] Android_Adreno4xx, [00000264F2E90E00][00000264F352B740 49] Android_Adreno5xx_Low, [00000264F2DFC400][00000264F352F8C0 49] Android_Adreno5xx, [00000264F2E90500][00000264F3533A40 49] Android_Adreno6xx, [00000264F2DFF100][00000264F3537BC0 49] Android_Adreno6xx_Vulkan, [00000264F2E90400][00000264F353A1C0 49] Android_Mali_T6xx, [00000264F2DFCC00][00000264F353E340 49] Android_Mali_T7xx, [00000264F2E92000][00000264F35424C0 49] Android_Mali_T8xx, [00000264F2DFC200][00000264F3546640 49] Android_Mali_G71, [00000264F2E90600][00000264F354A7C0 49] Android_Mali_G72, [00000264F2DFDD00][00000264F354E940 49] Android_Mali_G72_Vulkan, [00000264F2E91200][00000264F3552AC0 49] Android_Mali_G76, [00000264F2D9C100][00000264F3556C40 49] Android_Mali_G76_Vulkan, [00000264F2E91600][00000264F355ADC0 49] Android_Mali_G77, [00000264F2D9D200][00000264F355EF40 49] Android_Mali_G77_Vulkan, [00000264F2E92F00][00000264F351B080 49] Android_Mali_G78, [00000264F2D9C200][00000264F35631C0 49] Android_Mali_G78_Vulkan, [00000264F2E93000][00000264F3567300 49] Android_Mali_G710, [00000264F2D9F000][00000264F356F480 49] Android_Mali_G710_Vulkan, [00000264F2E91400][00000264F3573600 49] Android_Vulkan_SM5, [00000264F2D9EA00][00000264F3577780 49] Android_PowerVR_G6xxx, [00000264F2E92C00][00000264F357B900 49] Android_PowerVR_GT7xxx, [00000264F2D9F300][00000264F357FA80 49] Android_PowerVR_GE8xxx, [00000264F2E91B00][00000264F3583C00 49] Android_PowerVR_GM9xxx, [00000264F2D9FD00][00000264F3586200 49] Android_PowerVR_GM9xxx_Vulkan, [00000264F2E92E00][00000264F358A380 49] Android_TegraK1, [00000264F2D9E300][00000264F358E500 49] Android_Unknown_Vulkan, [00000264F2E90200][00000264F3592680 49] Lumin, [00000264F2D9CD00][00000264F3596800 49] Lumin_Desktop, [00000264F2E91500][00000264F359A980 49] HoloLens, 
[2023.07.24-05.44.34:170][  0]LogMeshReduction: Using QuadricMeshReduction for automatic static mesh reduction
[2023.07.24-05.44.34:170][  0]LogMeshReduction: Using SimplygonMeshReduction for automatic skeletal mesh reduction
[2023.07.24-05.44.34:170][  0]LogMeshReduction: Using ProxyLODMeshReduction for automatic mesh merging
[2023.07.24-05.44.34:170][  0]LogMeshReduction: No distributed automatic mesh merging module available
[2023.07.24-05.44.34:170][  0]LogMeshMerging: No distributed automatic mesh merging module available
[2023.07.24-05.44.34:181][  0]LogNetVersion: JamesStimac 1.0.0, NetCL: 17155196, EngineNetVer: 17, GameNetVer: 0 (Checksum: 2357586771)
[2023.07.24-05.44.34:399][  0]LogTexture: Default maximum texture size for cubemaps generated from long-lat sources has been changed from 512 to unlimited. In order to preserve old behaiour for '/Engine/MapTemplates/Sky/DaylightAmbientCubemap.DaylightAmbientCubemap', its maximum texture size has been explicitly set to 512.
[2023.07.24-05.44.34:434][  0]LogHMD: PokeAHoleMaterial loaded successfully
[2023.07.24-05.44.34:437][  0]LogUObjectArray: 17178 objects as part of root set at end of initial load.
[2023.07.24-05.44.34:437][  0]LogUObjectAllocator: 4302048 out of 0 bytes used by permanent object pool.
[2023.07.24-05.44.34:437][  0]LogUObjectArray: CloseDisregardForGC: 0/0 objects in disregard for GC pool
[2023.07.24-05.44.34:532][  0]LogNiagaraDebuggerClient: Niagara Debugger Client Initialized | Session: A3D232304B4C63F8F0AFABABB7FC34AA | Instance: 7E7CDA59458DAF3EF0DC438378F33BE7 (CHYLSTATION-28584).
[2023.07.24-05.44.34:596][  0]LogTcpMessaging: Initializing TcpMessaging bridge
[2023.07.24-05.44.34:598][  0]LogUdpMessaging: Initializing bridge on interface 0.0.0.0:0 to multicast group 230.0.0.1:6666.
[2023.07.24-05.44.34:678][  0]LogPython: Using Python 3.7.7
[2023.07.24-05.44.35:487][  0]LogWindows: Error: === Critical error: ===
[2023.07.24-05.44.35:487][  0]LogWindows: Error: 
[2023.07.24-05.44.35:487][  0]LogWindows: Error: Fatal error!
[2023.07.24-05.44.35:487][  0]LogWindows: Error: 
[2023.07.24-05.44.35:487][  0]LogWindows: Error: Unhandled Exception: EXCEPTION_ACCESS_VIOLATION reading address 0x00000000000001d0
[2023.07.24-05.44.35:487][  0]LogWindows: Error: 
[2023.07.24-05.44.35:487][  0]LogWindows: Error: [Callstack] 0x00007ffc1230ff4d UE4Editor-Engine.dll!UnknownFunction []
[2023.07.24-05.44.35:487][  0]LogWindows: Error: [Callstack] 0x00007ffbf45f39da UE4Editor-JamesStimac-0123.dll!AHerbActor::AHerbActor() [C:\Users\james\Projects\SNHU\GAM312\JamesStimac\Source\JamesStimac\HerbActor.cpp:18]
[2023.07.24-05.44.35:487][  0]LogWindows: Error: [Callstack] 0x00007ffc2c8061d3 UE4Editor-CoreUObject.dll!UnknownFunction []
[2023.07.24-05.44.35:487][  0]LogWindows: Error: [Callstack] 0x00007ffc2cb28faf UE4Editor-CoreUObject.dll!UnknownFunction []
[2023.07.24-05.44.35:487][  0]LogWindows: Error: [Callstack] 0x00007ffc2cb05411 UE4Editor-CoreUObject.dll!UnknownFunction []
[2023.07.24-05.44.35:487][  0]LogWindows: Error: [Callstack] 0x00007ffc2c9cddc5 UE4Editor-CoreUObject.dll!UnknownFunction []
[2023.07.24-05.44.35:487][  0]LogWindows: Error: [Callstack] 0x00007ffc33961bea UE4Editor-Core.dll!UnknownFunction []
[2023.07.24-05.44.35:487][  0]LogWindows: Error: [Callstack] 0x00007ffc339815a3 UE4Editor-Core.dll!UnknownFunction []
[2023.07.24-05.44.35:487][  0]LogWindows: Error: [Callstack] 0x00007ffc51f66433 UE4Editor-Projects.dll!UnknownFunction []
[2023.07.24-05.44.35:487][  0]LogWindows: Error: [Callstack] 0x00007ffc51f6674f UE4Editor-Projects.dll!UnknownFunction []
[2023.07.24-05.44.35:487][  0]LogWindows: Error: [Callstack] 0x00007ff685df5642 UE4Editor.exe!UnknownFunction []
[2023.07.24-05.44.35:487][  0]LogWindows: Error: [Callstack] 0x00007ff685df9000 UE4Editor.exe!UnknownFunction []
[2023.07.24-05.44.35:487][  0]LogWindows: Error: [Callstack] 0x00007ff685df0d2c UE4Editor.exe!UnknownFunction []
[2023.07.24-05.44.35:487][  0]LogWindows: Error: [Callstack] 0x00007ff685df10ba UE4Editor.exe!UnknownFunction []
[2023.07.24-05.44.35:487][  0]LogWindows: Error: [Callstack] 0x00007ff685df40dd UE4Editor.exe!UnknownFunction []
[2023.07.24-05.44.35:487][  0]LogWindows: Error: [Callstack] 0x00007ff685e05984 UE4Editor.exe!UnknownFunction []
[2023.07.24-05.44.35:487][  0]LogWindows: Error: [Callstack] 0x00007ff685e0853a UE4Editor.exe!UnknownFunction []
[2023.07.24-05.44.35:487][  0]LogWindows: Error: [Callstack] 0x00007ffc8efb7614 KERNEL32.DLL!UnknownFunction []
[2023.07.24-05.44.35:487][  0]LogWindows: Error: [Callstack] 0x00007ffc8f5c26b1 ntdll.dll!UnknownFunction []
[2023.07.24-05.44.35:487][  0]LogWindows: Error: 
[2023.07.24-05.44.35:499][  0]LogExit: Executing StaticShutdownAfterError
[2023.07.24-05.44.35:500][  0]LogWindows: FPlatformMisc::RequestExit(1)
[2023.07.24-05.44.35:500][  0]LogWindows: FPlatformMisc::RequestExitWithStatus(1, 3)
[2023.07.24-05.44.35:500][  0]LogCore: Engine exit requested (reason: Win RequestExit)
[2023.07.24-05.44.35:509][  0]Log file closed, 07/24/23 01:44:35
